ARM GAS  /tmp/cctu88xh.s 			page 1


   1              		.cpu cortex-m0plus
   2              		.arch armv6s-m
   3              		.fpu softvfp
   4              		.eabi_attribute 20, 1
   5              		.eabi_attribute 21, 1
   6              		.eabi_attribute 23, 3
   7              		.eabi_attribute 24, 1
   8              		.eabi_attribute 25, 1
   9              		.eabi_attribute 26, 1
  10              		.eabi_attribute 30, 1
  11              		.eabi_attribute 34, 0
  12              		.eabi_attribute 18, 4
  13              		.file	"servo.c"
  14              		.text
  15              	.Ltext0:
  16              		.cfi_sections	.debug_frame
  17              		.file 1 "Core/Src/servo.c"
  18              		.section	.text.servo_read_bytes,"ax",%progbits
  19              		.align	1
  20              		.syntax unified
  21              		.code	16
  22              		.thumb_func
  24              	servo_read_bytes:
  25              	.LVL0:
  26              	.LFB367:
   1:Core/Src/servo.c **** #include "servo.h"
   2:Core/Src/servo.c **** #include <string.h>
   3:Core/Src/servo.c **** 
   4:Core/Src/servo.c **** #define SERVO_TIMEOUT_MS 50
   5:Core/Src/servo.c **** #define MAX_PACKET_SIZE 64
   6:Core/Src/servo.c **** #define BROADCAST_ID 0xFE
   7:Core/Src/servo.c **** 
   8:Core/Src/servo.c **** // Instructions
   9:Core/Src/servo.c **** #define INST_READ 0x02
  10:Core/Src/servo.c **** #define INST_WRITE 0x03
  11:Core/Src/servo.c **** 
  12:Core/Src/servo.c **** // SCS0009 Registers
  13:Core/Src/servo.c **** #define SCS0009_TORQUE_ENABLE 40
  14:Core/Src/servo.c **** #define SCS0009_GOAL_POSITION_L 42
  15:Core/Src/servo.c **** #define SCS0009_GOAL_POSITION_H 43
  16:Core/Src/servo.c **** #define SCS0009_GOAL_TIME_L 44
  17:Core/Src/servo.c **** #define SCS0009_GOAL_TIME_H 45
  18:Core/Src/servo.c **** #define SCS0009_GOAL_SPEED_L 46
  19:Core/Src/servo.c **** #define SCS0009_GOAL_SPEED_H 47
  20:Core/Src/servo.c **** #define SCS0009_PRESENT_POSITION_L 56
  21:Core/Src/servo.c **** #define SCS0009_PRESENT_POSITION_H 57
  22:Core/Src/servo.c **** 
  23:Core/Src/servo.c **** // External UART handle
  24:Core/Src/servo.c **** extern UART_HandleTypeDef huart1;
  25:Core/Src/servo.c **** 
  26:Core/Src/servo.c **** // Store servo ID after initialization
  27:Core/Src/servo.c **** static uint8_t servo_id = -1;
  28:Core/Src/servo.c **** 
  29:Core/Src/servo.c **** static servo_status_t servo_write_packet(uint8_t id, uint8_t addr,
  30:Core/Src/servo.c ****                                          uint8_t *data, uint8_t len,
  31:Core/Src/servo.c ****                                          uint8_t cmd)
  32:Core/Src/servo.c **** {
ARM GAS  /tmp/cctu88xh.s 			page 2


  33:Core/Src/servo.c ****   // Check length
  34:Core/Src/servo.c ****   if (len > MAX_PACKET_SIZE)
  35:Core/Src/servo.c ****   {
  36:Core/Src/servo.c ****     return SERVO_TX_ERROR;
  37:Core/Src/servo.c ****   }
  38:Core/Src/servo.c **** 
  39:Core/Src/servo.c ****   uint8_t msg_len = 3 + (data ? len : 0);
  40:Core/Src/servo.c ****   uint8_t checksum = id + msg_len + cmd + addr;
  41:Core/Src/servo.c **** 
  42:Core/Src/servo.c ****   uint8_t buf[6 + MAX_PACKET_SIZE] = {0};
  43:Core/Src/servo.c **** 
  44:Core/Src/servo.c ****   buf[0] = 0xFF; // Header
  45:Core/Src/servo.c ****   buf[1] = 0xFF; // Header
  46:Core/Src/servo.c ****   buf[2] = id;
  47:Core/Src/servo.c ****   buf[3] = msg_len;
  48:Core/Src/servo.c ****   buf[4] = cmd;
  49:Core/Src/servo.c ****   buf[5] = addr;
  50:Core/Src/servo.c **** 
  51:Core/Src/servo.c ****   // Copy data and calculate checksum
  52:Core/Src/servo.c ****   if (data)
  53:Core/Src/servo.c ****   {
  54:Core/Src/servo.c ****     memcpy(&buf[6], data, len);
  55:Core/Src/servo.c ****     for (uint8_t i = 0; i < len; ++i)
  56:Core/Src/servo.c ****     {
  57:Core/Src/servo.c ****       checksum += data[i];
  58:Core/Src/servo.c ****     }
  59:Core/Src/servo.c ****   }
  60:Core/Src/servo.c **** 
  61:Core/Src/servo.c ****   buf[6 + len] = ~checksum; // Invert bits for checksum
  62:Core/Src/servo.c **** 
  63:Core/Src/servo.c ****   // Clear any pending error flags and flush RX buffer
  64:Core/Src/servo.c ****   __HAL_UART_CLEAR_FLAG(&huart1, UART_CLEAR_PEF | UART_CLEAR_FEF |
  65:Core/Src/servo.c ****                                      UART_CLEAR_NEF | UART_CLEAR_OREF);
  66:Core/Src/servo.c ****   __HAL_UART_SEND_REQ(&huart1, UART_RXDATA_FLUSH_REQUEST);
  67:Core/Src/servo.c **** 
  68:Core/Src/servo.c ****   // Enable transmitter
  69:Core/Src/servo.c ****   HAL_HalfDuplex_EnableTransmitter(&huart1);
  70:Core/Src/servo.c **** 
  71:Core/Src/servo.c ****   // Transmit TX buffer via TXE polling
  72:Core/Src/servo.c ****   uint8_t tx_len = 6 + len + 1;
  73:Core/Src/servo.c ****   uint32_t tx_timeout = HAL_GetTick() + SERVO_TIMEOUT_MS;
  74:Core/Src/servo.c ****   for (uint8_t i = 0; i < tx_len; i++)
  75:Core/Src/servo.c ****   {
  76:Core/Src/servo.c ****     while (!__HAL_UART_GET_FLAG(&huart1, UART_FLAG_TXE))
  77:Core/Src/servo.c ****     {
  78:Core/Src/servo.c ****       if (HAL_GetTick() >= tx_timeout)
  79:Core/Src/servo.c ****       {
  80:Core/Src/servo.c ****         return SERVO_TX_ERROR;
  81:Core/Src/servo.c ****       }
  82:Core/Src/servo.c ****     }
  83:Core/Src/servo.c ****     huart1.Instance->TDR = buf[i];
  84:Core/Src/servo.c ****   }
  85:Core/Src/servo.c ****   // Wait for last byte to finish transmitting
  86:Core/Src/servo.c ****   while (!__HAL_UART_GET_FLAG(&huart1, UART_FLAG_TC))
  87:Core/Src/servo.c ****   {
  88:Core/Src/servo.c ****     if (HAL_GetTick() >= tx_timeout)
  89:Core/Src/servo.c ****     {
ARM GAS  /tmp/cctu88xh.s 			page 3


  90:Core/Src/servo.c ****       return SERVO_TX_ERROR;
  91:Core/Src/servo.c ****     }
  92:Core/Src/servo.c ****   }
  93:Core/Src/servo.c **** 
  94:Core/Src/servo.c ****   // Enable receiver
  95:Core/Src/servo.c ****   HAL_HalfDuplex_EnableReceiver(&huart1);
  96:Core/Src/servo.c **** 
  97:Core/Src/servo.c ****   return SERVO_OK;
  98:Core/Src/servo.c **** }
  99:Core/Src/servo.c **** 
 100:Core/Src/servo.c **** static servo_status_t servo_read_bytes(uint8_t *buf, uint8_t len)
 101:Core/Src/servo.c **** {
  27              		.loc 1 101 1 view -0
  28              		.cfi_startproc
  29              		@ args = 0, pretend = 0, frame = 0
  30              		@ frame_needed = 0, uses_anonymous_args = 0
  31              		.loc 1 101 1 is_stmt 0 view .LVU1
  32 0000 F8B5     		push	{r3, r4, r5, r6, r7, lr}
  33              	.LCFI0:
  34              		.cfi_def_cfa_offset 24
  35              		.cfi_offset 3, -24
  36              		.cfi_offset 4, -20
  37              		.cfi_offset 5, -16
  38              		.cfi_offset 6, -12
  39              		.cfi_offset 7, -8
  40              		.cfi_offset 14, -4
  41 0002 0700     		movs	r7, r0
  42 0004 0E00     		movs	r6, r1
 102:Core/Src/servo.c ****   // Clear any pending error flags
 103:Core/Src/servo.c ****   __HAL_UART_CLEAR_FLAG(&huart1, UART_CLEAR_PEF | UART_CLEAR_FEF |
  43              		.loc 1 103 3 is_stmt 1 view .LVU2
  44 0006 0E4B     		ldr	r3, .L9
  45 0008 1B68     		ldr	r3, [r3]
  46 000a 0F22     		movs	r2, #15
  47 000c 1A62     		str	r2, [r3, #32]
 104:Core/Src/servo.c ****                                      UART_CLEAR_NEF | UART_CLEAR_OREF);
 105:Core/Src/servo.c **** 
 106:Core/Src/servo.c ****   uint32_t rx_timeout = HAL_GetTick() + SERVO_TIMEOUT_MS;
  48              		.loc 1 106 3 view .LVU3
  49              		.loc 1 106 25 is_stmt 0 view .LVU4
  50 000e FFF7FEFF 		bl	HAL_GetTick
  51              	.LVL1:
  52              		.loc 1 106 12 discriminator 1 view .LVU5
  53 0012 3230     		adds	r0, r0, #50
  54 0014 0400     		movs	r4, r0
  55              	.LVL2:
 107:Core/Src/servo.c ****   for (uint8_t i = 0; i < len; i++)
  56              		.loc 1 107 3 is_stmt 1 view .LVU6
  57              	.LBB2:
  58              		.loc 1 107 8 view .LVU7
  59              		.loc 1 107 16 is_stmt 0 view .LVU8
  60 0016 0025     		movs	r5, #0
  61              	.LVL3:
  62              	.L2:
  63              		.loc 1 107 25 is_stmt 1 discriminator 1 view .LVU9
  64 0018 B542     		cmp	r5, r6
  65 001a 0FD2     		bcs	.L7
ARM GAS  /tmp/cctu88xh.s 			page 4


  66              	.L5:
 108:Core/Src/servo.c ****   {
 109:Core/Src/servo.c ****     // Poll RXNE until a byte arrives or timeout
 110:Core/Src/servo.c ****     while (!__HAL_UART_GET_FLAG(&huart1, UART_FLAG_RXNE))
  67              		.loc 1 110 12 view .LVU10
  68              		.loc 1 110 13 is_stmt 0 view .LVU11
  69 001c 084B     		ldr	r3, .L9
  70 001e 1A68     		ldr	r2, [r3]
  71 0020 D369     		ldr	r3, [r2, #28]
  72              		.loc 1 110 12 view .LVU12
  73 0022 9B06     		lsls	r3, r3, #26
  74 0024 05D4     		bmi	.L8
 111:Core/Src/servo.c ****     {
 112:Core/Src/servo.c ****       if (HAL_GetTick() >= rx_timeout)
  75              		.loc 1 112 7 is_stmt 1 view .LVU13
  76              		.loc 1 112 11 is_stmt 0 view .LVU14
  77 0026 FFF7FEFF 		bl	HAL_GetTick
  78              	.LVL4:
  79              		.loc 1 112 10 discriminator 1 view .LVU15
  80 002a A042     		cmp	r0, r4
  81 002c F6D3     		bcc	.L5
 113:Core/Src/servo.c ****       {
 114:Core/Src/servo.c ****         return SERVO_RX_ERROR;
  82              		.loc 1 114 16 view .LVU16
  83 002e 0620     		movs	r0, #6
  84              	.L3:
  85              	.LBE2:
 115:Core/Src/servo.c ****       }
 116:Core/Src/servo.c ****     }
 117:Core/Src/servo.c ****     buf[i] = (uint8_t)(huart1.Instance->RDR & 0xFF);
 118:Core/Src/servo.c ****   }
 119:Core/Src/servo.c ****   return SERVO_OK;
 120:Core/Src/servo.c **** }
  86              		.loc 1 120 1 view .LVU17
  87              		@ sp needed
  88              	.LVL5:
  89              	.LVL6:
  90              	.LVL7:
  91              	.LVL8:
  92              		.loc 1 120 1 view .LVU18
  93 0030 F8BD     		pop	{r3, r4, r5, r6, r7, pc}
  94              	.LVL9:
  95              	.L8:
  96              	.LBB3:
 117:Core/Src/servo.c ****   }
  97              		.loc 1 117 5 is_stmt 1 view .LVU19
 117:Core/Src/servo.c ****   }
  98              		.loc 1 117 39 is_stmt 0 view .LVU20
  99 0032 536A     		ldr	r3, [r2, #36]
 117:Core/Src/servo.c ****   }
 100              		.loc 1 117 12 view .LVU21
 101 0034 7B55     		strb	r3, [r7, r5]
 107:Core/Src/servo.c ****   {
 102              		.loc 1 107 33 is_stmt 1 discriminator 2 view .LVU22
 103 0036 0135     		adds	r5, r5, #1
 104              	.LVL10:
 107:Core/Src/servo.c ****   {
ARM GAS  /tmp/cctu88xh.s 			page 5


 105              		.loc 1 107 33 is_stmt 0 discriminator 2 view .LVU23
 106 0038 EDB2     		uxtb	r5, r5
 107              	.LVL11:
 107:Core/Src/servo.c ****   {
 108              		.loc 1 107 33 discriminator 2 view .LVU24
 109 003a EDE7     		b	.L2
 110              	.L7:
 107:Core/Src/servo.c ****   {
 111              		.loc 1 107 33 discriminator 2 view .LVU25
 112              	.LBE3:
 119:Core/Src/servo.c **** }
 113              		.loc 1 119 10 view .LVU26
 114 003c 0020     		movs	r0, #0
 115              	.LBB4:
 116 003e F7E7     		b	.L3
 117              	.L10:
 118              		.align	2
 119              	.L9:
 120 0040 00000000 		.word	huart1
 121              	.LBE4:
 122              		.cfi_endproc
 123              	.LFE367:
 125              		.section	.text.servo_write_packet,"ax",%progbits
 126              		.align	1
 127              		.syntax unified
 128              		.code	16
 129              		.thumb_func
 131              	servo_write_packet:
 132              	.LVL12:
 133              	.LFB366:
  32:Core/Src/servo.c ****   // Check length
 134              		.loc 1 32 1 is_stmt 1 view -0
 135              		.cfi_startproc
 136              		@ args = 4, pretend = 0, frame = 72
 137              		@ frame_needed = 0, uses_anonymous_args = 0
  32:Core/Src/servo.c ****   // Check length
 138              		.loc 1 32 1 is_stmt 0 view .LVU28
 139 0000 F0B5     		push	{r4, r5, r6, r7, lr}
 140              	.LCFI1:
 141              		.cfi_def_cfa_offset 20
 142              		.cfi_offset 4, -20
 143              		.cfi_offset 5, -16
 144              		.cfi_offset 6, -12
 145              		.cfi_offset 7, -8
 146              		.cfi_offset 14, -4
 147 0002 D646     		mov	lr, r10
 148 0004 4F46     		mov	r7, r9
 149 0006 4646     		mov	r6, r8
 150 0008 C0B5     		push	{r6, r7, lr}
 151              	.LCFI2:
 152              		.cfi_def_cfa_offset 32
 153              		.cfi_offset 8, -32
 154              		.cfi_offset 9, -28
 155              		.cfi_offset 10, -24
 156 000a 92B0     		sub	sp, sp, #72
 157              	.LCFI3:
 158              		.cfi_def_cfa_offset 104
ARM GAS  /tmp/cctu88xh.s 			page 6


 159 000c 8046     		mov	r8, r0
 160 000e 0F00     		movs	r7, r1
 161 0010 1600     		movs	r6, r2
 162 0012 1D00     		movs	r5, r3
 163 0014 1AAB     		add	r3, sp, #104
 164              	.LVL13:
  32:Core/Src/servo.c ****   // Check length
 165              		.loc 1 32 1 view .LVU29
 166 0016 1B78     		ldrb	r3, [r3]
 167              	.LVL14:
  32:Core/Src/servo.c ****   // Check length
 168              		.loc 1 32 1 view .LVU30
 169 0018 9A46     		mov	r10, r3
  34:Core/Src/servo.c ****   {
 170              		.loc 1 34 3 is_stmt 1 view .LVU31
  34:Core/Src/servo.c ****   {
 171              		.loc 1 34 6 is_stmt 0 view .LVU32
 172 001a 402D     		cmp	r5, #64
 173 001c 6CD8     		bhi	.L22
  39:Core/Src/servo.c ****   uint8_t checksum = id + msg_len + cmd + addr;
 174              		.loc 1 39 3 is_stmt 1 view .LVU33
  39:Core/Src/servo.c ****   uint8_t checksum = id + msg_len + cmd + addr;
 175              		.loc 1 39 11 is_stmt 0 view .LVU34
 176 001e 002A     		cmp	r2, #0
 177 0020 23D0     		beq	.L23
  39:Core/Src/servo.c ****   uint8_t checksum = id + msg_len + cmd + addr;
 178              		.loc 1 39 11 discriminator 1 view .LVU35
 179 0022 EB1C     		adds	r3, r5, #3
 180 0024 DBB2     		uxtb	r3, r3
 181 0026 9946     		mov	r9, r3
 182              	.L13:
 183              	.LVL15:
  40:Core/Src/servo.c **** 
 184              		.loc 1 40 3 is_stmt 1 view .LVU36
  40:Core/Src/servo.c **** 
 185              		.loc 1 40 25 is_stmt 0 view .LVU37
 186 0028 4C46     		mov	r4, r9
 187 002a 4444     		add	r4, r4, r8
 188 002c E4B2     		uxtb	r4, r4
  40:Core/Src/servo.c **** 
 189              		.loc 1 40 35 view .LVU38
 190 002e 5444     		add	r4, r4, r10
 191 0030 E4B2     		uxtb	r4, r4
  40:Core/Src/servo.c **** 
 192              		.loc 1 40 11 view .LVU39
 193 0032 E419     		adds	r4, r4, r7
 194 0034 E4B2     		uxtb	r4, r4
 195              	.LVL16:
  42:Core/Src/servo.c **** 
 196              		.loc 1 42 3 is_stmt 1 view .LVU40
  42:Core/Src/servo.c **** 
 197              		.loc 1 42 11 is_stmt 0 view .LVU41
 198 0036 4622     		movs	r2, #70
 199              	.LVL17:
  42:Core/Src/servo.c **** 
 200              		.loc 1 42 11 view .LVU42
 201 0038 0021     		movs	r1, #0
ARM GAS  /tmp/cctu88xh.s 			page 7


 202              	.LVL18:
  42:Core/Src/servo.c **** 
 203              		.loc 1 42 11 view .LVU43
 204 003a 6846     		mov	r0, sp
 205              	.LVL19:
  42:Core/Src/servo.c **** 
 206              		.loc 1 42 11 view .LVU44
 207 003c FFF7FEFF 		bl	memset
 208              	.LVL20:
  44:Core/Src/servo.c ****   buf[1] = 0xFF; // Header
 209              		.loc 1 44 3 is_stmt 1 view .LVU45
  44:Core/Src/servo.c ****   buf[1] = 0xFF; // Header
 210              		.loc 1 44 10 is_stmt 0 view .LVU46
 211 0040 FF23     		movs	r3, #255
 212 0042 6A46     		mov	r2, sp
 213 0044 1370     		strb	r3, [r2]
  45:Core/Src/servo.c ****   buf[2] = id;
 214              		.loc 1 45 3 is_stmt 1 view .LVU47
  45:Core/Src/servo.c ****   buf[2] = id;
 215              		.loc 1 45 10 is_stmt 0 view .LVU48
 216 0046 5370     		strb	r3, [r2, #1]
  46:Core/Src/servo.c ****   buf[3] = msg_len;
 217              		.loc 1 46 3 is_stmt 1 view .LVU49
  46:Core/Src/servo.c ****   buf[3] = msg_len;
 218              		.loc 1 46 10 is_stmt 0 view .LVU50
 219 0048 6B46     		mov	r3, sp
 220 004a 4246     		mov	r2, r8
 221 004c 9A70     		strb	r2, [r3, #2]
  47:Core/Src/servo.c ****   buf[4] = cmd;
 222              		.loc 1 47 3 is_stmt 1 view .LVU51
  47:Core/Src/servo.c ****   buf[4] = cmd;
 223              		.loc 1 47 10 is_stmt 0 view .LVU52
 224 004e 4A46     		mov	r2, r9
 225 0050 DA70     		strb	r2, [r3, #3]
  48:Core/Src/servo.c ****   buf[5] = addr;
 226              		.loc 1 48 3 is_stmt 1 view .LVU53
  48:Core/Src/servo.c ****   buf[5] = addr;
 227              		.loc 1 48 10 is_stmt 0 view .LVU54
 228 0052 5246     		mov	r2, r10
 229 0054 1A71     		strb	r2, [r3, #4]
  49:Core/Src/servo.c **** 
 230              		.loc 1 49 3 is_stmt 1 view .LVU55
  49:Core/Src/servo.c **** 
 231              		.loc 1 49 10 is_stmt 0 view .LVU56
 232 0056 5F71     		strb	r7, [r3, #5]
  52:Core/Src/servo.c ****   {
 233              		.loc 1 52 3 is_stmt 1 view .LVU57
  52:Core/Src/servo.c ****   {
 234              		.loc 1 52 6 is_stmt 0 view .LVU58
 235 0058 002E     		cmp	r6, #0
 236 005a 10D0     		beq	.L14
  54:Core/Src/servo.c ****     for (uint8_t i = 0; i < len; ++i)
 237              		.loc 1 54 5 is_stmt 1 view .LVU59
 238 005c 2A00     		movs	r2, r5
 239 005e 3100     		movs	r1, r6
 240 0060 981D     		adds	r0, r3, #6
 241 0062 FFF7FEFF 		bl	memcpy
ARM GAS  /tmp/cctu88xh.s 			page 8


 242              	.LVL21:
  55:Core/Src/servo.c ****     {
 243              		.loc 1 55 5 view .LVU60
 244              	.LBB5:
  55:Core/Src/servo.c ****     {
 245              		.loc 1 55 10 view .LVU61
  55:Core/Src/servo.c ****     {
 246              		.loc 1 55 18 is_stmt 0 view .LVU62
 247 0066 0020     		movs	r0, #0
  55:Core/Src/servo.c ****     {
 248              		.loc 1 55 5 view .LVU63
 249 0068 07E0     		b	.L15
 250              	.LVL22:
 251              	.L23:
  55:Core/Src/servo.c ****     {
 252              		.loc 1 55 5 view .LVU64
 253              	.LBE5:
  39:Core/Src/servo.c ****   uint8_t checksum = id + msg_len + cmd + addr;
 254              		.loc 1 39 11 discriminator 2 view .LVU65
 255 006a 0323     		movs	r3, #3
 256 006c 9946     		mov	r9, r3
 257 006e DBE7     		b	.L13
 258              	.LVL23:
 259              	.L16:
 260              	.LBB6:
  57:Core/Src/servo.c ****     }
 261              		.loc 1 57 7 is_stmt 1 view .LVU66
  57:Core/Src/servo.c ****     }
 262              		.loc 1 57 23 is_stmt 0 view .LVU67
 263 0070 315C     		ldrb	r1, [r6, r0]
  57:Core/Src/servo.c ****     }
 264              		.loc 1 57 16 view .LVU68
 265 0072 0C19     		adds	r4, r1, r4
 266              	.LVL24:
  57:Core/Src/servo.c ****     }
 267              		.loc 1 57 16 view .LVU69
 268 0074 E4B2     		uxtb	r4, r4
 269              	.LVL25:
  55:Core/Src/servo.c ****     {
 270              		.loc 1 55 34 is_stmt 1 discriminator 3 view .LVU70
 271 0076 0130     		adds	r0, r0, #1
 272              	.LVL26:
  55:Core/Src/servo.c ****     {
 273              		.loc 1 55 34 is_stmt 0 discriminator 3 view .LVU71
 274 0078 C0B2     		uxtb	r0, r0
 275              	.LVL27:
 276              	.L15:
  55:Core/Src/servo.c ****     {
 277              		.loc 1 55 27 is_stmt 1 discriminator 1 view .LVU72
 278 007a A842     		cmp	r0, r5
 279 007c F8D3     		bcc	.L16
 280              	.LVL28:
 281              	.L14:
  55:Core/Src/servo.c ****     {
 282              		.loc 1 55 27 is_stmt 0 discriminator 1 view .LVU73
 283              	.LBE6:
  61:Core/Src/servo.c **** 
ARM GAS  /tmp/cctu88xh.s 			page 9


 284              		.loc 1 61 3 is_stmt 1 view .LVU74
  61:Core/Src/servo.c **** 
 285              		.loc 1 61 9 is_stmt 0 view .LVU75
 286 007e AB1D     		adds	r3, r5, #6
  61:Core/Src/servo.c **** 
 287              		.loc 1 61 16 view .LVU76
 288 0080 E443     		mvns	r4, r4
 289              	.LVL29:
  61:Core/Src/servo.c **** 
 290              		.loc 1 61 16 view .LVU77
 291 0082 6A46     		mov	r2, sp
 292 0084 D454     		strb	r4, [r2, r3]
  64:Core/Src/servo.c ****                                      UART_CLEAR_NEF | UART_CLEAR_OREF);
 293              		.loc 1 64 3 is_stmt 1 view .LVU78
 294 0086 1D48     		ldr	r0, .L28
 295 0088 0368     		ldr	r3, [r0]
 296 008a 0F22     		movs	r2, #15
 297 008c 1A62     		str	r2, [r3, #32]
  66:Core/Src/servo.c **** 
 298              		.loc 1 66 3 view .LVU79
 299 008e 9A69     		ldr	r2, [r3, #24]
 300 0090 0821     		movs	r1, #8
 301 0092 0A43     		orrs	r2, r1
 302 0094 9A61     		str	r2, [r3, #24]
  69:Core/Src/servo.c **** 
 303              		.loc 1 69 3 view .LVU80
 304 0096 FFF7FEFF 		bl	HAL_HalfDuplex_EnableTransmitter
 305              	.LVL30:
  72:Core/Src/servo.c ****   uint32_t tx_timeout = HAL_GetTick() + SERVO_TIMEOUT_MS;
 306              		.loc 1 72 3 view .LVU81
  72:Core/Src/servo.c ****   uint32_t tx_timeout = HAL_GetTick() + SERVO_TIMEOUT_MS;
 307              		.loc 1 72 11 is_stmt 0 view .LVU82
 308 009a 0735     		adds	r5, r5, #7
 309              	.LVL31:
  72:Core/Src/servo.c ****   uint32_t tx_timeout = HAL_GetTick() + SERVO_TIMEOUT_MS;
 310              		.loc 1 72 11 view .LVU83
 311 009c EDB2     		uxtb	r5, r5
 312              	.LVL32:
  73:Core/Src/servo.c ****   for (uint8_t i = 0; i < tx_len; i++)
 313              		.loc 1 73 3 is_stmt 1 view .LVU84
  73:Core/Src/servo.c ****   for (uint8_t i = 0; i < tx_len; i++)
 314              		.loc 1 73 25 is_stmt 0 view .LVU85
 315 009e FFF7FEFF 		bl	HAL_GetTick
 316              	.LVL33:
  73:Core/Src/servo.c ****   for (uint8_t i = 0; i < tx_len; i++)
 317              		.loc 1 73 12 discriminator 1 view .LVU86
 318 00a2 3230     		adds	r0, r0, #50
 319 00a4 0400     		movs	r4, r0
 320              	.LVL34:
  74:Core/Src/servo.c ****   {
 321              		.loc 1 74 3 is_stmt 1 view .LVU87
 322              	.LBB7:
  74:Core/Src/servo.c ****   {
 323              		.loc 1 74 8 view .LVU88
  74:Core/Src/servo.c ****   {
 324              		.loc 1 74 16 is_stmt 0 view .LVU89
 325 00a6 0026     		movs	r6, #0
ARM GAS  /tmp/cctu88xh.s 			page 10


 326              	.LVL35:
 327              	.L17:
  74:Core/Src/servo.c ****   {
 328              		.loc 1 74 25 is_stmt 1 discriminator 1 view .LVU90
 329 00a8 AE42     		cmp	r6, r5
 330 00aa 15D2     		bcs	.L20
 331              	.L19:
  76:Core/Src/servo.c ****     {
 332              		.loc 1 76 12 view .LVU91
  76:Core/Src/servo.c ****     {
 333              		.loc 1 76 13 is_stmt 0 view .LVU92
 334 00ac 134B     		ldr	r3, .L28
 335 00ae 1A68     		ldr	r2, [r3]
 336 00b0 D369     		ldr	r3, [r2, #28]
  76:Core/Src/servo.c ****     {
 337              		.loc 1 76 12 view .LVU93
 338 00b2 1B06     		lsls	r3, r3, #24
 339 00b4 0AD4     		bmi	.L26
  78:Core/Src/servo.c ****       {
 340              		.loc 1 78 7 is_stmt 1 view .LVU94
  78:Core/Src/servo.c ****       {
 341              		.loc 1 78 11 is_stmt 0 view .LVU95
 342 00b6 FFF7FEFF 		bl	HAL_GetTick
 343              	.LVL36:
  78:Core/Src/servo.c ****       {
 344              		.loc 1 78 10 discriminator 1 view .LVU96
 345 00ba A042     		cmp	r0, r4
 346 00bc F6D3     		bcc	.L19
  80:Core/Src/servo.c ****       }
 347              		.loc 1 80 16 view .LVU97
 348 00be 0520     		movs	r0, #5
 349              	.LVL37:
 350              	.L12:
  80:Core/Src/servo.c ****       }
 351              		.loc 1 80 16 view .LVU98
 352              	.LBE7:
  98:Core/Src/servo.c **** 
 353              		.loc 1 98 1 view .LVU99
 354 00c0 12B0     		add	sp, sp, #72
 355              		@ sp needed
 356              	.LVL38:
 357              	.LVL39:
  98:Core/Src/servo.c **** 
 358              		.loc 1 98 1 view .LVU100
 359 00c2 E0BC     		pop	{r5, r6, r7}
 360 00c4 BA46     		mov	r10, r7
 361 00c6 B146     		mov	r9, r6
 362 00c8 A846     		mov	r8, r5
 363 00ca F0BD     		pop	{r4, r5, r6, r7, pc}
 364              	.LVL40:
 365              	.L26:
 366              	.LBB8:
  83:Core/Src/servo.c ****   }
 367              		.loc 1 83 5 is_stmt 1 view .LVU101
  83:Core/Src/servo.c ****   }
 368              		.loc 1 83 31 is_stmt 0 view .LVU102
 369 00cc 6B46     		mov	r3, sp
ARM GAS  /tmp/cctu88xh.s 			page 11


 370 00ce 9B5D     		ldrb	r3, [r3, r6]
  83:Core/Src/servo.c ****   }
 371              		.loc 1 83 26 view .LVU103
 372 00d0 9362     		str	r3, [r2, #40]
  74:Core/Src/servo.c ****   {
 373              		.loc 1 74 36 is_stmt 1 discriminator 2 view .LVU104
 374 00d2 0136     		adds	r6, r6, #1
 375              	.LVL41:
  74:Core/Src/servo.c ****   {
 376              		.loc 1 74 36 is_stmt 0 discriminator 2 view .LVU105
 377 00d4 F6B2     		uxtb	r6, r6
 378              	.LVL42:
  74:Core/Src/servo.c ****   {
 379              		.loc 1 74 36 discriminator 2 view .LVU106
 380 00d6 E7E7     		b	.L17
 381              	.L20:
  74:Core/Src/servo.c ****   {
 382              		.loc 1 74 36 discriminator 2 view .LVU107
 383              	.LBE8:
  86:Core/Src/servo.c ****   {
 384              		.loc 1 86 10 is_stmt 1 view .LVU108
  86:Core/Src/servo.c ****   {
 385              		.loc 1 86 11 is_stmt 0 view .LVU109
 386 00d8 084B     		ldr	r3, .L28
 387 00da 1B68     		ldr	r3, [r3]
 388 00dc DB69     		ldr	r3, [r3, #28]
  86:Core/Src/servo.c ****   {
 389              		.loc 1 86 10 view .LVU110
 390 00de 5B06     		lsls	r3, r3, #25
 391 00e0 05D4     		bmi	.L27
  88:Core/Src/servo.c ****     {
 392              		.loc 1 88 5 is_stmt 1 view .LVU111
  88:Core/Src/servo.c ****     {
 393              		.loc 1 88 9 is_stmt 0 view .LVU112
 394 00e2 FFF7FEFF 		bl	HAL_GetTick
 395              	.LVL43:
  88:Core/Src/servo.c ****     {
 396              		.loc 1 88 8 discriminator 1 view .LVU113
 397 00e6 A042     		cmp	r0, r4
 398 00e8 F6D3     		bcc	.L20
  90:Core/Src/servo.c ****     }
 399              		.loc 1 90 14 view .LVU114
 400 00ea 0520     		movs	r0, #5
 401 00ec E8E7     		b	.L12
 402              	.L27:
  95:Core/Src/servo.c **** 
 403              		.loc 1 95 3 is_stmt 1 view .LVU115
 404 00ee 0348     		ldr	r0, .L28
 405 00f0 FFF7FEFF 		bl	HAL_HalfDuplex_EnableReceiver
 406              	.LVL44:
  97:Core/Src/servo.c **** }
 407              		.loc 1 97 3 view .LVU116
  97:Core/Src/servo.c **** }
 408              		.loc 1 97 10 is_stmt 0 view .LVU117
 409 00f4 0020     		movs	r0, #0
 410 00f6 E3E7     		b	.L12
 411              	.LVL45:
ARM GAS  /tmp/cctu88xh.s 			page 12


 412              	.L22:
  36:Core/Src/servo.c ****   }
 413              		.loc 1 36 12 view .LVU118
 414 00f8 0520     		movs	r0, #5
 415              	.LVL46:
  36:Core/Src/servo.c ****   }
 416              		.loc 1 36 12 view .LVU119
 417 00fa E1E7     		b	.L12
 418              	.L29:
 419              		.align	2
 420              	.L28:
 421 00fc 00000000 		.word	huart1
 422              		.cfi_endproc
 423              	.LFE366:
 425              		.section	.text.servo_read_word,"ax",%progbits
 426              		.align	1
 427              		.syntax unified
 428              		.code	16
 429              		.thumb_func
 431              	servo_read_word:
 432              	.LVL47:
 433              	.LFB368:
 121:Core/Src/servo.c **** 
 122:Core/Src/servo.c **** static servo_status_t servo_read_word(uint8_t id, uint8_t addr,
 123:Core/Src/servo.c ****                                       uint16_t *data)
 124:Core/Src/servo.c **** {
 434              		.loc 1 124 1 is_stmt 1 view -0
 435              		.cfi_startproc
 436              		@ args = 0, pretend = 0, frame = 16
 437              		@ frame_needed = 0, uses_anonymous_args = 0
 438              		.loc 1 124 1 is_stmt 0 view .LVU121
 439 0000 30B5     		push	{r4, r5, lr}
 440              	.LCFI4:
 441              		.cfi_def_cfa_offset 12
 442              		.cfi_offset 4, -12
 443              		.cfi_offset 5, -8
 444              		.cfi_offset 14, -4
 445 0002 87B0     		sub	sp, sp, #28
 446              	.LCFI5:
 447              		.cfi_def_cfa_offset 40
 448 0004 0400     		movs	r4, r0
 449 0006 1500     		movs	r5, r2
 125:Core/Src/servo.c ****   // Send out INST_READ
 126:Core/Src/servo.c ****   uint8_t read_len = 2; // We want to read 2 bytes (position is 16 bits)
 450              		.loc 1 126 3 is_stmt 1 view .LVU122
 451              		.loc 1 126 11 is_stmt 0 view .LVU123
 452 0008 1722     		movs	r2, #23
 453              	.LVL48:
 454              		.loc 1 126 11 view .LVU124
 455 000a 6A44     		add	r2, r2, sp
 456 000c 0223     		movs	r3, #2
 457 000e 1370     		strb	r3, [r2]
 127:Core/Src/servo.c ****   if (servo_write_packet(id, addr, &read_len, 1, INST_READ) != SERVO_OK)
 458              		.loc 1 127 3 is_stmt 1 view .LVU125
 459              		.loc 1 127 7 is_stmt 0 view .LVU126
 460 0010 0093     		str	r3, [sp]
 461 0012 013B     		subs	r3, r3, #1
ARM GAS  /tmp/cctu88xh.s 			page 13


 462 0014 FFF7FEFF 		bl	servo_write_packet
 463              	.LVL49:
 464              		.loc 1 127 6 discriminator 1 view .LVU127
 465 0018 0028     		cmp	r0, #0
 466 001a 2CD1     		bne	.L33
 128:Core/Src/servo.c ****   {
 129:Core/Src/servo.c ****     return SERVO_TX_ERROR;
 130:Core/Src/servo.c ****   }
 131:Core/Src/servo.c **** 
 132:Core/Src/servo.c ****   // Read full response: 0xFF 0xFF ID LEN STATUS DATA_L DATA_H CHECKSUM
 133:Core/Src/servo.c ****   uint8_t buf[8];
 467              		.loc 1 133 3 is_stmt 1 view .LVU128
 134:Core/Src/servo.c ****   if (servo_read_bytes(buf, 8) != SERVO_OK)
 468              		.loc 1 134 3 view .LVU129
 469              		.loc 1 134 7 is_stmt 0 view .LVU130
 470 001c 0821     		movs	r1, #8
 471 001e 03A8     		add	r0, sp, #12
 472 0020 FFF7FEFF 		bl	servo_read_bytes
 473              	.LVL50:
 474              		.loc 1 134 6 discriminator 1 view .LVU131
 475 0024 0028     		cmp	r0, #0
 476 0026 29D1     		bne	.L34
 135:Core/Src/servo.c ****   {
 136:Core/Src/servo.c ****     return SERVO_RX_ERROR;
 137:Core/Src/servo.c ****   }
 138:Core/Src/servo.c **** 
 139:Core/Src/servo.c ****   // Validate header
 140:Core/Src/servo.c ****   if (buf[0] != 0xFF || buf[1] != 0xFF)
 477              		.loc 1 140 3 is_stmt 1 view .LVU132
 478              		.loc 1 140 10 is_stmt 0 view .LVU133
 479 0028 03AB     		add	r3, sp, #12
 480 002a 1B78     		ldrb	r3, [r3]
 481              		.loc 1 140 6 view .LVU134
 482 002c FF2B     		cmp	r3, #255
 483 002e 27D1     		bne	.L35
 484              		.loc 1 140 28 discriminator 1 view .LVU135
 485 0030 03AB     		add	r3, sp, #12
 486 0032 5B78     		ldrb	r3, [r3, #1]
 487              		.loc 1 140 22 discriminator 1 view .LVU136
 488 0034 FF2B     		cmp	r3, #255
 489 0036 25D1     		bne	.L36
 141:Core/Src/servo.c ****   {
 142:Core/Src/servo.c ****     return SERVO_NO_REPLY;
 143:Core/Src/servo.c ****   }
 144:Core/Src/servo.c **** 
 145:Core/Src/servo.c ****   // Validate ID
 146:Core/Src/servo.c ****   if (buf[2] != id && id != BROADCAST_ID)
 490              		.loc 1 146 3 is_stmt 1 view .LVU137
 491              		.loc 1 146 10 is_stmt 0 view .LVU138
 492 0038 03AB     		add	r3, sp, #12
 493 003a 9B78     		ldrb	r3, [r3, #2]
 494              		.loc 1 146 6 view .LVU139
 495 003c A342     		cmp	r3, r4
 496 003e 01D0     		beq	.L32
 497              		.loc 1 146 20 discriminator 1 view .LVU140
 498 0040 FE2C     		cmp	r4, #254
 499 0042 21D1     		bne	.L37
ARM GAS  /tmp/cctu88xh.s 			page 14


 500              	.L32:
 147:Core/Src/servo.c ****   {
 148:Core/Src/servo.c ****     return SERVO_SLAVE_ID;
 149:Core/Src/servo.c ****   }
 150:Core/Src/servo.c **** 
 151:Core/Src/servo.c ****   // Validate length (STATUS + DATA_L + DATA_H + CHECKSUM = 4 bytes)
 152:Core/Src/servo.c ****   if (buf[3] != 4)
 501              		.loc 1 152 3 is_stmt 1 view .LVU141
 502              		.loc 1 152 10 is_stmt 0 view .LVU142
 503 0044 03AA     		add	r2, sp, #12
 504 0046 D278     		ldrb	r2, [r2, #3]
 505              		.loc 1 152 6 view .LVU143
 506 0048 042A     		cmp	r2, #4
 507 004a 1FD1     		bne	.L38
 153:Core/Src/servo.c ****   {
 154:Core/Src/servo.c ****     return SERVO_BUFF_LEN;
 155:Core/Src/servo.c ****   }
 156:Core/Src/servo.c **** 
 157:Core/Src/servo.c ****   // Verify checksum
 158:Core/Src/servo.c ****   uint8_t calc_checksum = ~(buf[2] + buf[3] + buf[4] + buf[5] + buf[6]);
 508              		.loc 1 158 3 is_stmt 1 view .LVU144
 509              		.loc 1 158 36 is_stmt 0 view .LVU145
 510 004c 9B18     		adds	r3, r3, r2
 511 004e DBB2     		uxtb	r3, r3
 512              		.loc 1 158 50 view .LVU146
 513 0050 03AA     		add	r2, sp, #12
 514 0052 1179     		ldrb	r1, [r2, #4]
 515              		.loc 1 158 45 view .LVU147
 516 0054 5B18     		adds	r3, r3, r1
 517 0056 DBB2     		uxtb	r3, r3
 518              		.loc 1 158 59 view .LVU148
 519 0058 5479     		ldrb	r4, [r2, #5]
 520              	.LVL51:
 521              		.loc 1 158 54 view .LVU149
 522 005a 1B19     		adds	r3, r3, r4
 523 005c DBB2     		uxtb	r3, r3
 524              		.loc 1 158 68 view .LVU150
 525 005e 9179     		ldrb	r1, [r2, #6]
 526              		.loc 1 158 63 view .LVU151
 527 0060 5B18     		adds	r3, r3, r1
 528 0062 DBB2     		uxtb	r3, r3
 529              		.loc 1 158 11 view .LVU152
 530 0064 DB43     		mvns	r3, r3
 531 0066 DBB2     		uxtb	r3, r3
 532              	.LVL52:
 159:Core/Src/servo.c ****   if (buf[7] != calc_checksum)
 533              		.loc 1 159 3 is_stmt 1 view .LVU153
 534              		.loc 1 159 10 is_stmt 0 view .LVU154
 535 0068 D279     		ldrb	r2, [r2, #7]
 536              		.loc 1 159 6 view .LVU155
 537 006a 9A42     		cmp	r2, r3
 538 006c 10D1     		bne	.L39
 160:Core/Src/servo.c ****   {
 161:Core/Src/servo.c ****     return SERVO_CRC_CMP;
 162:Core/Src/servo.c ****   }
 163:Core/Src/servo.c **** 
 164:Core/Src/servo.c ****   // Combine bytes to form the 16-bit data value
ARM GAS  /tmp/cctu88xh.s 			page 15


 165:Core/Src/servo.c ****   *data = (buf[5] << 8) | buf[6];
 539              		.loc 1 165 3 is_stmt 1 view .LVU156
 540              		.loc 1 165 25 is_stmt 0 view .LVU157
 541 006e 2402     		lsls	r4, r4, #8
 542 0070 2143     		orrs	r1, r4
 543              		.loc 1 165 9 view .LVU158
 544 0072 2980     		strh	r1, [r5]
 166:Core/Src/servo.c ****   return SERVO_OK;
 545              		.loc 1 166 3 is_stmt 1 view .LVU159
 546              		.loc 1 166 10 is_stmt 0 view .LVU160
 547 0074 00E0     		b	.L31
 548              	.LVL53:
 549              	.L33:
 129:Core/Src/servo.c ****   }
 550              		.loc 1 129 12 view .LVU161
 551 0076 0520     		movs	r0, #5
 552              	.L31:
 167:Core/Src/servo.c **** }
 553              		.loc 1 167 1 view .LVU162
 554 0078 07B0     		add	sp, sp, #28
 555              		@ sp needed
 556              	.LVL54:
 557              		.loc 1 167 1 view .LVU163
 558 007a 30BD     		pop	{r4, r5, pc}
 559              	.LVL55:
 560              	.L34:
 136:Core/Src/servo.c ****   }
 561              		.loc 1 136 12 view .LVU164
 562 007c 0620     		movs	r0, #6
 563 007e FBE7     		b	.L31
 564              	.L35:
 142:Core/Src/servo.c ****   }
 565              		.loc 1 142 12 view .LVU165
 566 0080 0120     		movs	r0, #1
 567 0082 F9E7     		b	.L31
 568              	.L36:
 569 0084 0120     		movs	r0, #1
 570 0086 F7E7     		b	.L31
 571              	.L37:
 148:Core/Src/servo.c ****   }
 572              		.loc 1 148 12 view .LVU166
 573 0088 0320     		movs	r0, #3
 574 008a F5E7     		b	.L31
 575              	.L38:
 154:Core/Src/servo.c ****   }
 576              		.loc 1 154 12 view .LVU167
 577 008c 0420     		movs	r0, #4
 578 008e F3E7     		b	.L31
 579              	.LVL56:
 580              	.L39:
 161:Core/Src/servo.c ****   }
 581              		.loc 1 161 12 view .LVU168
 582 0090 0220     		movs	r0, #2
 583 0092 F1E7     		b	.L31
 584              		.cfi_endproc
 585              	.LFE368:
 587              		.section	.text.servo_init,"ax",%progbits
ARM GAS  /tmp/cctu88xh.s 			page 16


 588              		.align	1
 589              		.global	servo_init
 590              		.syntax unified
 591              		.code	16
 592              		.thumb_func
 594              	servo_init:
 595              	.LVL57:
 596              	.LFB369:
 168:Core/Src/servo.c **** 
 169:Core/Src/servo.c **** servo_status_t servo_init(uint8_t id)
 170:Core/Src/servo.c **** {
 597              		.loc 1 170 1 is_stmt 1 view -0
 598              		.cfi_startproc
 599              		@ args = 0, pretend = 0, frame = 0
 600              		@ frame_needed = 0, uses_anonymous_args = 0
 601              		@ link register save eliminated.
 171:Core/Src/servo.c ****   servo_id = id;
 602              		.loc 1 171 3 view .LVU170
 603              		.loc 1 171 12 is_stmt 0 view .LVU171
 604 0000 014B     		ldr	r3, .L41
 605 0002 1870     		strb	r0, [r3]
 172:Core/Src/servo.c ****   return SERVO_OK;
 606              		.loc 1 172 3 is_stmt 1 view .LVU172
 173:Core/Src/servo.c **** }
 607              		.loc 1 173 1 is_stmt 0 view .LVU173
 608 0004 0020     		movs	r0, #0
 609              	.LVL58:
 610              		.loc 1 173 1 view .LVU174
 611              		@ sp needed
 612 0006 7047     		bx	lr
 613              	.L42:
 614              		.align	2
 615              	.L41:
 616 0008 00000000 		.word	servo_id
 617              		.cfi_endproc
 618              	.LFE369:
 620              		.section	.text.servo_set_position,"ax",%progbits
 621              		.align	1
 622              		.global	servo_set_position
 623              		.syntax unified
 624              		.code	16
 625              		.thumb_func
 627              	servo_set_position:
 628              	.LVL59:
 629              	.LFB370:
 174:Core/Src/servo.c **** 
 175:Core/Src/servo.c **** servo_status_t servo_set_position(uint16_t position, uint16_t time,
 176:Core/Src/servo.c ****                                   uint16_t speed)
 177:Core/Src/servo.c **** {
 630              		.loc 1 177 1 is_stmt 1 view -0
 631              		.cfi_startproc
 632              		@ args = 0, pretend = 0, frame = 8
 633              		@ frame_needed = 0, uses_anonymous_args = 0
 634              		.loc 1 177 1 is_stmt 0 view .LVU176
 635 0000 10B5     		push	{r4, lr}
 636              	.LCFI6:
 637              		.cfi_def_cfa_offset 8
ARM GAS  /tmp/cctu88xh.s 			page 17


 638              		.cfi_offset 4, -8
 639              		.cfi_offset 14, -4
 640 0002 84B0     		sub	sp, sp, #16
 641              	.LCFI7:
 642              		.cfi_def_cfa_offset 24
 643 0004 1300     		movs	r3, r2
 178:Core/Src/servo.c ****   // Write all 6 bytes: position (2), time (2), speed (2)
 179:Core/Src/servo.c ****   uint8_t buf[6];
 644              		.loc 1 179 3 is_stmt 1 view .LVU177
 180:Core/Src/servo.c **** 
 181:Core/Src/servo.c ****   // Position
 182:Core/Src/servo.c ****   buf[0] = (position >> 8) & 0xFF;
 645              		.loc 1 182 3 view .LVU178
 646              		.loc 1 182 10 is_stmt 0 view .LVU179
 647 0006 02AA     		add	r2, sp, #8
 648              	.LVL60:
 649              		.loc 1 182 10 view .LVU180
 650 0008 040A     		lsrs	r4, r0, #8
 651 000a 1470     		strb	r4, [r2]
 183:Core/Src/servo.c ****   buf[1] = position & 0xFF;
 652              		.loc 1 183 3 is_stmt 1 view .LVU181
 653              		.loc 1 183 10 is_stmt 0 view .LVU182
 654 000c 5070     		strb	r0, [r2, #1]
 184:Core/Src/servo.c **** 
 185:Core/Src/servo.c ****   // Time
 186:Core/Src/servo.c ****   buf[2] = (time >> 8) & 0xFF;
 655              		.loc 1 186 3 is_stmt 1 view .LVU183
 656              		.loc 1 186 10 is_stmt 0 view .LVU184
 657 000e 080A     		lsrs	r0, r1, #8
 658              	.LVL61:
 659              		.loc 1 186 10 view .LVU185
 660 0010 9070     		strb	r0, [r2, #2]
 187:Core/Src/servo.c ****   buf[3] = time & 0xFF;
 661              		.loc 1 187 3 is_stmt 1 view .LVU186
 662              		.loc 1 187 10 is_stmt 0 view .LVU187
 663 0012 D170     		strb	r1, [r2, #3]
 188:Core/Src/servo.c **** 
 189:Core/Src/servo.c ****   // Speed
 190:Core/Src/servo.c ****   buf[4] = (speed >> 8) & 0xFF;
 664              		.loc 1 190 3 is_stmt 1 view .LVU188
 665              		.loc 1 190 10 is_stmt 0 view .LVU189
 666 0014 190A     		lsrs	r1, r3, #8
 667              	.LVL62:
 668              		.loc 1 190 10 view .LVU190
 669 0016 1171     		strb	r1, [r2, #4]
 191:Core/Src/servo.c ****   buf[5] = speed & 0xFF;
 670              		.loc 1 191 3 is_stmt 1 view .LVU191
 671              		.loc 1 191 10 is_stmt 0 view .LVU192
 672 0018 5371     		strb	r3, [r2, #5]
 192:Core/Src/servo.c **** 
 193:Core/Src/servo.c ****   return servo_write_packet(servo_id, SCS0009_GOAL_POSITION_L, buf, 6,
 673              		.loc 1 193 3 is_stmt 1 view .LVU193
 674              		.loc 1 193 10 is_stmt 0 view .LVU194
 675 001a 054B     		ldr	r3, .L44
 676              	.LVL63:
 677              		.loc 1 193 10 view .LVU195
 678 001c 1878     		ldrb	r0, [r3]
ARM GAS  /tmp/cctu88xh.s 			page 18


 679 001e 0323     		movs	r3, #3
 680 0020 0093     		str	r3, [sp]
 681 0022 0333     		adds	r3, r3, #3
 682 0024 2A21     		movs	r1, #42
 683 0026 FFF7FEFF 		bl	servo_write_packet
 684              	.LVL64:
 194:Core/Src/servo.c ****                             INST_WRITE);
 195:Core/Src/servo.c **** }
 685              		.loc 1 195 1 view .LVU196
 686 002a 04B0     		add	sp, sp, #16
 687              		@ sp needed
 688 002c 10BD     		pop	{r4, pc}
 689              	.L45:
 690 002e C046     		.align	2
 691              	.L44:
 692 0030 00000000 		.word	servo_id
 693              		.cfi_endproc
 694              	.LFE370:
 696              		.section	.text.servo_read_position,"ax",%progbits
 697              		.align	1
 698              		.global	servo_read_position
 699              		.syntax unified
 700              		.code	16
 701              		.thumb_func
 703              	servo_read_position:
 704              	.LVL65:
 705              	.LFB371:
 196:Core/Src/servo.c **** 
 197:Core/Src/servo.c **** servo_status_t servo_read_position(uint16_t *position)
 198:Core/Src/servo.c **** {
 706              		.loc 1 198 1 is_stmt 1 view -0
 707              		.cfi_startproc
 708              		@ args = 0, pretend = 0, frame = 0
 709              		@ frame_needed = 0, uses_anonymous_args = 0
 710              		.loc 1 198 1 is_stmt 0 view .LVU198
 711 0000 10B5     		push	{r4, lr}
 712              	.LCFI8:
 713              		.cfi_def_cfa_offset 8
 714              		.cfi_offset 4, -8
 715              		.cfi_offset 14, -4
 716 0002 0200     		movs	r2, r0
 199:Core/Src/servo.c ****   return servo_read_word(servo_id, SCS0009_PRESENT_POSITION_L, position);
 717              		.loc 1 199 3 is_stmt 1 view .LVU199
 718              		.loc 1 199 10 is_stmt 0 view .LVU200
 719 0004 024B     		ldr	r3, .L47
 720 0006 1878     		ldrb	r0, [r3]
 721              	.LVL66:
 722              		.loc 1 199 10 view .LVU201
 723 0008 3821     		movs	r1, #56
 724 000a FFF7FEFF 		bl	servo_read_word
 725              	.LVL67:
 200:Core/Src/servo.c **** }
 726              		.loc 1 200 1 view .LVU202
 727              		@ sp needed
 728 000e 10BD     		pop	{r4, pc}
 729              	.L48:
 730              		.align	2
ARM GAS  /tmp/cctu88xh.s 			page 19


 731              	.L47:
 732 0010 00000000 		.word	servo_id
 733              		.cfi_endproc
 734              	.LFE371:
 736              		.section	.data.servo_id,"aw"
 739              	servo_id:
 740 0000 FF       		.byte	-1
 741              		.text
 742              	.Letext0:
 743              		.file 2 "/usr/lib/gcc/arm-none-eabi/13.2.1/include/stdint.h"
 744              		.file 3 "Drivers/CMSIS/Device/ST/STM32G0xx/Include/stm32g0b1xx.h"
 745              		.file 4 "/usr/lib/gcc/arm-none-eabi/13.2.1/include/stddef.h"
 746              		.file 5 "Drivers/STM32G0xx_HAL_Driver/Inc/stm32g0xx_hal_def.h"
 747              		.file 6 "Drivers/STM32G0xx_HAL_Driver/Inc/stm32g0xx_hal_dma.h"
 748              		.file 7 "Drivers/STM32G0xx_HAL_Driver/Inc/stm32g0xx_hal_uart.h"
 749              		.file 8 "Core/Inc/servo.h"
 750              		.file 9 "Drivers/STM32G0xx_HAL_Driver/Inc/stm32g0xx_ll_dma.h"
 751              		.file 10 "/usr/include/newlib/string.h"
 752              		.file 11 "<built-in>"
 753              		.file 12 "Drivers/STM32G0xx_HAL_Driver/Inc/stm32g0xx_hal.h"
ARM GAS  /tmp/cctu88xh.s 			page 20


DEFINED SYMBOLS
                            *ABS*:00000000 servo.c
     /tmp/cctu88xh.s:19     .text.servo_read_bytes:00000000 $t
     /tmp/cctu88xh.s:24     .text.servo_read_bytes:00000000 servo_read_bytes
     /tmp/cctu88xh.s:120    .text.servo_read_bytes:00000040 $d
     /tmp/cctu88xh.s:126    .text.servo_write_packet:00000000 $t
     /tmp/cctu88xh.s:131    .text.servo_write_packet:00000000 servo_write_packet
     /tmp/cctu88xh.s:421    .text.servo_write_packet:000000fc $d
     /tmp/cctu88xh.s:426    .text.servo_read_word:00000000 $t
     /tmp/cctu88xh.s:431    .text.servo_read_word:00000000 servo_read_word
     /tmp/cctu88xh.s:588    .text.servo_init:00000000 $t
     /tmp/cctu88xh.s:594    .text.servo_init:00000000 servo_init
     /tmp/cctu88xh.s:616    .text.servo_init:00000008 $d
     /tmp/cctu88xh.s:739    .data.servo_id:00000000 servo_id
     /tmp/cctu88xh.s:621    .text.servo_set_position:00000000 $t
     /tmp/cctu88xh.s:627    .text.servo_set_position:00000000 servo_set_position
     /tmp/cctu88xh.s:692    .text.servo_set_position:00000030 $d
     /tmp/cctu88xh.s:697    .text.servo_read_position:00000000 $t
     /tmp/cctu88xh.s:703    .text.servo_read_position:00000000 servo_read_position
     /tmp/cctu88xh.s:732    .text.servo_read_position:00000010 $d

UNDEFINED SYMBOLS
HAL_GetTick
huart1
memset
memcpy
HAL_HalfDuplex_EnableTransmitter
HAL_HalfDuplex_EnableReceiver
