ARM GAS  /tmp/cc3QKZAz.s 			page 1


   1              		.cpu cortex-m0plus
   2              		.arch armv6s-m
   3              		.fpu softvfp
   4              		.eabi_attribute 20, 1
   5              		.eabi_attribute 21, 1
   6              		.eabi_attribute 23, 3
   7              		.eabi_attribute 24, 1
   8              		.eabi_attribute 25, 1
   9              		.eabi_attribute 26, 1
  10              		.eabi_attribute 30, 1
  11              		.eabi_attribute 34, 0
  12              		.eabi_attribute 18, 4
  13              		.file	"stm32g0xx_hal_msp.c"
  14              		.text
  15              	.Ltext0:
  16              		.cfi_sections	.debug_frame
  17              		.file 1 "Core/Src/stm32g0xx_hal_msp.c"
  18              		.section	.text.HAL_MspInit,"ax",%progbits
  19              		.align	1
  20              		.global	HAL_MspInit
  21              		.syntax unified
  22              		.code	16
  23              		.thumb_func
  25              	HAL_MspInit:
  26              	.LFB366:
   1:Core/Src/stm32g0xx_hal_msp.c **** /* USER CODE BEGIN Header */
   2:Core/Src/stm32g0xx_hal_msp.c **** /**
   3:Core/Src/stm32g0xx_hal_msp.c ****  ******************************************************************************
   4:Core/Src/stm32g0xx_hal_msp.c ****  * @file         stm32g0xx_hal_msp.c
   5:Core/Src/stm32g0xx_hal_msp.c ****  * @brief        This file provides code for the MSP Initialization
   6:Core/Src/stm32g0xx_hal_msp.c ****  *               and de-Initialization codes.
   7:Core/Src/stm32g0xx_hal_msp.c ****  ******************************************************************************
   8:Core/Src/stm32g0xx_hal_msp.c ****  * @attention
   9:Core/Src/stm32g0xx_hal_msp.c ****  *
  10:Core/Src/stm32g0xx_hal_msp.c ****  * Copyright (c) 2026 STMicroelectronics.
  11:Core/Src/stm32g0xx_hal_msp.c ****  * All rights reserved.
  12:Core/Src/stm32g0xx_hal_msp.c ****  *
  13:Core/Src/stm32g0xx_hal_msp.c ****  * This software is licensed under terms that can be found in the LICENSE file
  14:Core/Src/stm32g0xx_hal_msp.c ****  * in the root directory of this software component.
  15:Core/Src/stm32g0xx_hal_msp.c ****  * If no LICENSE file comes with this software, it is provided AS-IS.
  16:Core/Src/stm32g0xx_hal_msp.c ****  *
  17:Core/Src/stm32g0xx_hal_msp.c ****  ******************************************************************************
  18:Core/Src/stm32g0xx_hal_msp.c ****  */
  19:Core/Src/stm32g0xx_hal_msp.c **** /* USER CODE END Header */
  20:Core/Src/stm32g0xx_hal_msp.c **** /* Includes ------------------------------------------------------------------*/
  21:Core/Src/stm32g0xx_hal_msp.c **** #include "main.h"
  22:Core/Src/stm32g0xx_hal_msp.c **** /* USER CODE BEGIN Includes */
  23:Core/Src/stm32g0xx_hal_msp.c **** 
  24:Core/Src/stm32g0xx_hal_msp.c **** /* USER CODE END Includes */
  25:Core/Src/stm32g0xx_hal_msp.c **** 
  26:Core/Src/stm32g0xx_hal_msp.c **** /* Private typedef -----------------------------------------------------------*/
  27:Core/Src/stm32g0xx_hal_msp.c **** /* USER CODE BEGIN TD */
  28:Core/Src/stm32g0xx_hal_msp.c **** 
  29:Core/Src/stm32g0xx_hal_msp.c **** /* USER CODE END TD */
  30:Core/Src/stm32g0xx_hal_msp.c **** 
  31:Core/Src/stm32g0xx_hal_msp.c **** /* Private define ------------------------------------------------------------*/
  32:Core/Src/stm32g0xx_hal_msp.c **** /* USER CODE BEGIN Define */
ARM GAS  /tmp/cc3QKZAz.s 			page 2


  33:Core/Src/stm32g0xx_hal_msp.c **** 
  34:Core/Src/stm32g0xx_hal_msp.c **** /* USER CODE END Define */
  35:Core/Src/stm32g0xx_hal_msp.c **** 
  36:Core/Src/stm32g0xx_hal_msp.c **** /* Private macro -------------------------------------------------------------*/
  37:Core/Src/stm32g0xx_hal_msp.c **** /* USER CODE BEGIN Macro */
  38:Core/Src/stm32g0xx_hal_msp.c **** 
  39:Core/Src/stm32g0xx_hal_msp.c **** /* USER CODE END Macro */
  40:Core/Src/stm32g0xx_hal_msp.c **** 
  41:Core/Src/stm32g0xx_hal_msp.c **** /* Private variables ---------------------------------------------------------*/
  42:Core/Src/stm32g0xx_hal_msp.c **** /* USER CODE BEGIN PV */
  43:Core/Src/stm32g0xx_hal_msp.c **** 
  44:Core/Src/stm32g0xx_hal_msp.c **** /* USER CODE END PV */
  45:Core/Src/stm32g0xx_hal_msp.c **** 
  46:Core/Src/stm32g0xx_hal_msp.c **** /* Private function prototypes -----------------------------------------------*/
  47:Core/Src/stm32g0xx_hal_msp.c **** /* USER CODE BEGIN PFP */
  48:Core/Src/stm32g0xx_hal_msp.c **** 
  49:Core/Src/stm32g0xx_hal_msp.c **** /* USER CODE END PFP */
  50:Core/Src/stm32g0xx_hal_msp.c **** 
  51:Core/Src/stm32g0xx_hal_msp.c **** /* External functions --------------------------------------------------------*/
  52:Core/Src/stm32g0xx_hal_msp.c **** /* USER CODE BEGIN ExternalFunctions */
  53:Core/Src/stm32g0xx_hal_msp.c **** 
  54:Core/Src/stm32g0xx_hal_msp.c **** /* USER CODE END ExternalFunctions */
  55:Core/Src/stm32g0xx_hal_msp.c **** 
  56:Core/Src/stm32g0xx_hal_msp.c **** /* USER CODE BEGIN 0 */
  57:Core/Src/stm32g0xx_hal_msp.c **** 
  58:Core/Src/stm32g0xx_hal_msp.c **** /* USER CODE END 0 */
  59:Core/Src/stm32g0xx_hal_msp.c **** /**
  60:Core/Src/stm32g0xx_hal_msp.c ****   * Initializes the Global MSP.
  61:Core/Src/stm32g0xx_hal_msp.c ****   */
  62:Core/Src/stm32g0xx_hal_msp.c **** void HAL_MspInit(void)
  63:Core/Src/stm32g0xx_hal_msp.c **** {
  27              		.loc 1 63 1 view -0
  28              		.cfi_startproc
  29              		@ args = 0, pretend = 0, frame = 8
  30              		@ frame_needed = 0, uses_anonymous_args = 0
  31 0000 00B5     		push	{lr}
  32              	.LCFI0:
  33              		.cfi_def_cfa_offset 4
  34              		.cfi_offset 14, -4
  35 0002 83B0     		sub	sp, sp, #12
  36              	.LCFI1:
  37              		.cfi_def_cfa_offset 16
  64:Core/Src/stm32g0xx_hal_msp.c **** 
  65:Core/Src/stm32g0xx_hal_msp.c ****   /* USER CODE BEGIN MspInit 0 */
  66:Core/Src/stm32g0xx_hal_msp.c **** 
  67:Core/Src/stm32g0xx_hal_msp.c ****   /* USER CODE END MspInit 0 */
  68:Core/Src/stm32g0xx_hal_msp.c **** 
  69:Core/Src/stm32g0xx_hal_msp.c ****   __HAL_RCC_SYSCFG_CLK_ENABLE();
  38              		.loc 1 69 3 view .LVU1
  39              	.LBB2:
  40              		.loc 1 69 3 view .LVU2
  41              		.loc 1 69 3 view .LVU3
  42 0004 0B4B     		ldr	r3, .L2
  43 0006 196C     		ldr	r1, [r3, #64]
  44 0008 0122     		movs	r2, #1
  45 000a 1143     		orrs	r1, r2
  46 000c 1964     		str	r1, [r3, #64]
ARM GAS  /tmp/cc3QKZAz.s 			page 3


  47              		.loc 1 69 3 view .LVU4
  48 000e 196C     		ldr	r1, [r3, #64]
  49 0010 0A40     		ands	r2, r1
  50 0012 0092     		str	r2, [sp]
  51              		.loc 1 69 3 view .LVU5
  52 0014 009A     		ldr	r2, [sp]
  53              	.LBE2:
  54              		.loc 1 69 3 view .LVU6
  70:Core/Src/stm32g0xx_hal_msp.c ****   __HAL_RCC_PWR_CLK_ENABLE();
  55              		.loc 1 70 3 view .LVU7
  56              	.LBB3:
  57              		.loc 1 70 3 view .LVU8
  58              		.loc 1 70 3 view .LVU9
  59 0016 DA6B     		ldr	r2, [r3, #60]
  60 0018 8021     		movs	r1, #128
  61 001a 4905     		lsls	r1, r1, #21
  62 001c 0A43     		orrs	r2, r1
  63 001e DA63     		str	r2, [r3, #60]
  64              		.loc 1 70 3 view .LVU10
  65 0020 DB6B     		ldr	r3, [r3, #60]
  66 0022 0B40     		ands	r3, r1
  67 0024 0193     		str	r3, [sp, #4]
  68              		.loc 1 70 3 view .LVU11
  69 0026 019B     		ldr	r3, [sp, #4]
  70              	.LBE3:
  71              		.loc 1 70 3 view .LVU12
  71:Core/Src/stm32g0xx_hal_msp.c **** 
  72:Core/Src/stm32g0xx_hal_msp.c ****   /* System interrupt init*/
  73:Core/Src/stm32g0xx_hal_msp.c **** 
  74:Core/Src/stm32g0xx_hal_msp.c ****   /** Disable the internal Pull-Up in Dead Battery pins of UCPD peripheral
  75:Core/Src/stm32g0xx_hal_msp.c ****   */
  76:Core/Src/stm32g0xx_hal_msp.c ****   HAL_SYSCFG_StrobeDBattpinsConfig(SYSCFG_CFGR1_UCPD1_STROBE);
  72              		.loc 1 76 3 view .LVU13
  73 0028 8020     		movs	r0, #128
  74 002a 8000     		lsls	r0, r0, #2
  75 002c FFF7FEFF 		bl	HAL_SYSCFG_StrobeDBattpinsConfig
  76              	.LVL0:
  77:Core/Src/stm32g0xx_hal_msp.c **** 
  78:Core/Src/stm32g0xx_hal_msp.c ****   /* USER CODE BEGIN MspInit 1 */
  79:Core/Src/stm32g0xx_hal_msp.c **** 
  80:Core/Src/stm32g0xx_hal_msp.c ****   /* USER CODE END MspInit 1 */
  81:Core/Src/stm32g0xx_hal_msp.c **** }
  77              		.loc 1 81 1 is_stmt 0 view .LVU14
  78 0030 03B0     		add	sp, sp, #12
  79              		@ sp needed
  80 0032 00BD     		pop	{pc}
  81              	.L3:
  82              		.align	2
  83              	.L2:
  84 0034 00100240 		.word	1073876992
  85              		.cfi_endproc
  86              	.LFE366:
  88              		.section	.text.HAL_TIM_Base_MspInit,"ax",%progbits
  89              		.align	1
  90              		.global	HAL_TIM_Base_MspInit
  91              		.syntax unified
  92              		.code	16
ARM GAS  /tmp/cc3QKZAz.s 			page 4


  93              		.thumb_func
  95              	HAL_TIM_Base_MspInit:
  96              	.LVL1:
  97              	.LFB367:
  82:Core/Src/stm32g0xx_hal_msp.c **** 
  83:Core/Src/stm32g0xx_hal_msp.c **** /**
  84:Core/Src/stm32g0xx_hal_msp.c ****   * @brief TIM_Base MSP Initialization
  85:Core/Src/stm32g0xx_hal_msp.c ****   * This function configures the hardware resources used in this example
  86:Core/Src/stm32g0xx_hal_msp.c ****   * @param htim_base: TIM_Base handle pointer
  87:Core/Src/stm32g0xx_hal_msp.c ****   * @retval None
  88:Core/Src/stm32g0xx_hal_msp.c ****   */
  89:Core/Src/stm32g0xx_hal_msp.c **** void HAL_TIM_Base_MspInit(TIM_HandleTypeDef* htim_base)
  90:Core/Src/stm32g0xx_hal_msp.c **** {
  98              		.loc 1 90 1 is_stmt 1 view -0
  99              		.cfi_startproc
 100              		@ args = 0, pretend = 0, frame = 80
 101              		@ frame_needed = 0, uses_anonymous_args = 0
 102              		.loc 1 90 1 is_stmt 0 view .LVU16
 103 0000 10B5     		push	{r4, lr}
 104              	.LCFI2:
 105              		.cfi_def_cfa_offset 8
 106              		.cfi_offset 4, -8
 107              		.cfi_offset 14, -4
 108 0002 94B0     		sub	sp, sp, #80
 109              	.LCFI3:
 110              		.cfi_def_cfa_offset 88
 111 0004 0400     		movs	r4, r0
  91:Core/Src/stm32g0xx_hal_msp.c ****   RCC_PeriphCLKInitTypeDef PeriphClkInit = {0};
 112              		.loc 1 91 3 is_stmt 1 view .LVU17
 113              		.loc 1 91 28 is_stmt 0 view .LVU18
 114 0006 4C22     		movs	r2, #76
 115 0008 0021     		movs	r1, #0
 116 000a 01A8     		add	r0, sp, #4
 117              	.LVL2:
 118              		.loc 1 91 28 view .LVU19
 119 000c FFF7FEFF 		bl	memset
 120              	.LVL3:
  92:Core/Src/stm32g0xx_hal_msp.c ****   if(htim_base->Instance==TIM1)
 121              		.loc 1 92 3 is_stmt 1 view .LVU20
 122              		.loc 1 92 15 is_stmt 0 view .LVU21
 123 0010 2268     		ldr	r2, [r4]
 124              		.loc 1 92 5 view .LVU22
 125 0012 0D4B     		ldr	r3, .L9
 126 0014 9A42     		cmp	r2, r3
 127 0016 01D0     		beq	.L7
 128              	.L4:
  93:Core/Src/stm32g0xx_hal_msp.c ****   {
  94:Core/Src/stm32g0xx_hal_msp.c ****     /* USER CODE BEGIN TIM1_MspInit 0 */
  95:Core/Src/stm32g0xx_hal_msp.c **** 
  96:Core/Src/stm32g0xx_hal_msp.c ****     /* USER CODE END TIM1_MspInit 0 */
  97:Core/Src/stm32g0xx_hal_msp.c **** 
  98:Core/Src/stm32g0xx_hal_msp.c ****   /** Initializes the peripherals clocks
  99:Core/Src/stm32g0xx_hal_msp.c ****   */
 100:Core/Src/stm32g0xx_hal_msp.c ****     PeriphClkInit.PeriphClockSelection = RCC_PERIPHCLK_TIM1;
 101:Core/Src/stm32g0xx_hal_msp.c ****     PeriphClkInit.Tim1ClockSelection = RCC_TIM1CLKSOURCE_PCLK1;
 102:Core/Src/stm32g0xx_hal_msp.c ****     if (HAL_RCCEx_PeriphCLKConfig(&PeriphClkInit) != HAL_OK)
 103:Core/Src/stm32g0xx_hal_msp.c ****     {
ARM GAS  /tmp/cc3QKZAz.s 			page 5


 104:Core/Src/stm32g0xx_hal_msp.c ****       Error_Handler();
 105:Core/Src/stm32g0xx_hal_msp.c ****     }
 106:Core/Src/stm32g0xx_hal_msp.c **** 
 107:Core/Src/stm32g0xx_hal_msp.c ****     /* Peripheral clock enable */
 108:Core/Src/stm32g0xx_hal_msp.c ****     __HAL_RCC_TIM1_CLK_ENABLE();
 109:Core/Src/stm32g0xx_hal_msp.c ****     /* USER CODE BEGIN TIM1_MspInit 1 */
 110:Core/Src/stm32g0xx_hal_msp.c **** 
 111:Core/Src/stm32g0xx_hal_msp.c ****     /* USER CODE END TIM1_MspInit 1 */
 112:Core/Src/stm32g0xx_hal_msp.c **** 
 113:Core/Src/stm32g0xx_hal_msp.c ****   }
 114:Core/Src/stm32g0xx_hal_msp.c **** 
 115:Core/Src/stm32g0xx_hal_msp.c **** }
 129              		.loc 1 115 1 view .LVU23
 130 0018 14B0     		add	sp, sp, #80
 131              		@ sp needed
 132              	.LVL4:
 133              		.loc 1 115 1 view .LVU24
 134 001a 10BD     		pop	{r4, pc}
 135              	.LVL5:
 136              	.L7:
 100:Core/Src/stm32g0xx_hal_msp.c ****     PeriphClkInit.Tim1ClockSelection = RCC_TIM1CLKSOURCE_PCLK1;
 137              		.loc 1 100 5 is_stmt 1 view .LVU25
 100:Core/Src/stm32g0xx_hal_msp.c ****     PeriphClkInit.Tim1ClockSelection = RCC_TIM1CLKSOURCE_PCLK1;
 138              		.loc 1 100 40 is_stmt 0 view .LVU26
 139 001c 8023     		movs	r3, #128
 140 001e 9B03     		lsls	r3, r3, #14
 141 0020 0193     		str	r3, [sp, #4]
 101:Core/Src/stm32g0xx_hal_msp.c ****     if (HAL_RCCEx_PeriphCLKConfig(&PeriphClkInit) != HAL_OK)
 142              		.loc 1 101 5 is_stmt 1 view .LVU27
 102:Core/Src/stm32g0xx_hal_msp.c ****     {
 143              		.loc 1 102 5 view .LVU28
 102:Core/Src/stm32g0xx_hal_msp.c ****     {
 144              		.loc 1 102 9 is_stmt 0 view .LVU29
 145 0022 01A8     		add	r0, sp, #4
 146 0024 FFF7FEFF 		bl	HAL_RCCEx_PeriphCLKConfig
 147              	.LVL6:
 102:Core/Src/stm32g0xx_hal_msp.c ****     {
 148              		.loc 1 102 8 discriminator 1 view .LVU30
 149 0028 0028     		cmp	r0, #0
 150 002a 0AD1     		bne	.L8
 151              	.L6:
 108:Core/Src/stm32g0xx_hal_msp.c ****     /* USER CODE BEGIN TIM1_MspInit 1 */
 152              		.loc 1 108 5 is_stmt 1 view .LVU31
 153              	.LBB4:
 108:Core/Src/stm32g0xx_hal_msp.c ****     /* USER CODE BEGIN TIM1_MspInit 1 */
 154              		.loc 1 108 5 view .LVU32
 108:Core/Src/stm32g0xx_hal_msp.c ****     /* USER CODE BEGIN TIM1_MspInit 1 */
 155              		.loc 1 108 5 view .LVU33
 156 002c 074B     		ldr	r3, .L9+4
 157 002e 1A6C     		ldr	r2, [r3, #64]
 158 0030 8021     		movs	r1, #128
 159 0032 0901     		lsls	r1, r1, #4
 160 0034 0A43     		orrs	r2, r1
 161 0036 1A64     		str	r2, [r3, #64]
 108:Core/Src/stm32g0xx_hal_msp.c ****     /* USER CODE BEGIN TIM1_MspInit 1 */
 162              		.loc 1 108 5 view .LVU34
 163 0038 1B6C     		ldr	r3, [r3, #64]
ARM GAS  /tmp/cc3QKZAz.s 			page 6


 164 003a 0B40     		ands	r3, r1
 165 003c 0093     		str	r3, [sp]
 108:Core/Src/stm32g0xx_hal_msp.c ****     /* USER CODE BEGIN TIM1_MspInit 1 */
 166              		.loc 1 108 5 view .LVU35
 167 003e 009B     		ldr	r3, [sp]
 168              	.LBE4:
 108:Core/Src/stm32g0xx_hal_msp.c ****     /* USER CODE BEGIN TIM1_MspInit 1 */
 169              		.loc 1 108 5 discriminator 1 view .LVU36
 170              		.loc 1 115 1 is_stmt 0 view .LVU37
 171 0040 EAE7     		b	.L4
 172              	.L8:
 104:Core/Src/stm32g0xx_hal_msp.c ****     }
 173              		.loc 1 104 7 is_stmt 1 view .LVU38
 174 0042 FFF7FEFF 		bl	Error_Handler
 175              	.LVL7:
 176 0046 F1E7     		b	.L6
 177              	.L10:
 178              		.align	2
 179              	.L9:
 180 0048 002C0140 		.word	1073818624
 181 004c 00100240 		.word	1073876992
 182              		.cfi_endproc
 183              	.LFE367:
 185              		.section	.text.HAL_TIM_Base_MspDeInit,"ax",%progbits
 186              		.align	1
 187              		.global	HAL_TIM_Base_MspDeInit
 188              		.syntax unified
 189              		.code	16
 190              		.thumb_func
 192              	HAL_TIM_Base_MspDeInit:
 193              	.LVL8:
 194              	.LFB368:
 116:Core/Src/stm32g0xx_hal_msp.c **** 
 117:Core/Src/stm32g0xx_hal_msp.c **** /**
 118:Core/Src/stm32g0xx_hal_msp.c ****   * @brief TIM_Base MSP De-Initialization
 119:Core/Src/stm32g0xx_hal_msp.c ****   * This function freeze the hardware resources used in this example
 120:Core/Src/stm32g0xx_hal_msp.c ****   * @param htim_base: TIM_Base handle pointer
 121:Core/Src/stm32g0xx_hal_msp.c ****   * @retval None
 122:Core/Src/stm32g0xx_hal_msp.c ****   */
 123:Core/Src/stm32g0xx_hal_msp.c **** void HAL_TIM_Base_MspDeInit(TIM_HandleTypeDef* htim_base)
 124:Core/Src/stm32g0xx_hal_msp.c **** {
 195              		.loc 1 124 1 view -0
 196              		.cfi_startproc
 197              		@ args = 0, pretend = 0, frame = 0
 198              		@ frame_needed = 0, uses_anonymous_args = 0
 199              		@ link register save eliminated.
 125:Core/Src/stm32g0xx_hal_msp.c ****   if(htim_base->Instance==TIM1)
 200              		.loc 1 125 3 view .LVU40
 201              		.loc 1 125 15 is_stmt 0 view .LVU41
 202 0000 0268     		ldr	r2, [r0]
 203              		.loc 1 125 5 view .LVU42
 204 0002 054B     		ldr	r3, .L14
 205 0004 9A42     		cmp	r2, r3
 206 0006 00D0     		beq	.L13
 207              	.L11:
 126:Core/Src/stm32g0xx_hal_msp.c ****   {
 127:Core/Src/stm32g0xx_hal_msp.c ****     /* USER CODE BEGIN TIM1_MspDeInit 0 */
ARM GAS  /tmp/cc3QKZAz.s 			page 7


 128:Core/Src/stm32g0xx_hal_msp.c **** 
 129:Core/Src/stm32g0xx_hal_msp.c ****     /* USER CODE END TIM1_MspDeInit 0 */
 130:Core/Src/stm32g0xx_hal_msp.c ****     /* Peripheral clock disable */
 131:Core/Src/stm32g0xx_hal_msp.c ****     __HAL_RCC_TIM1_CLK_DISABLE();
 132:Core/Src/stm32g0xx_hal_msp.c ****     /* USER CODE BEGIN TIM1_MspDeInit 1 */
 133:Core/Src/stm32g0xx_hal_msp.c **** 
 134:Core/Src/stm32g0xx_hal_msp.c ****     /* USER CODE END TIM1_MspDeInit 1 */
 135:Core/Src/stm32g0xx_hal_msp.c ****   }
 136:Core/Src/stm32g0xx_hal_msp.c **** 
 137:Core/Src/stm32g0xx_hal_msp.c **** }
 208              		.loc 1 137 1 view .LVU43
 209              		@ sp needed
 210 0008 7047     		bx	lr
 211              	.L13:
 131:Core/Src/stm32g0xx_hal_msp.c ****     /* USER CODE BEGIN TIM1_MspDeInit 1 */
 212              		.loc 1 131 5 is_stmt 1 view .LVU44
 213 000a 044A     		ldr	r2, .L14+4
 214 000c 136C     		ldr	r3, [r2, #64]
 215 000e 0449     		ldr	r1, .L14+8
 216 0010 0B40     		ands	r3, r1
 217 0012 1364     		str	r3, [r2, #64]
 218              		.loc 1 137 1 is_stmt 0 view .LVU45
 219 0014 F8E7     		b	.L11
 220              	.L15:
 221 0016 C046     		.align	2
 222              	.L14:
 223 0018 002C0140 		.word	1073818624
 224 001c 00100240 		.word	1073876992
 225 0020 FFF7FFFF 		.word	-2049
 226              		.cfi_endproc
 227              	.LFE368:
 229              		.section	.text.HAL_UART_MspInit,"ax",%progbits
 230              		.align	1
 231              		.global	HAL_UART_MspInit
 232              		.syntax unified
 233              		.code	16
 234              		.thumb_func
 236              	HAL_UART_MspInit:
 237              	.LVL9:
 238              	.LFB369:
 138:Core/Src/stm32g0xx_hal_msp.c **** 
 139:Core/Src/stm32g0xx_hal_msp.c **** /**
 140:Core/Src/stm32g0xx_hal_msp.c ****   * @brief UART MSP Initialization
 141:Core/Src/stm32g0xx_hal_msp.c ****   * This function configures the hardware resources used in this example
 142:Core/Src/stm32g0xx_hal_msp.c ****   * @param huart: UART handle pointer
 143:Core/Src/stm32g0xx_hal_msp.c ****   * @retval None
 144:Core/Src/stm32g0xx_hal_msp.c ****   */
 145:Core/Src/stm32g0xx_hal_msp.c **** void HAL_UART_MspInit(UART_HandleTypeDef* huart)
 146:Core/Src/stm32g0xx_hal_msp.c **** {
 239              		.loc 1 146 1 is_stmt 1 view -0
 240              		.cfi_startproc
 241              		@ args = 0, pretend = 0, frame = 104
 242              		@ frame_needed = 0, uses_anonymous_args = 0
 243              		.loc 1 146 1 is_stmt 0 view .LVU47
 244 0000 10B5     		push	{r4, lr}
 245              	.LCFI4:
 246              		.cfi_def_cfa_offset 8
ARM GAS  /tmp/cc3QKZAz.s 			page 8


 247              		.cfi_offset 4, -8
 248              		.cfi_offset 14, -4
 249 0002 9AB0     		sub	sp, sp, #104
 250              	.LCFI5:
 251              		.cfi_def_cfa_offset 112
 252 0004 0400     		movs	r4, r0
 147:Core/Src/stm32g0xx_hal_msp.c ****   GPIO_InitTypeDef GPIO_InitStruct = {0};
 253              		.loc 1 147 3 is_stmt 1 view .LVU48
 254              		.loc 1 147 20 is_stmt 0 view .LVU49
 255 0006 1422     		movs	r2, #20
 256 0008 0021     		movs	r1, #0
 257 000a 15A8     		add	r0, sp, #84
 258              	.LVL10:
 259              		.loc 1 147 20 view .LVU50
 260 000c FFF7FEFF 		bl	memset
 261              	.LVL11:
 148:Core/Src/stm32g0xx_hal_msp.c ****   RCC_PeriphCLKInitTypeDef PeriphClkInit = {0};
 262              		.loc 1 148 3 is_stmt 1 view .LVU51
 263              		.loc 1 148 28 is_stmt 0 view .LVU52
 264 0010 4C22     		movs	r2, #76
 265 0012 0021     		movs	r1, #0
 266 0014 02A8     		add	r0, sp, #8
 267 0016 FFF7FEFF 		bl	memset
 268              	.LVL12:
 149:Core/Src/stm32g0xx_hal_msp.c ****   if(huart->Instance==USART1)
 269              		.loc 1 149 3 is_stmt 1 view .LVU53
 270              		.loc 1 149 11 is_stmt 0 view .LVU54
 271 001a 2268     		ldr	r2, [r4]
 272              		.loc 1 149 5 view .LVU55
 273 001c 1B4B     		ldr	r3, .L21
 274 001e 9A42     		cmp	r2, r3
 275 0020 01D0     		beq	.L19
 276              	.L16:
 150:Core/Src/stm32g0xx_hal_msp.c ****   {
 151:Core/Src/stm32g0xx_hal_msp.c ****     /* USER CODE BEGIN USART1_MspInit 0 */
 152:Core/Src/stm32g0xx_hal_msp.c **** 
 153:Core/Src/stm32g0xx_hal_msp.c ****     /* USER CODE END USART1_MspInit 0 */
 154:Core/Src/stm32g0xx_hal_msp.c **** 
 155:Core/Src/stm32g0xx_hal_msp.c ****   /** Initializes the peripherals clocks
 156:Core/Src/stm32g0xx_hal_msp.c ****   */
 157:Core/Src/stm32g0xx_hal_msp.c ****     PeriphClkInit.PeriphClockSelection = RCC_PERIPHCLK_USART1;
 158:Core/Src/stm32g0xx_hal_msp.c ****     PeriphClkInit.Usart1ClockSelection = RCC_USART1CLKSOURCE_PCLK1;
 159:Core/Src/stm32g0xx_hal_msp.c ****     if (HAL_RCCEx_PeriphCLKConfig(&PeriphClkInit) != HAL_OK)
 160:Core/Src/stm32g0xx_hal_msp.c ****     {
 161:Core/Src/stm32g0xx_hal_msp.c ****       Error_Handler();
 162:Core/Src/stm32g0xx_hal_msp.c ****     }
 163:Core/Src/stm32g0xx_hal_msp.c **** 
 164:Core/Src/stm32g0xx_hal_msp.c ****     /* Peripheral clock enable */
 165:Core/Src/stm32g0xx_hal_msp.c ****     __HAL_RCC_USART1_CLK_ENABLE();
 166:Core/Src/stm32g0xx_hal_msp.c **** 
 167:Core/Src/stm32g0xx_hal_msp.c ****     __HAL_RCC_GPIOB_CLK_ENABLE();
 168:Core/Src/stm32g0xx_hal_msp.c ****     /**USART1 GPIO Configuration
 169:Core/Src/stm32g0xx_hal_msp.c ****     PB6     ------> USART1_TX
 170:Core/Src/stm32g0xx_hal_msp.c ****     */
 171:Core/Src/stm32g0xx_hal_msp.c ****     GPIO_InitStruct.Pin = GPIO_PIN_6;
 172:Core/Src/stm32g0xx_hal_msp.c ****     GPIO_InitStruct.Mode = GPIO_MODE_AF_OD;
 173:Core/Src/stm32g0xx_hal_msp.c ****     GPIO_InitStruct.Pull = GPIO_NOPULL;
ARM GAS  /tmp/cc3QKZAz.s 			page 9


 174:Core/Src/stm32g0xx_hal_msp.c ****     GPIO_InitStruct.Speed = GPIO_SPEED_FREQ_VERY_HIGH;
 175:Core/Src/stm32g0xx_hal_msp.c ****     GPIO_InitStruct.Alternate = GPIO_AF0_USART1;
 176:Core/Src/stm32g0xx_hal_msp.c ****     HAL_GPIO_Init(GPIOB, &GPIO_InitStruct);
 177:Core/Src/stm32g0xx_hal_msp.c **** 
 178:Core/Src/stm32g0xx_hal_msp.c ****     /* USART1 interrupt Init */
 179:Core/Src/stm32g0xx_hal_msp.c ****     HAL_NVIC_SetPriority(USART1_IRQn, 1, 0);
 180:Core/Src/stm32g0xx_hal_msp.c ****     HAL_NVIC_EnableIRQ(USART1_IRQn);
 181:Core/Src/stm32g0xx_hal_msp.c ****     /* USER CODE BEGIN USART1_MspInit 1 */
 182:Core/Src/stm32g0xx_hal_msp.c **** 
 183:Core/Src/stm32g0xx_hal_msp.c ****     /* USER CODE END USART1_MspInit 1 */
 184:Core/Src/stm32g0xx_hal_msp.c **** 
 185:Core/Src/stm32g0xx_hal_msp.c ****   }
 186:Core/Src/stm32g0xx_hal_msp.c **** 
 187:Core/Src/stm32g0xx_hal_msp.c **** }
 277              		.loc 1 187 1 view .LVU56
 278 0022 1AB0     		add	sp, sp, #104
 279              		@ sp needed
 280              	.LVL13:
 281              		.loc 1 187 1 view .LVU57
 282 0024 10BD     		pop	{r4, pc}
 283              	.LVL14:
 284              	.L19:
 157:Core/Src/stm32g0xx_hal_msp.c ****     PeriphClkInit.Usart1ClockSelection = RCC_USART1CLKSOURCE_PCLK1;
 285              		.loc 1 157 5 is_stmt 1 view .LVU58
 157:Core/Src/stm32g0xx_hal_msp.c ****     PeriphClkInit.Usart1ClockSelection = RCC_USART1CLKSOURCE_PCLK1;
 286              		.loc 1 157 40 is_stmt 0 view .LVU59
 287 0026 0123     		movs	r3, #1
 288 0028 0293     		str	r3, [sp, #8]
 158:Core/Src/stm32g0xx_hal_msp.c ****     if (HAL_RCCEx_PeriphCLKConfig(&PeriphClkInit) != HAL_OK)
 289              		.loc 1 158 5 is_stmt 1 view .LVU60
 159:Core/Src/stm32g0xx_hal_msp.c ****     {
 290              		.loc 1 159 5 view .LVU61
 159:Core/Src/stm32g0xx_hal_msp.c ****     {
 291              		.loc 1 159 9 is_stmt 0 view .LVU62
 292 002a 02A8     		add	r0, sp, #8
 293 002c FFF7FEFF 		bl	HAL_RCCEx_PeriphCLKConfig
 294              	.LVL15:
 159:Core/Src/stm32g0xx_hal_msp.c ****     {
 295              		.loc 1 159 8 discriminator 1 view .LVU63
 296 0030 0028     		cmp	r0, #0
 297 0032 27D1     		bne	.L20
 298              	.L18:
 165:Core/Src/stm32g0xx_hal_msp.c **** 
 299              		.loc 1 165 5 is_stmt 1 view .LVU64
 300              	.LBB5:
 165:Core/Src/stm32g0xx_hal_msp.c **** 
 301              		.loc 1 165 5 view .LVU65
 165:Core/Src/stm32g0xx_hal_msp.c **** 
 302              		.loc 1 165 5 view .LVU66
 303 0034 164B     		ldr	r3, .L21+4
 304 0036 1A6C     		ldr	r2, [r3, #64]
 305 0038 8021     		movs	r1, #128
 306 003a C901     		lsls	r1, r1, #7
 307 003c 0A43     		orrs	r2, r1
 308 003e 1A64     		str	r2, [r3, #64]
 165:Core/Src/stm32g0xx_hal_msp.c **** 
 309              		.loc 1 165 5 view .LVU67
ARM GAS  /tmp/cc3QKZAz.s 			page 10


 310 0040 1A6C     		ldr	r2, [r3, #64]
 311 0042 0A40     		ands	r2, r1
 312 0044 0092     		str	r2, [sp]
 165:Core/Src/stm32g0xx_hal_msp.c **** 
 313              		.loc 1 165 5 view .LVU68
 314 0046 009A     		ldr	r2, [sp]
 315              	.LBE5:
 165:Core/Src/stm32g0xx_hal_msp.c **** 
 316              		.loc 1 165 5 view .LVU69
 167:Core/Src/stm32g0xx_hal_msp.c ****     /**USART1 GPIO Configuration
 317              		.loc 1 167 5 view .LVU70
 318              	.LBB6:
 167:Core/Src/stm32g0xx_hal_msp.c ****     /**USART1 GPIO Configuration
 319              		.loc 1 167 5 view .LVU71
 167:Core/Src/stm32g0xx_hal_msp.c ****     /**USART1 GPIO Configuration
 320              		.loc 1 167 5 view .LVU72
 321 0048 596B     		ldr	r1, [r3, #52]
 322 004a 0222     		movs	r2, #2
 323 004c 1143     		orrs	r1, r2
 324 004e 5963     		str	r1, [r3, #52]
 167:Core/Src/stm32g0xx_hal_msp.c ****     /**USART1 GPIO Configuration
 325              		.loc 1 167 5 view .LVU73
 326 0050 5B6B     		ldr	r3, [r3, #52]
 327 0052 1A40     		ands	r2, r3
 328 0054 0192     		str	r2, [sp, #4]
 167:Core/Src/stm32g0xx_hal_msp.c ****     /**USART1 GPIO Configuration
 329              		.loc 1 167 5 view .LVU74
 330 0056 019B     		ldr	r3, [sp, #4]
 331              	.LBE6:
 167:Core/Src/stm32g0xx_hal_msp.c ****     /**USART1 GPIO Configuration
 332              		.loc 1 167 5 view .LVU75
 171:Core/Src/stm32g0xx_hal_msp.c ****     GPIO_InitStruct.Mode = GPIO_MODE_AF_OD;
 333              		.loc 1 171 5 view .LVU76
 171:Core/Src/stm32g0xx_hal_msp.c ****     GPIO_InitStruct.Mode = GPIO_MODE_AF_OD;
 334              		.loc 1 171 25 is_stmt 0 view .LVU77
 335 0058 4023     		movs	r3, #64
 336 005a 1593     		str	r3, [sp, #84]
 172:Core/Src/stm32g0xx_hal_msp.c ****     GPIO_InitStruct.Pull = GPIO_NOPULL;
 337              		.loc 1 172 5 is_stmt 1 view .LVU78
 172:Core/Src/stm32g0xx_hal_msp.c ****     GPIO_InitStruct.Pull = GPIO_NOPULL;
 338              		.loc 1 172 26 is_stmt 0 view .LVU79
 339 005c 2E3B     		subs	r3, r3, #46
 340 005e 1693     		str	r3, [sp, #88]
 173:Core/Src/stm32g0xx_hal_msp.c ****     GPIO_InitStruct.Speed = GPIO_SPEED_FREQ_VERY_HIGH;
 341              		.loc 1 173 5 is_stmt 1 view .LVU80
 173:Core/Src/stm32g0xx_hal_msp.c ****     GPIO_InitStruct.Speed = GPIO_SPEED_FREQ_VERY_HIGH;
 342              		.loc 1 173 26 is_stmt 0 view .LVU81
 343 0060 0023     		movs	r3, #0
 344 0062 1793     		str	r3, [sp, #92]
 174:Core/Src/stm32g0xx_hal_msp.c ****     GPIO_InitStruct.Alternate = GPIO_AF0_USART1;
 345              		.loc 1 174 5 is_stmt 1 view .LVU82
 174:Core/Src/stm32g0xx_hal_msp.c ****     GPIO_InitStruct.Alternate = GPIO_AF0_USART1;
 346              		.loc 1 174 27 is_stmt 0 view .LVU83
 347 0064 0322     		movs	r2, #3
 348 0066 1892     		str	r2, [sp, #96]
 175:Core/Src/stm32g0xx_hal_msp.c ****     HAL_GPIO_Init(GPIOB, &GPIO_InitStruct);
 349              		.loc 1 175 5 is_stmt 1 view .LVU84
ARM GAS  /tmp/cc3QKZAz.s 			page 11


 175:Core/Src/stm32g0xx_hal_msp.c ****     HAL_GPIO_Init(GPIOB, &GPIO_InitStruct);
 350              		.loc 1 175 31 is_stmt 0 view .LVU85
 351 0068 1993     		str	r3, [sp, #100]
 176:Core/Src/stm32g0xx_hal_msp.c **** 
 352              		.loc 1 176 5 is_stmt 1 view .LVU86
 353 006a 15A9     		add	r1, sp, #84
 354 006c 0948     		ldr	r0, .L21+8
 355 006e FFF7FEFF 		bl	HAL_GPIO_Init
 356              	.LVL16:
 179:Core/Src/stm32g0xx_hal_msp.c ****     HAL_NVIC_EnableIRQ(USART1_IRQn);
 357              		.loc 1 179 5 view .LVU87
 358 0072 0022     		movs	r2, #0
 359 0074 0121     		movs	r1, #1
 360 0076 1B20     		movs	r0, #27
 361 0078 FFF7FEFF 		bl	HAL_NVIC_SetPriority
 362              	.LVL17:
 180:Core/Src/stm32g0xx_hal_msp.c ****     /* USER CODE BEGIN USART1_MspInit 1 */
 363              		.loc 1 180 5 view .LVU88
 364 007c 1B20     		movs	r0, #27
 365 007e FFF7FEFF 		bl	HAL_NVIC_EnableIRQ
 366              	.LVL18:
 367              		.loc 1 187 1 is_stmt 0 view .LVU89
 368 0082 CEE7     		b	.L16
 369              	.L20:
 161:Core/Src/stm32g0xx_hal_msp.c ****     }
 370              		.loc 1 161 7 is_stmt 1 view .LVU90
 371 0084 FFF7FEFF 		bl	Error_Handler
 372              	.LVL19:
 373 0088 D4E7     		b	.L18
 374              	.L22:
 375 008a C046     		.align	2
 376              	.L21:
 377 008c 00380140 		.word	1073821696
 378 0090 00100240 		.word	1073876992
 379 0094 00040050 		.word	1342178304
 380              		.cfi_endproc
 381              	.LFE369:
 383              		.section	.text.HAL_UART_MspDeInit,"ax",%progbits
 384              		.align	1
 385              		.global	HAL_UART_MspDeInit
 386              		.syntax unified
 387              		.code	16
 388              		.thumb_func
 390              	HAL_UART_MspDeInit:
 391              	.LVL20:
 392              	.LFB370:
 188:Core/Src/stm32g0xx_hal_msp.c **** 
 189:Core/Src/stm32g0xx_hal_msp.c **** /**
 190:Core/Src/stm32g0xx_hal_msp.c ****   * @brief UART MSP De-Initialization
 191:Core/Src/stm32g0xx_hal_msp.c ****   * This function freeze the hardware resources used in this example
 192:Core/Src/stm32g0xx_hal_msp.c ****   * @param huart: UART handle pointer
 193:Core/Src/stm32g0xx_hal_msp.c ****   * @retval None
 194:Core/Src/stm32g0xx_hal_msp.c ****   */
 195:Core/Src/stm32g0xx_hal_msp.c **** void HAL_UART_MspDeInit(UART_HandleTypeDef* huart)
 196:Core/Src/stm32g0xx_hal_msp.c **** {
 393              		.loc 1 196 1 view -0
 394              		.cfi_startproc
ARM GAS  /tmp/cc3QKZAz.s 			page 12


 395              		@ args = 0, pretend = 0, frame = 0
 396              		@ frame_needed = 0, uses_anonymous_args = 0
 397              		.loc 1 196 1 is_stmt 0 view .LVU92
 398 0000 10B5     		push	{r4, lr}
 399              	.LCFI6:
 400              		.cfi_def_cfa_offset 8
 401              		.cfi_offset 4, -8
 402              		.cfi_offset 14, -4
 197:Core/Src/stm32g0xx_hal_msp.c ****   if(huart->Instance==USART1)
 403              		.loc 1 197 3 is_stmt 1 view .LVU93
 404              		.loc 1 197 11 is_stmt 0 view .LVU94
 405 0002 0268     		ldr	r2, [r0]
 406              		.loc 1 197 5 view .LVU95
 407 0004 084B     		ldr	r3, .L26
 408 0006 9A42     		cmp	r2, r3
 409 0008 00D0     		beq	.L25
 410              	.LVL21:
 411              	.L23:
 198:Core/Src/stm32g0xx_hal_msp.c ****   {
 199:Core/Src/stm32g0xx_hal_msp.c ****     /* USER CODE BEGIN USART1_MspDeInit 0 */
 200:Core/Src/stm32g0xx_hal_msp.c **** 
 201:Core/Src/stm32g0xx_hal_msp.c ****     /* USER CODE END USART1_MspDeInit 0 */
 202:Core/Src/stm32g0xx_hal_msp.c ****     /* Peripheral clock disable */
 203:Core/Src/stm32g0xx_hal_msp.c ****     __HAL_RCC_USART1_CLK_DISABLE();
 204:Core/Src/stm32g0xx_hal_msp.c **** 
 205:Core/Src/stm32g0xx_hal_msp.c ****     /**USART1 GPIO Configuration
 206:Core/Src/stm32g0xx_hal_msp.c ****     PB6     ------> USART1_TX
 207:Core/Src/stm32g0xx_hal_msp.c ****     */
 208:Core/Src/stm32g0xx_hal_msp.c ****     HAL_GPIO_DeInit(GPIOB, GPIO_PIN_6);
 209:Core/Src/stm32g0xx_hal_msp.c **** 
 210:Core/Src/stm32g0xx_hal_msp.c ****     /* USART1 interrupt DeInit */
 211:Core/Src/stm32g0xx_hal_msp.c ****     HAL_NVIC_DisableIRQ(USART1_IRQn);
 212:Core/Src/stm32g0xx_hal_msp.c ****     /* USER CODE BEGIN USART1_MspDeInit 1 */
 213:Core/Src/stm32g0xx_hal_msp.c **** 
 214:Core/Src/stm32g0xx_hal_msp.c ****     /* USER CODE END USART1_MspDeInit 1 */
 215:Core/Src/stm32g0xx_hal_msp.c ****   }
 216:Core/Src/stm32g0xx_hal_msp.c **** 
 217:Core/Src/stm32g0xx_hal_msp.c **** }
 412              		.loc 1 217 1 view .LVU96
 413              		@ sp needed
 414 000a 10BD     		pop	{r4, pc}
 415              	.LVL22:
 416              	.L25:
 203:Core/Src/stm32g0xx_hal_msp.c **** 
 417              		.loc 1 203 5 is_stmt 1 view .LVU97
 418 000c 074A     		ldr	r2, .L26+4
 419 000e 136C     		ldr	r3, [r2, #64]
 420 0010 0749     		ldr	r1, .L26+8
 421 0012 0B40     		ands	r3, r1
 422 0014 1364     		str	r3, [r2, #64]
 208:Core/Src/stm32g0xx_hal_msp.c **** 
 423              		.loc 1 208 5 view .LVU98
 424 0016 4021     		movs	r1, #64
 425 0018 0648     		ldr	r0, .L26+12
 426              	.LVL23:
 208:Core/Src/stm32g0xx_hal_msp.c **** 
 427              		.loc 1 208 5 is_stmt 0 view .LVU99
ARM GAS  /tmp/cc3QKZAz.s 			page 13


 428 001a FFF7FEFF 		bl	HAL_GPIO_DeInit
 429              	.LVL24:
 211:Core/Src/stm32g0xx_hal_msp.c ****     /* USER CODE BEGIN USART1_MspDeInit 1 */
 430              		.loc 1 211 5 is_stmt 1 view .LVU100
 431 001e 1B20     		movs	r0, #27
 432 0020 FFF7FEFF 		bl	HAL_NVIC_DisableIRQ
 433              	.LVL25:
 434              		.loc 1 217 1 is_stmt 0 view .LVU101
 435 0024 F1E7     		b	.L23
 436              	.L27:
 437 0026 C046     		.align	2
 438              	.L26:
 439 0028 00380140 		.word	1073821696
 440 002c 00100240 		.word	1073876992
 441 0030 FFBFFFFF 		.word	-16385
 442 0034 00040050 		.word	1342178304
 443              		.cfi_endproc
 444              	.LFE370:
 446              		.text
 447              	.Letext0:
 448              		.file 2 "Drivers/CMSIS/Device/ST/STM32G0xx/Include/stm32g0b1xx.h"
 449              		.file 3 "/usr/lib/gcc/arm-none-eabi/13.2.1/include/stdint.h"
 450              		.file 4 "Drivers/STM32G0xx_HAL_Driver/Inc/stm32g0xx_hal_def.h"
 451              		.file 5 "Drivers/STM32G0xx_HAL_Driver/Inc/stm32g0xx_hal_rcc_ex.h"
 452              		.file 6 "Drivers/STM32G0xx_HAL_Driver/Inc/stm32g0xx_hal_gpio.h"
 453              		.file 7 "Drivers/STM32G0xx_HAL_Driver/Inc/stm32g0xx_hal_dma.h"
 454              		.file 8 "Drivers/STM32G0xx_HAL_Driver/Inc/stm32g0xx_hal_tim.h"
 455              		.file 9 "Drivers/STM32G0xx_HAL_Driver/Inc/stm32g0xx_hal_uart.h"
 456              		.file 10 "Drivers/STM32G0xx_HAL_Driver/Inc/stm32g0xx_hal_cortex.h"
 457              		.file 11 "Drivers/STM32G0xx_HAL_Driver/Inc/stm32g0xx_hal.h"
 458              		.file 12 "Drivers/STM32G0xx_HAL_Driver/Inc/stm32g0xx_ll_dma.h"
 459              		.file 13 "Core/Inc/main.h"
 460              		.file 14 "<built-in>"
ARM GAS  /tmp/cc3QKZAz.s 			page 14


DEFINED SYMBOLS
                            *ABS*:00000000 stm32g0xx_hal_msp.c
     /tmp/cc3QKZAz.s:19     .text.HAL_MspInit:00000000 $t
     /tmp/cc3QKZAz.s:25     .text.HAL_MspInit:00000000 HAL_MspInit
     /tmp/cc3QKZAz.s:84     .text.HAL_MspInit:00000034 $d
     /tmp/cc3QKZAz.s:89     .text.HAL_TIM_Base_MspInit:00000000 $t
     /tmp/cc3QKZAz.s:95     .text.HAL_TIM_Base_MspInit:00000000 HAL_TIM_Base_MspInit
     /tmp/cc3QKZAz.s:180    .text.HAL_TIM_Base_MspInit:00000048 $d
     /tmp/cc3QKZAz.s:186    .text.HAL_TIM_Base_MspDeInit:00000000 $t
     /tmp/cc3QKZAz.s:192    .text.HAL_TIM_Base_MspDeInit:00000000 HAL_TIM_Base_MspDeInit
     /tmp/cc3QKZAz.s:223    .text.HAL_TIM_Base_MspDeInit:00000018 $d
     /tmp/cc3QKZAz.s:230    .text.HAL_UART_MspInit:00000000 $t
     /tmp/cc3QKZAz.s:236    .text.HAL_UART_MspInit:00000000 HAL_UART_MspInit
     /tmp/cc3QKZAz.s:377    .text.HAL_UART_MspInit:0000008c $d
     /tmp/cc3QKZAz.s:384    .text.HAL_UART_MspDeInit:00000000 $t
     /tmp/cc3QKZAz.s:390    .text.HAL_UART_MspDeInit:00000000 HAL_UART_MspDeInit
     /tmp/cc3QKZAz.s:439    .text.HAL_UART_MspDeInit:00000028 $d

UNDEFINED SYMBOLS
HAL_SYSCFG_StrobeDBattpinsConfig
memset
HAL_RCCEx_PeriphCLKConfig
Error_Handler
HAL_GPIO_Init
HAL_NVIC_SetPriority
HAL_NVIC_EnableIRQ
HAL_GPIO_DeInit
HAL_NVIC_DisableIRQ
