ARM GAS  /tmp/cczRylBT.s 			page 1


   1              		.cpu cortex-m0plus
   2              		.arch armv6s-m
   3              		.fpu softvfp
   4              		.eabi_attribute 20, 1
   5              		.eabi_attribute 21, 1
   6              		.eabi_attribute 23, 3
   7              		.eabi_attribute 24, 1
   8              		.eabi_attribute 25, 1
   9              		.eabi_attribute 26, 1
  10              		.eabi_attribute 30, 1
  11              		.eabi_attribute 34, 0
  12              		.eabi_attribute 18, 4
  13              		.file	"stm32g0xx_hal_pcd_ex.c"
  14              		.text
  15              	.Ltext0:
  16              		.cfi_sections	.debug_frame
  17              		.file 1 "Drivers/STM32G0xx_HAL_Driver/Src/stm32g0xx_hal_pcd_ex.c"
  18              		.section	.text.HAL_PCDEx_PMAConfig,"ax",%progbits
  19              		.align	1
  20              		.global	HAL_PCDEx_PMAConfig
  21              		.syntax unified
  22              		.code	16
  23              		.thumb_func
  25              	HAL_PCDEx_PMAConfig:
  26              	.LVL0:
  27              	.LFB366:
   1:Drivers/STM32G0xx_HAL_Driver/Src/stm32g0xx_hal_pcd_ex.c **** /**
   2:Drivers/STM32G0xx_HAL_Driver/Src/stm32g0xx_hal_pcd_ex.c ****   ******************************************************************************
   3:Drivers/STM32G0xx_HAL_Driver/Src/stm32g0xx_hal_pcd_ex.c ****   * @file    stm32g0xx_hal_pcd_ex.c
   4:Drivers/STM32G0xx_HAL_Driver/Src/stm32g0xx_hal_pcd_ex.c ****   * @author  MCD Application Team
   5:Drivers/STM32G0xx_HAL_Driver/Src/stm32g0xx_hal_pcd_ex.c ****   * @brief   PCD Extended HAL module driver.
   6:Drivers/STM32G0xx_HAL_Driver/Src/stm32g0xx_hal_pcd_ex.c ****   *          This file provides firmware functions to manage the following
   7:Drivers/STM32G0xx_HAL_Driver/Src/stm32g0xx_hal_pcd_ex.c ****   *          functionalities of the USB Peripheral Controller:
   8:Drivers/STM32G0xx_HAL_Driver/Src/stm32g0xx_hal_pcd_ex.c ****   *           + Extended features functions
   9:Drivers/STM32G0xx_HAL_Driver/Src/stm32g0xx_hal_pcd_ex.c ****   *
  10:Drivers/STM32G0xx_HAL_Driver/Src/stm32g0xx_hal_pcd_ex.c ****   ******************************************************************************
  11:Drivers/STM32G0xx_HAL_Driver/Src/stm32g0xx_hal_pcd_ex.c ****   * @attention
  12:Drivers/STM32G0xx_HAL_Driver/Src/stm32g0xx_hal_pcd_ex.c ****   *
  13:Drivers/STM32G0xx_HAL_Driver/Src/stm32g0xx_hal_pcd_ex.c ****   * Copyright (c) 2018 STMicroelectronics.
  14:Drivers/STM32G0xx_HAL_Driver/Src/stm32g0xx_hal_pcd_ex.c ****   * All rights reserved.
  15:Drivers/STM32G0xx_HAL_Driver/Src/stm32g0xx_hal_pcd_ex.c ****   *
  16:Drivers/STM32G0xx_HAL_Driver/Src/stm32g0xx_hal_pcd_ex.c ****   * This software is licensed under terms that can be found in the LICENSE file
  17:Drivers/STM32G0xx_HAL_Driver/Src/stm32g0xx_hal_pcd_ex.c ****   * in the root directory of this software component.
  18:Drivers/STM32G0xx_HAL_Driver/Src/stm32g0xx_hal_pcd_ex.c ****   * If no LICENSE file comes with this software, it is provided AS-IS.
  19:Drivers/STM32G0xx_HAL_Driver/Src/stm32g0xx_hal_pcd_ex.c ****   *
  20:Drivers/STM32G0xx_HAL_Driver/Src/stm32g0xx_hal_pcd_ex.c ****   ******************************************************************************
  21:Drivers/STM32G0xx_HAL_Driver/Src/stm32g0xx_hal_pcd_ex.c ****   */
  22:Drivers/STM32G0xx_HAL_Driver/Src/stm32g0xx_hal_pcd_ex.c **** 
  23:Drivers/STM32G0xx_HAL_Driver/Src/stm32g0xx_hal_pcd_ex.c **** /* Includes ------------------------------------------------------------------*/
  24:Drivers/STM32G0xx_HAL_Driver/Src/stm32g0xx_hal_pcd_ex.c **** #include "stm32g0xx_hal.h"
  25:Drivers/STM32G0xx_HAL_Driver/Src/stm32g0xx_hal_pcd_ex.c **** 
  26:Drivers/STM32G0xx_HAL_Driver/Src/stm32g0xx_hal_pcd_ex.c **** /** @addtogroup STM32G0xx_HAL_Driver
  27:Drivers/STM32G0xx_HAL_Driver/Src/stm32g0xx_hal_pcd_ex.c ****   * @{
  28:Drivers/STM32G0xx_HAL_Driver/Src/stm32g0xx_hal_pcd_ex.c ****   */
  29:Drivers/STM32G0xx_HAL_Driver/Src/stm32g0xx_hal_pcd_ex.c **** 
  30:Drivers/STM32G0xx_HAL_Driver/Src/stm32g0xx_hal_pcd_ex.c **** /** @defgroup PCDEx PCDEx
  31:Drivers/STM32G0xx_HAL_Driver/Src/stm32g0xx_hal_pcd_ex.c ****   * @brief PCD Extended HAL module driver
ARM GAS  /tmp/cczRylBT.s 			page 2


  32:Drivers/STM32G0xx_HAL_Driver/Src/stm32g0xx_hal_pcd_ex.c ****   * @{
  33:Drivers/STM32G0xx_HAL_Driver/Src/stm32g0xx_hal_pcd_ex.c ****   */
  34:Drivers/STM32G0xx_HAL_Driver/Src/stm32g0xx_hal_pcd_ex.c **** 
  35:Drivers/STM32G0xx_HAL_Driver/Src/stm32g0xx_hal_pcd_ex.c **** #ifdef HAL_PCD_MODULE_ENABLED
  36:Drivers/STM32G0xx_HAL_Driver/Src/stm32g0xx_hal_pcd_ex.c **** 
  37:Drivers/STM32G0xx_HAL_Driver/Src/stm32g0xx_hal_pcd_ex.c **** #if defined (USB_DRD_FS)
  38:Drivers/STM32G0xx_HAL_Driver/Src/stm32g0xx_hal_pcd_ex.c **** /* Private types -------------------------------------------------------------*/
  39:Drivers/STM32G0xx_HAL_Driver/Src/stm32g0xx_hal_pcd_ex.c **** /* Private variables ---------------------------------------------------------*/
  40:Drivers/STM32G0xx_HAL_Driver/Src/stm32g0xx_hal_pcd_ex.c **** /* Private constants ---------------------------------------------------------*/
  41:Drivers/STM32G0xx_HAL_Driver/Src/stm32g0xx_hal_pcd_ex.c **** /* Private macros ------------------------------------------------------------*/
  42:Drivers/STM32G0xx_HAL_Driver/Src/stm32g0xx_hal_pcd_ex.c **** /* Private functions ---------------------------------------------------------*/
  43:Drivers/STM32G0xx_HAL_Driver/Src/stm32g0xx_hal_pcd_ex.c **** /* Exported functions --------------------------------------------------------*/
  44:Drivers/STM32G0xx_HAL_Driver/Src/stm32g0xx_hal_pcd_ex.c **** 
  45:Drivers/STM32G0xx_HAL_Driver/Src/stm32g0xx_hal_pcd_ex.c **** /** @defgroup PCDEx_Exported_Functions PCDEx Exported Functions
  46:Drivers/STM32G0xx_HAL_Driver/Src/stm32g0xx_hal_pcd_ex.c ****   * @{
  47:Drivers/STM32G0xx_HAL_Driver/Src/stm32g0xx_hal_pcd_ex.c ****   */
  48:Drivers/STM32G0xx_HAL_Driver/Src/stm32g0xx_hal_pcd_ex.c **** 
  49:Drivers/STM32G0xx_HAL_Driver/Src/stm32g0xx_hal_pcd_ex.c **** /** @defgroup PCDEx_Exported_Functions_Group1 Peripheral Control functions
  50:Drivers/STM32G0xx_HAL_Driver/Src/stm32g0xx_hal_pcd_ex.c ****   * @brief    PCDEx control functions
  51:Drivers/STM32G0xx_HAL_Driver/Src/stm32g0xx_hal_pcd_ex.c ****   *
  52:Drivers/STM32G0xx_HAL_Driver/Src/stm32g0xx_hal_pcd_ex.c **** @verbatim
  53:Drivers/STM32G0xx_HAL_Driver/Src/stm32g0xx_hal_pcd_ex.c ****  ===============================================================================
  54:Drivers/STM32G0xx_HAL_Driver/Src/stm32g0xx_hal_pcd_ex.c ****                  ##### Extended features functions #####
  55:Drivers/STM32G0xx_HAL_Driver/Src/stm32g0xx_hal_pcd_ex.c ****  ===============================================================================
  56:Drivers/STM32G0xx_HAL_Driver/Src/stm32g0xx_hal_pcd_ex.c ****     [..]  This section provides functions allowing to:
  57:Drivers/STM32G0xx_HAL_Driver/Src/stm32g0xx_hal_pcd_ex.c ****       (+) Update FIFO configuration
  58:Drivers/STM32G0xx_HAL_Driver/Src/stm32g0xx_hal_pcd_ex.c **** 
  59:Drivers/STM32G0xx_HAL_Driver/Src/stm32g0xx_hal_pcd_ex.c **** @endverbatim
  60:Drivers/STM32G0xx_HAL_Driver/Src/stm32g0xx_hal_pcd_ex.c ****   * @{
  61:Drivers/STM32G0xx_HAL_Driver/Src/stm32g0xx_hal_pcd_ex.c ****   */
  62:Drivers/STM32G0xx_HAL_Driver/Src/stm32g0xx_hal_pcd_ex.c **** 
  63:Drivers/STM32G0xx_HAL_Driver/Src/stm32g0xx_hal_pcd_ex.c **** /**
  64:Drivers/STM32G0xx_HAL_Driver/Src/stm32g0xx_hal_pcd_ex.c ****   * @brief  Configure PMA for EP
  65:Drivers/STM32G0xx_HAL_Driver/Src/stm32g0xx_hal_pcd_ex.c ****   * @param  hpcd  Device instance
  66:Drivers/STM32G0xx_HAL_Driver/Src/stm32g0xx_hal_pcd_ex.c ****   * @param  ep_addr endpoint address
  67:Drivers/STM32G0xx_HAL_Driver/Src/stm32g0xx_hal_pcd_ex.c ****   * @param  ep_kind endpoint Kind
  68:Drivers/STM32G0xx_HAL_Driver/Src/stm32g0xx_hal_pcd_ex.c ****   *                  USB_SNG_BUF: Single Buffer used
  69:Drivers/STM32G0xx_HAL_Driver/Src/stm32g0xx_hal_pcd_ex.c ****   *                  USB_DBL_BUF: Double Buffer used
  70:Drivers/STM32G0xx_HAL_Driver/Src/stm32g0xx_hal_pcd_ex.c ****   * @param  pmaadress: EP address in The PMA: In case of single buffer endpoint
  71:Drivers/STM32G0xx_HAL_Driver/Src/stm32g0xx_hal_pcd_ex.c ****   *                   this parameter is 16-bit value providing the address
  72:Drivers/STM32G0xx_HAL_Driver/Src/stm32g0xx_hal_pcd_ex.c ****   *                   in PMA allocated to endpoint.
  73:Drivers/STM32G0xx_HAL_Driver/Src/stm32g0xx_hal_pcd_ex.c ****   *                   In case of double buffer endpoint this parameter
  74:Drivers/STM32G0xx_HAL_Driver/Src/stm32g0xx_hal_pcd_ex.c ****   *                   is a 32-bit value providing the endpoint buffer 0 address
  75:Drivers/STM32G0xx_HAL_Driver/Src/stm32g0xx_hal_pcd_ex.c ****   *                   in the LSB part of 32-bit value and endpoint buffer 1 address
  76:Drivers/STM32G0xx_HAL_Driver/Src/stm32g0xx_hal_pcd_ex.c ****   *                   in the MSB part of 32-bit value.
  77:Drivers/STM32G0xx_HAL_Driver/Src/stm32g0xx_hal_pcd_ex.c ****   * @retval HAL status
  78:Drivers/STM32G0xx_HAL_Driver/Src/stm32g0xx_hal_pcd_ex.c ****   */
  79:Drivers/STM32G0xx_HAL_Driver/Src/stm32g0xx_hal_pcd_ex.c **** 
  80:Drivers/STM32G0xx_HAL_Driver/Src/stm32g0xx_hal_pcd_ex.c **** HAL_StatusTypeDef  HAL_PCDEx_PMAConfig(PCD_HandleTypeDef *hpcd, uint16_t ep_addr,
  81:Drivers/STM32G0xx_HAL_Driver/Src/stm32g0xx_hal_pcd_ex.c ****                                        uint16_t ep_kind, uint32_t pmaadress)
  82:Drivers/STM32G0xx_HAL_Driver/Src/stm32g0xx_hal_pcd_ex.c **** {
  28              		.loc 1 82 1 view -0
  29              		.cfi_startproc
  30              		@ args = 0, pretend = 0, frame = 0
  31              		@ frame_needed = 0, uses_anonymous_args = 0
  32              		.loc 1 82 1 is_stmt 0 view .LVU1
  33 0000 10B5     		push	{r4, lr}
ARM GAS  /tmp/cczRylBT.s 			page 3


  34              	.LCFI0:
  35              		.cfi_def_cfa_offset 8
  36              		.cfi_offset 4, -8
  37              		.cfi_offset 14, -4
  83:Drivers/STM32G0xx_HAL_Driver/Src/stm32g0xx_hal_pcd_ex.c ****   PCD_EPTypeDef *ep;
  38              		.loc 1 83 3 is_stmt 1 view .LVU2
  84:Drivers/STM32G0xx_HAL_Driver/Src/stm32g0xx_hal_pcd_ex.c **** 
  85:Drivers/STM32G0xx_HAL_Driver/Src/stm32g0xx_hal_pcd_ex.c ****   /* Initialize ep structure */
  86:Drivers/STM32G0xx_HAL_Driver/Src/stm32g0xx_hal_pcd_ex.c ****   if ((0x80U & ep_addr) == 0x80U)
  39              		.loc 1 86 3 view .LVU3
  40              		.loc 1 86 6 is_stmt 0 view .LVU4
  41 0002 0C06     		lsls	r4, r1, #24
  42 0004 0DD5     		bpl	.L2
  87:Drivers/STM32G0xx_HAL_Driver/Src/stm32g0xx_hal_pcd_ex.c ****   {
  88:Drivers/STM32G0xx_HAL_Driver/Src/stm32g0xx_hal_pcd_ex.c ****     ep = &hpcd->IN_ep[ep_addr & EP_ADDR_MSK];
  43              		.loc 1 88 5 is_stmt 1 view .LVU5
  44              		.loc 1 88 31 is_stmt 0 view .LVU6
  45 0006 0724     		movs	r4, #7
  46 0008 0C40     		ands	r4, r1
  47              		.loc 1 88 8 view .LVU7
  48 000a A100     		lsls	r1, r4, #2
  49              	.LVL1:
  50              		.loc 1 88 8 view .LVU8
  51 000c 0919     		adds	r1, r1, r4
  52 000e C900     		lsls	r1, r1, #3
  53 0010 1031     		adds	r1, r1, #16
  54 0012 4018     		adds	r0, r0, r1
  55              	.LVL2:
  56              		.loc 1 88 8 view .LVU9
  57 0014 0430     		adds	r0, r0, #4
  58              	.LVL3:
  59              	.L3:
  89:Drivers/STM32G0xx_HAL_Driver/Src/stm32g0xx_hal_pcd_ex.c ****   }
  90:Drivers/STM32G0xx_HAL_Driver/Src/stm32g0xx_hal_pcd_ex.c ****   else
  91:Drivers/STM32G0xx_HAL_Driver/Src/stm32g0xx_hal_pcd_ex.c ****   {
  92:Drivers/STM32G0xx_HAL_Driver/Src/stm32g0xx_hal_pcd_ex.c ****     ep = &hpcd->OUT_ep[ep_addr];
  93:Drivers/STM32G0xx_HAL_Driver/Src/stm32g0xx_hal_pcd_ex.c ****   }
  94:Drivers/STM32G0xx_HAL_Driver/Src/stm32g0xx_hal_pcd_ex.c **** 
  95:Drivers/STM32G0xx_HAL_Driver/Src/stm32g0xx_hal_pcd_ex.c ****   /* Here we check if the endpoint is single or double Buffer*/
  96:Drivers/STM32G0xx_HAL_Driver/Src/stm32g0xx_hal_pcd_ex.c ****   if (ep_kind == PCD_SNG_BUF)
  60              		.loc 1 96 3 is_stmt 1 view .LVU10
  61              		.loc 1 96 6 is_stmt 0 view .LVU11
  62 0016 002A     		cmp	r2, #0
  63 0018 0BD1     		bne	.L4
  97:Drivers/STM32G0xx_HAL_Driver/Src/stm32g0xx_hal_pcd_ex.c ****   {
  98:Drivers/STM32G0xx_HAL_Driver/Src/stm32g0xx_hal_pcd_ex.c ****     /* Single Buffer */
  99:Drivers/STM32G0xx_HAL_Driver/Src/stm32g0xx_hal_pcd_ex.c ****     ep->doublebuffer = 0U;
  64              		.loc 1 99 5 is_stmt 1 view .LVU12
  65              		.loc 1 99 22 is_stmt 0 view .LVU13
  66 001a 0273     		strb	r2, [r0, #12]
 100:Drivers/STM32G0xx_HAL_Driver/Src/stm32g0xx_hal_pcd_ex.c **** 
 101:Drivers/STM32G0xx_HAL_Driver/Src/stm32g0xx_hal_pcd_ex.c ****     /* Configure the PMA */
 102:Drivers/STM32G0xx_HAL_Driver/Src/stm32g0xx_hal_pcd_ex.c ****     ep->pmaadress = (uint16_t)pmaadress;
  67              		.loc 1 102 5 is_stmt 1 view .LVU14
  68              		.loc 1 102 19 is_stmt 0 view .LVU15
  69 001c C380     		strh	r3, [r0, #6]
  70              	.LVL4:
ARM GAS  /tmp/cczRylBT.s 			page 4


  71              	.L5:
 103:Drivers/STM32G0xx_HAL_Driver/Src/stm32g0xx_hal_pcd_ex.c ****   }
 104:Drivers/STM32G0xx_HAL_Driver/Src/stm32g0xx_hal_pcd_ex.c **** #if (USE_USB_DOUBLE_BUFFER == 1U)
 105:Drivers/STM32G0xx_HAL_Driver/Src/stm32g0xx_hal_pcd_ex.c ****   else /* USB_DBL_BUF */
 106:Drivers/STM32G0xx_HAL_Driver/Src/stm32g0xx_hal_pcd_ex.c ****   {
 107:Drivers/STM32G0xx_HAL_Driver/Src/stm32g0xx_hal_pcd_ex.c ****     /* Double Buffer Endpoint */
 108:Drivers/STM32G0xx_HAL_Driver/Src/stm32g0xx_hal_pcd_ex.c ****     ep->doublebuffer = 1U;
 109:Drivers/STM32G0xx_HAL_Driver/Src/stm32g0xx_hal_pcd_ex.c **** 
 110:Drivers/STM32G0xx_HAL_Driver/Src/stm32g0xx_hal_pcd_ex.c ****     /* Configure the PMA */
 111:Drivers/STM32G0xx_HAL_Driver/Src/stm32g0xx_hal_pcd_ex.c ****     ep->pmaaddr0 = (uint16_t)(pmaadress & 0xFFFFU);
 112:Drivers/STM32G0xx_HAL_Driver/Src/stm32g0xx_hal_pcd_ex.c ****     ep->pmaaddr1 = (uint16_t)((pmaadress & 0xFFFF0000U) >> 16);
 113:Drivers/STM32G0xx_HAL_Driver/Src/stm32g0xx_hal_pcd_ex.c ****   }
 114:Drivers/STM32G0xx_HAL_Driver/Src/stm32g0xx_hal_pcd_ex.c **** #endif /* (USE_USB_DOUBLE_BUFFER == 1U) */
 115:Drivers/STM32G0xx_HAL_Driver/Src/stm32g0xx_hal_pcd_ex.c **** 
 116:Drivers/STM32G0xx_HAL_Driver/Src/stm32g0xx_hal_pcd_ex.c ****   return HAL_OK;
  72              		.loc 1 116 3 is_stmt 1 view .LVU16
 117:Drivers/STM32G0xx_HAL_Driver/Src/stm32g0xx_hal_pcd_ex.c **** }
  73              		.loc 1 117 1 is_stmt 0 view .LVU17
  74 001e 0020     		movs	r0, #0
  75              	.LVL5:
  76              		.loc 1 117 1 view .LVU18
  77              		@ sp needed
  78 0020 10BD     		pop	{r4, pc}
  79              	.LVL6:
  80              	.L2:
  92:Drivers/STM32G0xx_HAL_Driver/Src/stm32g0xx_hal_pcd_ex.c ****   }
  81              		.loc 1 92 5 is_stmt 1 view .LVU19
  92:Drivers/STM32G0xx_HAL_Driver/Src/stm32g0xx_hal_pcd_ex.c ****   }
  82              		.loc 1 92 8 is_stmt 0 view .LVU20
  83 0022 8C00     		lsls	r4, r1, #2
  84 0024 6118     		adds	r1, r4, r1
  85              	.LVL7:
  92:Drivers/STM32G0xx_HAL_Driver/Src/stm32g0xx_hal_pcd_ex.c ****   }
  86              		.loc 1 92 8 view .LVU21
  87 0026 C900     		lsls	r1, r1, #3
  88 0028 5131     		adds	r1, r1, #81
  89 002a FF31     		adds	r1, r1, #255
  90 002c 4018     		adds	r0, r0, r1
  91              	.LVL8:
  92:Drivers/STM32G0xx_HAL_Driver/Src/stm32g0xx_hal_pcd_ex.c ****   }
  92              		.loc 1 92 8 view .LVU22
  93 002e 0430     		adds	r0, r0, #4
  94              	.LVL9:
  92:Drivers/STM32G0xx_HAL_Driver/Src/stm32g0xx_hal_pcd_ex.c ****   }
  95              		.loc 1 92 8 view .LVU23
  96 0030 F1E7     		b	.L3
  97              	.L4:
 108:Drivers/STM32G0xx_HAL_Driver/Src/stm32g0xx_hal_pcd_ex.c **** 
  98              		.loc 1 108 5 is_stmt 1 view .LVU24
 108:Drivers/STM32G0xx_HAL_Driver/Src/stm32g0xx_hal_pcd_ex.c **** 
  99              		.loc 1 108 22 is_stmt 0 view .LVU25
 100 0032 0122     		movs	r2, #1
 101              	.LVL10:
 108:Drivers/STM32G0xx_HAL_Driver/Src/stm32g0xx_hal_pcd_ex.c **** 
 102              		.loc 1 108 22 view .LVU26
 103 0034 0273     		strb	r2, [r0, #12]
 111:Drivers/STM32G0xx_HAL_Driver/Src/stm32g0xx_hal_pcd_ex.c ****     ep->pmaaddr1 = (uint16_t)((pmaadress & 0xFFFF0000U) >> 16);
ARM GAS  /tmp/cczRylBT.s 			page 5


 104              		.loc 1 111 5 is_stmt 1 view .LVU27
 111:Drivers/STM32G0xx_HAL_Driver/Src/stm32g0xx_hal_pcd_ex.c ****     ep->pmaaddr1 = (uint16_t)((pmaadress & 0xFFFF0000U) >> 16);
 105              		.loc 1 111 18 is_stmt 0 view .LVU28
 106 0036 0381     		strh	r3, [r0, #8]
 112:Drivers/STM32G0xx_HAL_Driver/Src/stm32g0xx_hal_pcd_ex.c ****   }
 107              		.loc 1 112 5 is_stmt 1 view .LVU29
 112:Drivers/STM32G0xx_HAL_Driver/Src/stm32g0xx_hal_pcd_ex.c ****   }
 108              		.loc 1 112 20 is_stmt 0 view .LVU30
 109 0038 1B0C     		lsrs	r3, r3, #16
 110              	.LVL11:
 112:Drivers/STM32G0xx_HAL_Driver/Src/stm32g0xx_hal_pcd_ex.c ****   }
 111              		.loc 1 112 18 view .LVU31
 112 003a 4381     		strh	r3, [r0, #10]
 113 003c EFE7     		b	.L5
 114              		.cfi_endproc
 115              	.LFE366:
 117              		.section	.text.HAL_PCDEx_ActivateBCD,"ax",%progbits
 118              		.align	1
 119              		.global	HAL_PCDEx_ActivateBCD
 120              		.syntax unified
 121              		.code	16
 122              		.thumb_func
 124              	HAL_PCDEx_ActivateBCD:
 125              	.LVL12:
 126              	.LFB367:
 118:Drivers/STM32G0xx_HAL_Driver/Src/stm32g0xx_hal_pcd_ex.c **** 
 119:Drivers/STM32G0xx_HAL_Driver/Src/stm32g0xx_hal_pcd_ex.c **** /**
 120:Drivers/STM32G0xx_HAL_Driver/Src/stm32g0xx_hal_pcd_ex.c ****   * @brief  Activate BatteryCharging feature.
 121:Drivers/STM32G0xx_HAL_Driver/Src/stm32g0xx_hal_pcd_ex.c ****   * @param  hpcd PCD handle
 122:Drivers/STM32G0xx_HAL_Driver/Src/stm32g0xx_hal_pcd_ex.c ****   * @retval HAL status
 123:Drivers/STM32G0xx_HAL_Driver/Src/stm32g0xx_hal_pcd_ex.c ****   */
 124:Drivers/STM32G0xx_HAL_Driver/Src/stm32g0xx_hal_pcd_ex.c **** HAL_StatusTypeDef HAL_PCDEx_ActivateBCD(PCD_HandleTypeDef *hpcd)
 125:Drivers/STM32G0xx_HAL_Driver/Src/stm32g0xx_hal_pcd_ex.c **** {
 127              		.loc 1 125 1 is_stmt 1 view -0
 128              		.cfi_startproc
 129              		@ args = 0, pretend = 0, frame = 0
 130              		@ frame_needed = 0, uses_anonymous_args = 0
 131              		@ link register save eliminated.
 126:Drivers/STM32G0xx_HAL_Driver/Src/stm32g0xx_hal_pcd_ex.c ****   USB_DRD_TypeDef *USBx = hpcd->Instance;
 132              		.loc 1 126 3 view .LVU33
 133              		.loc 1 126 20 is_stmt 0 view .LVU34
 134 0000 0368     		ldr	r3, [r0]
 135              	.LVL13:
 127:Drivers/STM32G0xx_HAL_Driver/Src/stm32g0xx_hal_pcd_ex.c ****   hpcd->battery_charging_active = 1U;
 136              		.loc 1 127 3 is_stmt 1 view .LVU35
 137              		.loc 1 127 33 is_stmt 0 view .LVU36
 138 0002 0121     		movs	r1, #1
 139 0004 B622     		movs	r2, #182
 140 0006 9200     		lsls	r2, r2, #2
 141 0008 8150     		str	r1, [r0, r2]
 128:Drivers/STM32G0xx_HAL_Driver/Src/stm32g0xx_hal_pcd_ex.c **** 
 129:Drivers/STM32G0xx_HAL_Driver/Src/stm32g0xx_hal_pcd_ex.c ****   USBx->BCDR &= ~(USB_BCDR_PDEN);
 142              		.loc 1 129 3 is_stmt 1 view .LVU37
 143              		.loc 1 129 7 is_stmt 0 view .LVU38
 144 000a 9A6D     		ldr	r2, [r3, #88]
 145              		.loc 1 129 14 view .LVU39
 146 000c 0420     		movs	r0, #4
ARM GAS  /tmp/cczRylBT.s 			page 6


 147              	.LVL14:
 148              		.loc 1 129 14 view .LVU40
 149 000e 8243     		bics	r2, r0
 150 0010 9A65     		str	r2, [r3, #88]
 130:Drivers/STM32G0xx_HAL_Driver/Src/stm32g0xx_hal_pcd_ex.c ****   USBx->BCDR &= ~(USB_BCDR_SDEN);
 151              		.loc 1 130 3 is_stmt 1 view .LVU41
 152              		.loc 1 130 7 is_stmt 0 view .LVU42
 153 0012 9A6D     		ldr	r2, [r3, #88]
 154              		.loc 1 130 14 view .LVU43
 155 0014 0430     		adds	r0, r0, #4
 156 0016 8243     		bics	r2, r0
 157 0018 9A65     		str	r2, [r3, #88]
 131:Drivers/STM32G0xx_HAL_Driver/Src/stm32g0xx_hal_pcd_ex.c **** 
 132:Drivers/STM32G0xx_HAL_Driver/Src/stm32g0xx_hal_pcd_ex.c ****   /* Enable BCD feature */
 133:Drivers/STM32G0xx_HAL_Driver/Src/stm32g0xx_hal_pcd_ex.c ****   USBx->BCDR |= USB_BCDR_BCDEN;
 158              		.loc 1 133 3 is_stmt 1 view .LVU44
 159              		.loc 1 133 7 is_stmt 0 view .LVU45
 160 001a 9A6D     		ldr	r2, [r3, #88]
 161              		.loc 1 133 14 view .LVU46
 162 001c 0A43     		orrs	r2, r1
 163 001e 9A65     		str	r2, [r3, #88]
 134:Drivers/STM32G0xx_HAL_Driver/Src/stm32g0xx_hal_pcd_ex.c **** 
 135:Drivers/STM32G0xx_HAL_Driver/Src/stm32g0xx_hal_pcd_ex.c ****   return HAL_OK;
 164              		.loc 1 135 3 is_stmt 1 view .LVU47
 136:Drivers/STM32G0xx_HAL_Driver/Src/stm32g0xx_hal_pcd_ex.c **** }
 165              		.loc 1 136 1 is_stmt 0 view .LVU48
 166 0020 0020     		movs	r0, #0
 167              		@ sp needed
 168 0022 7047     		bx	lr
 169              		.cfi_endproc
 170              	.LFE367:
 172              		.section	.text.HAL_PCDEx_DeActivateBCD,"ax",%progbits
 173              		.align	1
 174              		.global	HAL_PCDEx_DeActivateBCD
 175              		.syntax unified
 176              		.code	16
 177              		.thumb_func
 179              	HAL_PCDEx_DeActivateBCD:
 180              	.LVL15:
 181              	.LFB368:
 137:Drivers/STM32G0xx_HAL_Driver/Src/stm32g0xx_hal_pcd_ex.c **** 
 138:Drivers/STM32G0xx_HAL_Driver/Src/stm32g0xx_hal_pcd_ex.c **** /**
 139:Drivers/STM32G0xx_HAL_Driver/Src/stm32g0xx_hal_pcd_ex.c ****   * @brief  Deactivate BatteryCharging feature.
 140:Drivers/STM32G0xx_HAL_Driver/Src/stm32g0xx_hal_pcd_ex.c ****   * @param  hpcd PCD handle
 141:Drivers/STM32G0xx_HAL_Driver/Src/stm32g0xx_hal_pcd_ex.c ****   * @retval HAL status
 142:Drivers/STM32G0xx_HAL_Driver/Src/stm32g0xx_hal_pcd_ex.c ****   */
 143:Drivers/STM32G0xx_HAL_Driver/Src/stm32g0xx_hal_pcd_ex.c **** HAL_StatusTypeDef HAL_PCDEx_DeActivateBCD(PCD_HandleTypeDef *hpcd)
 144:Drivers/STM32G0xx_HAL_Driver/Src/stm32g0xx_hal_pcd_ex.c **** {
 182              		.loc 1 144 1 is_stmt 1 view -0
 183              		.cfi_startproc
 184              		@ args = 0, pretend = 0, frame = 0
 185              		@ frame_needed = 0, uses_anonymous_args = 0
 186              		@ link register save eliminated.
 145:Drivers/STM32G0xx_HAL_Driver/Src/stm32g0xx_hal_pcd_ex.c ****   USB_DRD_TypeDef *USBx = hpcd->Instance;
 187              		.loc 1 145 3 view .LVU50
 188              		.loc 1 145 20 is_stmt 0 view .LVU51
 189 0000 0268     		ldr	r2, [r0]
ARM GAS  /tmp/cczRylBT.s 			page 7


 190              	.LVL16:
 146:Drivers/STM32G0xx_HAL_Driver/Src/stm32g0xx_hal_pcd_ex.c ****   hpcd->battery_charging_active = 0U;
 191              		.loc 1 146 3 is_stmt 1 view .LVU52
 192              		.loc 1 146 33 is_stmt 0 view .LVU53
 193 0002 B623     		movs	r3, #182
 194 0004 9B00     		lsls	r3, r3, #2
 195 0006 0021     		movs	r1, #0
 196 0008 C150     		str	r1, [r0, r3]
 147:Drivers/STM32G0xx_HAL_Driver/Src/stm32g0xx_hal_pcd_ex.c **** 
 148:Drivers/STM32G0xx_HAL_Driver/Src/stm32g0xx_hal_pcd_ex.c ****   /* Disable BCD feature */
 149:Drivers/STM32G0xx_HAL_Driver/Src/stm32g0xx_hal_pcd_ex.c ****   USBx->BCDR &= ~(USB_BCDR_BCDEN);
 197              		.loc 1 149 3 is_stmt 1 view .LVU54
 198              		.loc 1 149 7 is_stmt 0 view .LVU55
 199 000a 936D     		ldr	r3, [r2, #88]
 200              		.loc 1 149 14 view .LVU56
 201 000c 0131     		adds	r1, r1, #1
 202 000e 8B43     		bics	r3, r1
 203 0010 9365     		str	r3, [r2, #88]
 150:Drivers/STM32G0xx_HAL_Driver/Src/stm32g0xx_hal_pcd_ex.c **** 
 151:Drivers/STM32G0xx_HAL_Driver/Src/stm32g0xx_hal_pcd_ex.c ****   return HAL_OK;
 204              		.loc 1 151 3 is_stmt 1 view .LVU57
 152:Drivers/STM32G0xx_HAL_Driver/Src/stm32g0xx_hal_pcd_ex.c **** }
 205              		.loc 1 152 1 is_stmt 0 view .LVU58
 206 0012 0020     		movs	r0, #0
 207              	.LVL17:
 208              		.loc 1 152 1 view .LVU59
 209              		@ sp needed
 210 0014 7047     		bx	lr
 211              		.cfi_endproc
 212              	.LFE368:
 214              		.section	.text.HAL_PCDEx_ActivateLPM,"ax",%progbits
 215              		.align	1
 216              		.global	HAL_PCDEx_ActivateLPM
 217              		.syntax unified
 218              		.code	16
 219              		.thumb_func
 221              	HAL_PCDEx_ActivateLPM:
 222              	.LVL18:
 223              	.LFB370:
 153:Drivers/STM32G0xx_HAL_Driver/Src/stm32g0xx_hal_pcd_ex.c **** 
 154:Drivers/STM32G0xx_HAL_Driver/Src/stm32g0xx_hal_pcd_ex.c **** /**
 155:Drivers/STM32G0xx_HAL_Driver/Src/stm32g0xx_hal_pcd_ex.c ****   * @brief  Handle BatteryCharging Process.
 156:Drivers/STM32G0xx_HAL_Driver/Src/stm32g0xx_hal_pcd_ex.c ****   * @param  hpcd PCD handle
 157:Drivers/STM32G0xx_HAL_Driver/Src/stm32g0xx_hal_pcd_ex.c ****   * @retval HAL status
 158:Drivers/STM32G0xx_HAL_Driver/Src/stm32g0xx_hal_pcd_ex.c ****   */
 159:Drivers/STM32G0xx_HAL_Driver/Src/stm32g0xx_hal_pcd_ex.c **** void HAL_PCDEx_BCD_VBUSDetect(PCD_HandleTypeDef *hpcd)
 160:Drivers/STM32G0xx_HAL_Driver/Src/stm32g0xx_hal_pcd_ex.c **** {
 161:Drivers/STM32G0xx_HAL_Driver/Src/stm32g0xx_hal_pcd_ex.c ****   USB_DRD_TypeDef *USBx = hpcd->Instance;
 162:Drivers/STM32G0xx_HAL_Driver/Src/stm32g0xx_hal_pcd_ex.c ****   uint32_t tickstart = HAL_GetTick();
 163:Drivers/STM32G0xx_HAL_Driver/Src/stm32g0xx_hal_pcd_ex.c **** 
 164:Drivers/STM32G0xx_HAL_Driver/Src/stm32g0xx_hal_pcd_ex.c ****   /* Wait for Min DCD Timeout */
 165:Drivers/STM32G0xx_HAL_Driver/Src/stm32g0xx_hal_pcd_ex.c ****   HAL_Delay(350U);
 166:Drivers/STM32G0xx_HAL_Driver/Src/stm32g0xx_hal_pcd_ex.c **** 
 167:Drivers/STM32G0xx_HAL_Driver/Src/stm32g0xx_hal_pcd_ex.c ****   /* Primary detection: checks if connected to Standard Downstream Port
 168:Drivers/STM32G0xx_HAL_Driver/Src/stm32g0xx_hal_pcd_ex.c ****   (without charging capability) */
 169:Drivers/STM32G0xx_HAL_Driver/Src/stm32g0xx_hal_pcd_ex.c ****   USBx->BCDR |= (USB_BCDR_PDEN);
 170:Drivers/STM32G0xx_HAL_Driver/Src/stm32g0xx_hal_pcd_ex.c ****   HAL_Delay(50U);
ARM GAS  /tmp/cczRylBT.s 			page 8


 171:Drivers/STM32G0xx_HAL_Driver/Src/stm32g0xx_hal_pcd_ex.c **** 
 172:Drivers/STM32G0xx_HAL_Driver/Src/stm32g0xx_hal_pcd_ex.c ****   /* If Charger detect ? */
 173:Drivers/STM32G0xx_HAL_Driver/Src/stm32g0xx_hal_pcd_ex.c ****   if ((USBx->BCDR & USB_BCDR_PDET) == USB_BCDR_PDET)
 174:Drivers/STM32G0xx_HAL_Driver/Src/stm32g0xx_hal_pcd_ex.c ****   {
 175:Drivers/STM32G0xx_HAL_Driver/Src/stm32g0xx_hal_pcd_ex.c ****     /* Start secondary detection to check connection to Charging Downstream
 176:Drivers/STM32G0xx_HAL_Driver/Src/stm32g0xx_hal_pcd_ex.c ****     Port or Dedicated Charging Port */
 177:Drivers/STM32G0xx_HAL_Driver/Src/stm32g0xx_hal_pcd_ex.c ****     USBx->BCDR &= ~(USB_BCDR_PDEN);
 178:Drivers/STM32G0xx_HAL_Driver/Src/stm32g0xx_hal_pcd_ex.c ****     HAL_Delay(50U);
 179:Drivers/STM32G0xx_HAL_Driver/Src/stm32g0xx_hal_pcd_ex.c ****     USBx->BCDR |= (USB_BCDR_SDEN);
 180:Drivers/STM32G0xx_HAL_Driver/Src/stm32g0xx_hal_pcd_ex.c ****     HAL_Delay(50U);
 181:Drivers/STM32G0xx_HAL_Driver/Src/stm32g0xx_hal_pcd_ex.c **** 
 182:Drivers/STM32G0xx_HAL_Driver/Src/stm32g0xx_hal_pcd_ex.c ****     /* If CDP ? */
 183:Drivers/STM32G0xx_HAL_Driver/Src/stm32g0xx_hal_pcd_ex.c ****     if ((USBx->BCDR & USB_BCDR_SDET) == USB_BCDR_SDET)
 184:Drivers/STM32G0xx_HAL_Driver/Src/stm32g0xx_hal_pcd_ex.c ****     {
 185:Drivers/STM32G0xx_HAL_Driver/Src/stm32g0xx_hal_pcd_ex.c ****       /* Dedicated Downstream Port DCP */
 186:Drivers/STM32G0xx_HAL_Driver/Src/stm32g0xx_hal_pcd_ex.c **** #if (USE_HAL_PCD_REGISTER_CALLBACKS == 1U)
 187:Drivers/STM32G0xx_HAL_Driver/Src/stm32g0xx_hal_pcd_ex.c ****       hpcd->BCDCallback(hpcd, PCD_BCD_DEDICATED_CHARGING_PORT);
 188:Drivers/STM32G0xx_HAL_Driver/Src/stm32g0xx_hal_pcd_ex.c **** #else
 189:Drivers/STM32G0xx_HAL_Driver/Src/stm32g0xx_hal_pcd_ex.c ****       HAL_PCDEx_BCD_Callback(hpcd, PCD_BCD_DEDICATED_CHARGING_PORT);
 190:Drivers/STM32G0xx_HAL_Driver/Src/stm32g0xx_hal_pcd_ex.c **** #endif /* USE_HAL_PCD_REGISTER_CALLBACKS */
 191:Drivers/STM32G0xx_HAL_Driver/Src/stm32g0xx_hal_pcd_ex.c ****     }
 192:Drivers/STM32G0xx_HAL_Driver/Src/stm32g0xx_hal_pcd_ex.c ****     else
 193:Drivers/STM32G0xx_HAL_Driver/Src/stm32g0xx_hal_pcd_ex.c ****     {
 194:Drivers/STM32G0xx_HAL_Driver/Src/stm32g0xx_hal_pcd_ex.c ****       /* Charging Downstream Port CDP */
 195:Drivers/STM32G0xx_HAL_Driver/Src/stm32g0xx_hal_pcd_ex.c **** #if (USE_HAL_PCD_REGISTER_CALLBACKS == 1U)
 196:Drivers/STM32G0xx_HAL_Driver/Src/stm32g0xx_hal_pcd_ex.c ****       hpcd->BCDCallback(hpcd, PCD_BCD_CHARGING_DOWNSTREAM_PORT);
 197:Drivers/STM32G0xx_HAL_Driver/Src/stm32g0xx_hal_pcd_ex.c **** #else
 198:Drivers/STM32G0xx_HAL_Driver/Src/stm32g0xx_hal_pcd_ex.c ****       HAL_PCDEx_BCD_Callback(hpcd, PCD_BCD_CHARGING_DOWNSTREAM_PORT);
 199:Drivers/STM32G0xx_HAL_Driver/Src/stm32g0xx_hal_pcd_ex.c **** #endif /* USE_HAL_PCD_REGISTER_CALLBACKS */
 200:Drivers/STM32G0xx_HAL_Driver/Src/stm32g0xx_hal_pcd_ex.c ****     }
 201:Drivers/STM32G0xx_HAL_Driver/Src/stm32g0xx_hal_pcd_ex.c ****   }
 202:Drivers/STM32G0xx_HAL_Driver/Src/stm32g0xx_hal_pcd_ex.c ****   else /* NO */
 203:Drivers/STM32G0xx_HAL_Driver/Src/stm32g0xx_hal_pcd_ex.c ****   {
 204:Drivers/STM32G0xx_HAL_Driver/Src/stm32g0xx_hal_pcd_ex.c ****     /* Standard Downstream Port */
 205:Drivers/STM32G0xx_HAL_Driver/Src/stm32g0xx_hal_pcd_ex.c **** #if (USE_HAL_PCD_REGISTER_CALLBACKS == 1U)
 206:Drivers/STM32G0xx_HAL_Driver/Src/stm32g0xx_hal_pcd_ex.c ****     hpcd->BCDCallback(hpcd, PCD_BCD_STD_DOWNSTREAM_PORT);
 207:Drivers/STM32G0xx_HAL_Driver/Src/stm32g0xx_hal_pcd_ex.c **** #else
 208:Drivers/STM32G0xx_HAL_Driver/Src/stm32g0xx_hal_pcd_ex.c ****     HAL_PCDEx_BCD_Callback(hpcd, PCD_BCD_STD_DOWNSTREAM_PORT);
 209:Drivers/STM32G0xx_HAL_Driver/Src/stm32g0xx_hal_pcd_ex.c **** #endif /* USE_HAL_PCD_REGISTER_CALLBACKS */
 210:Drivers/STM32G0xx_HAL_Driver/Src/stm32g0xx_hal_pcd_ex.c ****   }
 211:Drivers/STM32G0xx_HAL_Driver/Src/stm32g0xx_hal_pcd_ex.c **** 
 212:Drivers/STM32G0xx_HAL_Driver/Src/stm32g0xx_hal_pcd_ex.c ****   /* Battery Charging capability discovery finished Start Enumeration */
 213:Drivers/STM32G0xx_HAL_Driver/Src/stm32g0xx_hal_pcd_ex.c ****   (void)HAL_PCDEx_DeActivateBCD(hpcd);
 214:Drivers/STM32G0xx_HAL_Driver/Src/stm32g0xx_hal_pcd_ex.c **** 
 215:Drivers/STM32G0xx_HAL_Driver/Src/stm32g0xx_hal_pcd_ex.c ****   /* Check for the Timeout, else start USB Device */
 216:Drivers/STM32G0xx_HAL_Driver/Src/stm32g0xx_hal_pcd_ex.c ****   if ((HAL_GetTick() - tickstart) > 1000U)
 217:Drivers/STM32G0xx_HAL_Driver/Src/stm32g0xx_hal_pcd_ex.c ****   {
 218:Drivers/STM32G0xx_HAL_Driver/Src/stm32g0xx_hal_pcd_ex.c **** #if (USE_HAL_PCD_REGISTER_CALLBACKS == 1U)
 219:Drivers/STM32G0xx_HAL_Driver/Src/stm32g0xx_hal_pcd_ex.c ****     hpcd->BCDCallback(hpcd, PCD_BCD_ERROR);
 220:Drivers/STM32G0xx_HAL_Driver/Src/stm32g0xx_hal_pcd_ex.c **** #else
 221:Drivers/STM32G0xx_HAL_Driver/Src/stm32g0xx_hal_pcd_ex.c ****     HAL_PCDEx_BCD_Callback(hpcd, PCD_BCD_ERROR);
 222:Drivers/STM32G0xx_HAL_Driver/Src/stm32g0xx_hal_pcd_ex.c **** #endif /* USE_HAL_PCD_REGISTER_CALLBACKS */
 223:Drivers/STM32G0xx_HAL_Driver/Src/stm32g0xx_hal_pcd_ex.c ****   }
 224:Drivers/STM32G0xx_HAL_Driver/Src/stm32g0xx_hal_pcd_ex.c ****   else
 225:Drivers/STM32G0xx_HAL_Driver/Src/stm32g0xx_hal_pcd_ex.c ****   {
 226:Drivers/STM32G0xx_HAL_Driver/Src/stm32g0xx_hal_pcd_ex.c **** #if (USE_HAL_PCD_REGISTER_CALLBACKS == 1U)
 227:Drivers/STM32G0xx_HAL_Driver/Src/stm32g0xx_hal_pcd_ex.c ****     hpcd->BCDCallback(hpcd, PCD_BCD_DISCOVERY_COMPLETED);
ARM GAS  /tmp/cczRylBT.s 			page 9


 228:Drivers/STM32G0xx_HAL_Driver/Src/stm32g0xx_hal_pcd_ex.c **** #else
 229:Drivers/STM32G0xx_HAL_Driver/Src/stm32g0xx_hal_pcd_ex.c ****     HAL_PCDEx_BCD_Callback(hpcd, PCD_BCD_DISCOVERY_COMPLETED);
 230:Drivers/STM32G0xx_HAL_Driver/Src/stm32g0xx_hal_pcd_ex.c **** #endif /* USE_HAL_PCD_REGISTER_CALLBACKS */
 231:Drivers/STM32G0xx_HAL_Driver/Src/stm32g0xx_hal_pcd_ex.c ****   }
 232:Drivers/STM32G0xx_HAL_Driver/Src/stm32g0xx_hal_pcd_ex.c **** }
 233:Drivers/STM32G0xx_HAL_Driver/Src/stm32g0xx_hal_pcd_ex.c **** 
 234:Drivers/STM32G0xx_HAL_Driver/Src/stm32g0xx_hal_pcd_ex.c **** /**
 235:Drivers/STM32G0xx_HAL_Driver/Src/stm32g0xx_hal_pcd_ex.c ****   * @brief  Activate LPM feature.
 236:Drivers/STM32G0xx_HAL_Driver/Src/stm32g0xx_hal_pcd_ex.c ****   * @param  hpcd PCD handle
 237:Drivers/STM32G0xx_HAL_Driver/Src/stm32g0xx_hal_pcd_ex.c ****   * @retval HAL status
 238:Drivers/STM32G0xx_HAL_Driver/Src/stm32g0xx_hal_pcd_ex.c ****   */
 239:Drivers/STM32G0xx_HAL_Driver/Src/stm32g0xx_hal_pcd_ex.c **** HAL_StatusTypeDef HAL_PCDEx_ActivateLPM(PCD_HandleTypeDef *hpcd)
 240:Drivers/STM32G0xx_HAL_Driver/Src/stm32g0xx_hal_pcd_ex.c **** {
 224              		.loc 1 240 1 is_stmt 1 view -0
 225              		.cfi_startproc
 226              		@ args = 0, pretend = 0, frame = 0
 227              		@ frame_needed = 0, uses_anonymous_args = 0
 228              		.loc 1 240 1 is_stmt 0 view .LVU61
 229 0000 10B5     		push	{r4, lr}
 230              	.LCFI1:
 231              		.cfi_def_cfa_offset 8
 232              		.cfi_offset 4, -8
 233              		.cfi_offset 14, -4
 241:Drivers/STM32G0xx_HAL_Driver/Src/stm32g0xx_hal_pcd_ex.c **** 
 242:Drivers/STM32G0xx_HAL_Driver/Src/stm32g0xx_hal_pcd_ex.c ****   USB_DRD_TypeDef *USBx = hpcd->Instance;
 234              		.loc 1 242 3 is_stmt 1 view .LVU62
 235              		.loc 1 242 20 is_stmt 0 view .LVU63
 236 0002 0368     		ldr	r3, [r0]
 237              	.LVL19:
 243:Drivers/STM32G0xx_HAL_Driver/Src/stm32g0xx_hal_pcd_ex.c ****   hpcd->lpm_active = 1U;
 238              		.loc 1 243 3 is_stmt 1 view .LVU64
 239              		.loc 1 243 20 is_stmt 0 view .LVU65
 240 0004 0121     		movs	r1, #1
 241 0006 B522     		movs	r2, #181
 242 0008 9200     		lsls	r2, r2, #2
 243 000a 8150     		str	r1, [r0, r2]
 244:Drivers/STM32G0xx_HAL_Driver/Src/stm32g0xx_hal_pcd_ex.c ****   hpcd->LPM_State = LPM_L0;
 244              		.loc 1 244 3 is_stmt 1 view .LVU66
 245              		.loc 1 244 19 is_stmt 0 view .LVU67
 246 000c 083A     		subs	r2, r2, #8
 247 000e 0024     		movs	r4, #0
 248 0010 8454     		strb	r4, [r0, r2]
 245:Drivers/STM32G0xx_HAL_Driver/Src/stm32g0xx_hal_pcd_ex.c **** 
 246:Drivers/STM32G0xx_HAL_Driver/Src/stm32g0xx_hal_pcd_ex.c ****   USBx->LPMCSR |= USB_LPMCSR_LMPEN;
 249              		.loc 1 246 3 is_stmt 1 view .LVU68
 250              		.loc 1 246 7 is_stmt 0 view .LVU69
 251 0012 5A6D     		ldr	r2, [r3, #84]
 252              		.loc 1 246 16 view .LVU70
 253 0014 0A43     		orrs	r2, r1
 254 0016 5A65     		str	r2, [r3, #84]
 247:Drivers/STM32G0xx_HAL_Driver/Src/stm32g0xx_hal_pcd_ex.c ****   USBx->LPMCSR |= USB_LPMCSR_LPMACK;
 255              		.loc 1 247 3 is_stmt 1 view .LVU71
 256              		.loc 1 247 7 is_stmt 0 view .LVU72
 257 0018 5A6D     		ldr	r2, [r3, #84]
 258              		.loc 1 247 16 view .LVU73
 259 001a 0131     		adds	r1, r1, #1
 260 001c 0A43     		orrs	r2, r1
ARM GAS  /tmp/cczRylBT.s 			page 10


 261 001e 5A65     		str	r2, [r3, #84]
 248:Drivers/STM32G0xx_HAL_Driver/Src/stm32g0xx_hal_pcd_ex.c **** 
 249:Drivers/STM32G0xx_HAL_Driver/Src/stm32g0xx_hal_pcd_ex.c ****   return HAL_OK;
 262              		.loc 1 249 3 is_stmt 1 view .LVU74
 250:Drivers/STM32G0xx_HAL_Driver/Src/stm32g0xx_hal_pcd_ex.c **** }
 263              		.loc 1 250 1 is_stmt 0 view .LVU75
 264 0020 0020     		movs	r0, #0
 265              	.LVL20:
 266              		.loc 1 250 1 view .LVU76
 267              		@ sp needed
 268 0022 10BD     		pop	{r4, pc}
 269              		.cfi_endproc
 270              	.LFE370:
 272              		.section	.text.HAL_PCDEx_DeActivateLPM,"ax",%progbits
 273              		.align	1
 274              		.global	HAL_PCDEx_DeActivateLPM
 275              		.syntax unified
 276              		.code	16
 277              		.thumb_func
 279              	HAL_PCDEx_DeActivateLPM:
 280              	.LVL21:
 281              	.LFB371:
 251:Drivers/STM32G0xx_HAL_Driver/Src/stm32g0xx_hal_pcd_ex.c **** 
 252:Drivers/STM32G0xx_HAL_Driver/Src/stm32g0xx_hal_pcd_ex.c **** /**
 253:Drivers/STM32G0xx_HAL_Driver/Src/stm32g0xx_hal_pcd_ex.c ****   * @brief  Deactivate LPM feature.
 254:Drivers/STM32G0xx_HAL_Driver/Src/stm32g0xx_hal_pcd_ex.c ****   * @param  hpcd PCD handle
 255:Drivers/STM32G0xx_HAL_Driver/Src/stm32g0xx_hal_pcd_ex.c ****   * @retval HAL status
 256:Drivers/STM32G0xx_HAL_Driver/Src/stm32g0xx_hal_pcd_ex.c ****   */
 257:Drivers/STM32G0xx_HAL_Driver/Src/stm32g0xx_hal_pcd_ex.c **** HAL_StatusTypeDef HAL_PCDEx_DeActivateLPM(PCD_HandleTypeDef *hpcd)
 258:Drivers/STM32G0xx_HAL_Driver/Src/stm32g0xx_hal_pcd_ex.c **** {
 282              		.loc 1 258 1 is_stmt 1 view -0
 283              		.cfi_startproc
 284              		@ args = 0, pretend = 0, frame = 0
 285              		@ frame_needed = 0, uses_anonymous_args = 0
 286              		@ link register save eliminated.
 259:Drivers/STM32G0xx_HAL_Driver/Src/stm32g0xx_hal_pcd_ex.c ****   USB_DRD_TypeDef *USBx = hpcd->Instance;
 287              		.loc 1 259 3 view .LVU78
 288              		.loc 1 259 20 is_stmt 0 view .LVU79
 289 0000 0368     		ldr	r3, [r0]
 290              	.LVL22:
 260:Drivers/STM32G0xx_HAL_Driver/Src/stm32g0xx_hal_pcd_ex.c **** 
 261:Drivers/STM32G0xx_HAL_Driver/Src/stm32g0xx_hal_pcd_ex.c ****   hpcd->lpm_active = 0U;
 291              		.loc 1 261 3 is_stmt 1 view .LVU80
 292              		.loc 1 261 20 is_stmt 0 view .LVU81
 293 0002 B522     		movs	r2, #181
 294 0004 9200     		lsls	r2, r2, #2
 295 0006 0021     		movs	r1, #0
 296 0008 8150     		str	r1, [r0, r2]
 262:Drivers/STM32G0xx_HAL_Driver/Src/stm32g0xx_hal_pcd_ex.c **** 
 263:Drivers/STM32G0xx_HAL_Driver/Src/stm32g0xx_hal_pcd_ex.c ****   USBx->LPMCSR &= ~(USB_LPMCSR_LMPEN);
 297              		.loc 1 263 3 is_stmt 1 view .LVU82
 298              		.loc 1 263 7 is_stmt 0 view .LVU83
 299 000a 5A6D     		ldr	r2, [r3, #84]
 300              		.loc 1 263 16 view .LVU84
 301 000c 0131     		adds	r1, r1, #1
 302 000e 8A43     		bics	r2, r1
 303 0010 5A65     		str	r2, [r3, #84]
ARM GAS  /tmp/cczRylBT.s 			page 11


 264:Drivers/STM32G0xx_HAL_Driver/Src/stm32g0xx_hal_pcd_ex.c ****   USBx->LPMCSR &= ~(USB_LPMCSR_LPMACK);
 304              		.loc 1 264 3 is_stmt 1 view .LVU85
 305              		.loc 1 264 7 is_stmt 0 view .LVU86
 306 0012 5A6D     		ldr	r2, [r3, #84]
 307              		.loc 1 264 16 view .LVU87
 308 0014 0131     		adds	r1, r1, #1
 309 0016 8A43     		bics	r2, r1
 310 0018 5A65     		str	r2, [r3, #84]
 265:Drivers/STM32G0xx_HAL_Driver/Src/stm32g0xx_hal_pcd_ex.c **** 
 266:Drivers/STM32G0xx_HAL_Driver/Src/stm32g0xx_hal_pcd_ex.c ****   return HAL_OK;
 311              		.loc 1 266 3 is_stmt 1 view .LVU88
 267:Drivers/STM32G0xx_HAL_Driver/Src/stm32g0xx_hal_pcd_ex.c **** }
 312              		.loc 1 267 1 is_stmt 0 view .LVU89
 313 001a 0020     		movs	r0, #0
 314              	.LVL23:
 315              		.loc 1 267 1 view .LVU90
 316              		@ sp needed
 317 001c 7047     		bx	lr
 318              		.cfi_endproc
 319              	.LFE371:
 321              		.section	.text.HAL_PCDEx_LPM_Callback,"ax",%progbits
 322              		.align	1
 323              		.weak	HAL_PCDEx_LPM_Callback
 324              		.syntax unified
 325              		.code	16
 326              		.thumb_func
 328              	HAL_PCDEx_LPM_Callback:
 329              	.LVL24:
 330              	.LFB372:
 268:Drivers/STM32G0xx_HAL_Driver/Src/stm32g0xx_hal_pcd_ex.c **** 
 269:Drivers/STM32G0xx_HAL_Driver/Src/stm32g0xx_hal_pcd_ex.c **** 
 270:Drivers/STM32G0xx_HAL_Driver/Src/stm32g0xx_hal_pcd_ex.c **** /**
 271:Drivers/STM32G0xx_HAL_Driver/Src/stm32g0xx_hal_pcd_ex.c ****   * @brief  Send LPM message to user layer callback.
 272:Drivers/STM32G0xx_HAL_Driver/Src/stm32g0xx_hal_pcd_ex.c ****   * @param  hpcd PCD handle
 273:Drivers/STM32G0xx_HAL_Driver/Src/stm32g0xx_hal_pcd_ex.c ****   * @param  msg LPM message
 274:Drivers/STM32G0xx_HAL_Driver/Src/stm32g0xx_hal_pcd_ex.c ****   * @retval HAL status
 275:Drivers/STM32G0xx_HAL_Driver/Src/stm32g0xx_hal_pcd_ex.c ****   */
 276:Drivers/STM32G0xx_HAL_Driver/Src/stm32g0xx_hal_pcd_ex.c **** __weak void HAL_PCDEx_LPM_Callback(PCD_HandleTypeDef *hpcd, PCD_LPM_MsgTypeDef msg)
 277:Drivers/STM32G0xx_HAL_Driver/Src/stm32g0xx_hal_pcd_ex.c **** {
 331              		.loc 1 277 1 is_stmt 1 view -0
 332              		.cfi_startproc
 333              		@ args = 0, pretend = 0, frame = 0
 334              		@ frame_needed = 0, uses_anonymous_args = 0
 335              		@ link register save eliminated.
 278:Drivers/STM32G0xx_HAL_Driver/Src/stm32g0xx_hal_pcd_ex.c ****   /* Prevent unused argument(s) compilation warning */
 279:Drivers/STM32G0xx_HAL_Driver/Src/stm32g0xx_hal_pcd_ex.c ****   UNUSED(hpcd);
 336              		.loc 1 279 3 view .LVU92
 280:Drivers/STM32G0xx_HAL_Driver/Src/stm32g0xx_hal_pcd_ex.c ****   UNUSED(msg);
 337              		.loc 1 280 3 view .LVU93
 281:Drivers/STM32G0xx_HAL_Driver/Src/stm32g0xx_hal_pcd_ex.c **** 
 282:Drivers/STM32G0xx_HAL_Driver/Src/stm32g0xx_hal_pcd_ex.c ****   /* NOTE : This function should not be modified, when the callback is needed,
 283:Drivers/STM32G0xx_HAL_Driver/Src/stm32g0xx_hal_pcd_ex.c ****             the HAL_PCDEx_LPM_Callback could be implemented in the user file
 284:Drivers/STM32G0xx_HAL_Driver/Src/stm32g0xx_hal_pcd_ex.c ****    */
 285:Drivers/STM32G0xx_HAL_Driver/Src/stm32g0xx_hal_pcd_ex.c **** }
 338              		.loc 1 285 1 is_stmt 0 view .LVU94
 339              		@ sp needed
 340 0000 7047     		bx	lr
ARM GAS  /tmp/cczRylBT.s 			page 12


 341              		.cfi_endproc
 342              	.LFE372:
 344              		.section	.text.HAL_PCDEx_BCD_Callback,"ax",%progbits
 345              		.align	1
 346              		.weak	HAL_PCDEx_BCD_Callback
 347              		.syntax unified
 348              		.code	16
 349              		.thumb_func
 351              	HAL_PCDEx_BCD_Callback:
 352              	.LVL25:
 353              	.LFB373:
 286:Drivers/STM32G0xx_HAL_Driver/Src/stm32g0xx_hal_pcd_ex.c **** 
 287:Drivers/STM32G0xx_HAL_Driver/Src/stm32g0xx_hal_pcd_ex.c **** /**
 288:Drivers/STM32G0xx_HAL_Driver/Src/stm32g0xx_hal_pcd_ex.c ****   * @brief  Send BatteryCharging message to user layer callback.
 289:Drivers/STM32G0xx_HAL_Driver/Src/stm32g0xx_hal_pcd_ex.c ****   * @param  hpcd PCD handle
 290:Drivers/STM32G0xx_HAL_Driver/Src/stm32g0xx_hal_pcd_ex.c ****   * @param  msg LPM message
 291:Drivers/STM32G0xx_HAL_Driver/Src/stm32g0xx_hal_pcd_ex.c ****   * @retval HAL status
 292:Drivers/STM32G0xx_HAL_Driver/Src/stm32g0xx_hal_pcd_ex.c ****   */
 293:Drivers/STM32G0xx_HAL_Driver/Src/stm32g0xx_hal_pcd_ex.c **** __weak void HAL_PCDEx_BCD_Callback(PCD_HandleTypeDef *hpcd, PCD_BCD_MsgTypeDef msg)
 294:Drivers/STM32G0xx_HAL_Driver/Src/stm32g0xx_hal_pcd_ex.c **** {
 354              		.loc 1 294 1 is_stmt 1 view -0
 355              		.cfi_startproc
 356              		@ args = 0, pretend = 0, frame = 0
 357              		@ frame_needed = 0, uses_anonymous_args = 0
 358              		@ link register save eliminated.
 295:Drivers/STM32G0xx_HAL_Driver/Src/stm32g0xx_hal_pcd_ex.c ****   /* Prevent unused argument(s) compilation warning */
 296:Drivers/STM32G0xx_HAL_Driver/Src/stm32g0xx_hal_pcd_ex.c ****   UNUSED(hpcd);
 359              		.loc 1 296 3 view .LVU96
 297:Drivers/STM32G0xx_HAL_Driver/Src/stm32g0xx_hal_pcd_ex.c ****   UNUSED(msg);
 360              		.loc 1 297 3 view .LVU97
 298:Drivers/STM32G0xx_HAL_Driver/Src/stm32g0xx_hal_pcd_ex.c **** 
 299:Drivers/STM32G0xx_HAL_Driver/Src/stm32g0xx_hal_pcd_ex.c ****   /* NOTE : This function should not be modified, when the callback is needed,
 300:Drivers/STM32G0xx_HAL_Driver/Src/stm32g0xx_hal_pcd_ex.c ****             the HAL_PCDEx_BCD_Callback could be implemented in the user file
 301:Drivers/STM32G0xx_HAL_Driver/Src/stm32g0xx_hal_pcd_ex.c ****    */
 302:Drivers/STM32G0xx_HAL_Driver/Src/stm32g0xx_hal_pcd_ex.c **** }
 361              		.loc 1 302 1 is_stmt 0 view .LVU98
 362              		@ sp needed
 363 0000 7047     		bx	lr
 364              		.cfi_endproc
 365              	.LFE373:
 367              		.section	.text.HAL_PCDEx_BCD_VBUSDetect,"ax",%progbits
 368              		.align	1
 369              		.global	HAL_PCDEx_BCD_VBUSDetect
 370              		.syntax unified
 371              		.code	16
 372              		.thumb_func
 374              	HAL_PCDEx_BCD_VBUSDetect:
 375              	.LVL26:
 376              	.LFB369:
 160:Drivers/STM32G0xx_HAL_Driver/Src/stm32g0xx_hal_pcd_ex.c ****   USB_DRD_TypeDef *USBx = hpcd->Instance;
 377              		.loc 1 160 1 is_stmt 1 view -0
 378              		.cfi_startproc
 379              		@ args = 0, pretend = 0, frame = 0
 380              		@ frame_needed = 0, uses_anonymous_args = 0
 160:Drivers/STM32G0xx_HAL_Driver/Src/stm32g0xx_hal_pcd_ex.c ****   USB_DRD_TypeDef *USBx = hpcd->Instance;
 381              		.loc 1 160 1 is_stmt 0 view .LVU100
 382 0000 70B5     		push	{r4, r5, r6, lr}
ARM GAS  /tmp/cczRylBT.s 			page 13


 383              	.LCFI2:
 384              		.cfi_def_cfa_offset 16
 385              		.cfi_offset 4, -16
 386              		.cfi_offset 5, -12
 387              		.cfi_offset 6, -8
 388              		.cfi_offset 14, -4
 389 0002 0400     		movs	r4, r0
 161:Drivers/STM32G0xx_HAL_Driver/Src/stm32g0xx_hal_pcd_ex.c ****   uint32_t tickstart = HAL_GetTick();
 390              		.loc 1 161 3 is_stmt 1 view .LVU101
 161:Drivers/STM32G0xx_HAL_Driver/Src/stm32g0xx_hal_pcd_ex.c ****   uint32_t tickstart = HAL_GetTick();
 391              		.loc 1 161 20 is_stmt 0 view .LVU102
 392 0004 0568     		ldr	r5, [r0]
 393              	.LVL27:
 162:Drivers/STM32G0xx_HAL_Driver/Src/stm32g0xx_hal_pcd_ex.c **** 
 394              		.loc 1 162 3 is_stmt 1 view .LVU103
 162:Drivers/STM32G0xx_HAL_Driver/Src/stm32g0xx_hal_pcd_ex.c **** 
 395              		.loc 1 162 24 is_stmt 0 view .LVU104
 396 0006 FFF7FEFF 		bl	HAL_GetTick
 397              	.LVL28:
 162:Drivers/STM32G0xx_HAL_Driver/Src/stm32g0xx_hal_pcd_ex.c **** 
 398              		.loc 1 162 24 view .LVU105
 399 000a 0600     		movs	r6, r0
 400              	.LVL29:
 165:Drivers/STM32G0xx_HAL_Driver/Src/stm32g0xx_hal_pcd_ex.c **** 
 401              		.loc 1 165 3 is_stmt 1 view .LVU106
 402 000c AF20     		movs	r0, #175
 403              	.LVL30:
 165:Drivers/STM32G0xx_HAL_Driver/Src/stm32g0xx_hal_pcd_ex.c **** 
 404              		.loc 1 165 3 is_stmt 0 view .LVU107
 405 000e 4000     		lsls	r0, r0, #1
 406 0010 FFF7FEFF 		bl	HAL_Delay
 407              	.LVL31:
 169:Drivers/STM32G0xx_HAL_Driver/Src/stm32g0xx_hal_pcd_ex.c ****   HAL_Delay(50U);
 408              		.loc 1 169 3 is_stmt 1 view .LVU108
 169:Drivers/STM32G0xx_HAL_Driver/Src/stm32g0xx_hal_pcd_ex.c ****   HAL_Delay(50U);
 409              		.loc 1 169 7 is_stmt 0 view .LVU109
 410 0014 AB6D     		ldr	r3, [r5, #88]
 169:Drivers/STM32G0xx_HAL_Driver/Src/stm32g0xx_hal_pcd_ex.c ****   HAL_Delay(50U);
 411              		.loc 1 169 14 view .LVU110
 412 0016 0422     		movs	r2, #4
 413 0018 1343     		orrs	r3, r2
 414 001a AB65     		str	r3, [r5, #88]
 170:Drivers/STM32G0xx_HAL_Driver/Src/stm32g0xx_hal_pcd_ex.c **** 
 415              		.loc 1 170 3 is_stmt 1 view .LVU111
 416 001c 3220     		movs	r0, #50
 417 001e FFF7FEFF 		bl	HAL_Delay
 418              	.LVL32:
 173:Drivers/STM32G0xx_HAL_Driver/Src/stm32g0xx_hal_pcd_ex.c ****   {
 419              		.loc 1 173 3 view .LVU112
 173:Drivers/STM32G0xx_HAL_Driver/Src/stm32g0xx_hal_pcd_ex.c ****   {
 420              		.loc 1 173 12 is_stmt 0 view .LVU113
 421 0022 AB6D     		ldr	r3, [r5, #88]
 173:Drivers/STM32G0xx_HAL_Driver/Src/stm32g0xx_hal_pcd_ex.c ****   {
 422              		.loc 1 173 6 view .LVU114
 423 0024 9B06     		lsls	r3, r3, #26
 424 0026 1AD5     		bpl	.L13
 177:Drivers/STM32G0xx_HAL_Driver/Src/stm32g0xx_hal_pcd_ex.c ****     HAL_Delay(50U);
ARM GAS  /tmp/cczRylBT.s 			page 14


 425              		.loc 1 177 5 is_stmt 1 view .LVU115
 177:Drivers/STM32G0xx_HAL_Driver/Src/stm32g0xx_hal_pcd_ex.c ****     HAL_Delay(50U);
 426              		.loc 1 177 9 is_stmt 0 view .LVU116
 427 0028 AB6D     		ldr	r3, [r5, #88]
 177:Drivers/STM32G0xx_HAL_Driver/Src/stm32g0xx_hal_pcd_ex.c ****     HAL_Delay(50U);
 428              		.loc 1 177 16 view .LVU117
 429 002a 0422     		movs	r2, #4
 430 002c 9343     		bics	r3, r2
 431 002e AB65     		str	r3, [r5, #88]
 178:Drivers/STM32G0xx_HAL_Driver/Src/stm32g0xx_hal_pcd_ex.c ****     USBx->BCDR |= (USB_BCDR_SDEN);
 432              		.loc 1 178 5 is_stmt 1 view .LVU118
 433 0030 3220     		movs	r0, #50
 434 0032 FFF7FEFF 		bl	HAL_Delay
 435              	.LVL33:
 179:Drivers/STM32G0xx_HAL_Driver/Src/stm32g0xx_hal_pcd_ex.c ****     HAL_Delay(50U);
 436              		.loc 1 179 5 view .LVU119
 179:Drivers/STM32G0xx_HAL_Driver/Src/stm32g0xx_hal_pcd_ex.c ****     HAL_Delay(50U);
 437              		.loc 1 179 9 is_stmt 0 view .LVU120
 438 0036 AB6D     		ldr	r3, [r5, #88]
 179:Drivers/STM32G0xx_HAL_Driver/Src/stm32g0xx_hal_pcd_ex.c ****     HAL_Delay(50U);
 439              		.loc 1 179 16 view .LVU121
 440 0038 0822     		movs	r2, #8
 441 003a 1343     		orrs	r3, r2
 442 003c AB65     		str	r3, [r5, #88]
 180:Drivers/STM32G0xx_HAL_Driver/Src/stm32g0xx_hal_pcd_ex.c **** 
 443              		.loc 1 180 5 is_stmt 1 view .LVU122
 444 003e 3220     		movs	r0, #50
 445 0040 FFF7FEFF 		bl	HAL_Delay
 446              	.LVL34:
 183:Drivers/STM32G0xx_HAL_Driver/Src/stm32g0xx_hal_pcd_ex.c ****     {
 447              		.loc 1 183 5 view .LVU123
 183:Drivers/STM32G0xx_HAL_Driver/Src/stm32g0xx_hal_pcd_ex.c ****     {
 448              		.loc 1 183 14 is_stmt 0 view .LVU124
 449 0044 AB6D     		ldr	r3, [r5, #88]
 183:Drivers/STM32G0xx_HAL_Driver/Src/stm32g0xx_hal_pcd_ex.c ****     {
 450              		.loc 1 183 8 view .LVU125
 451 0046 5B06     		lsls	r3, r3, #25
 452 0048 04D5     		bpl	.L14
 189:Drivers/STM32G0xx_HAL_Driver/Src/stm32g0xx_hal_pcd_ex.c **** #endif /* USE_HAL_PCD_REGISTER_CALLBACKS */
 453              		.loc 1 189 7 is_stmt 1 view .LVU126
 454 004a FB21     		movs	r1, #251
 455 004c 2000     		movs	r0, r4
 456 004e FFF7FEFF 		bl	HAL_PCDEx_BCD_Callback
 457              	.LVL35:
 458 0052 08E0     		b	.L15
 459              	.L14:
 198:Drivers/STM32G0xx_HAL_Driver/Src/stm32g0xx_hal_pcd_ex.c **** #endif /* USE_HAL_PCD_REGISTER_CALLBACKS */
 460              		.loc 1 198 7 view .LVU127
 461 0054 FC21     		movs	r1, #252
 462 0056 2000     		movs	r0, r4
 463 0058 FFF7FEFF 		bl	HAL_PCDEx_BCD_Callback
 464              	.LVL36:
 465 005c 03E0     		b	.L15
 466              	.L13:
 208:Drivers/STM32G0xx_HAL_Driver/Src/stm32g0xx_hal_pcd_ex.c **** #endif /* USE_HAL_PCD_REGISTER_CALLBACKS */
 467              		.loc 1 208 5 view .LVU128
 468 005e FD21     		movs	r1, #253
ARM GAS  /tmp/cczRylBT.s 			page 15


 469 0060 2000     		movs	r0, r4
 470 0062 FFF7FEFF 		bl	HAL_PCDEx_BCD_Callback
 471              	.LVL37:
 472              	.L15:
 213:Drivers/STM32G0xx_HAL_Driver/Src/stm32g0xx_hal_pcd_ex.c **** 
 473              		.loc 1 213 3 view .LVU129
 213:Drivers/STM32G0xx_HAL_Driver/Src/stm32g0xx_hal_pcd_ex.c **** 
 474              		.loc 1 213 9 is_stmt 0 view .LVU130
 475 0066 2000     		movs	r0, r4
 476 0068 FFF7FEFF 		bl	HAL_PCDEx_DeActivateBCD
 477              	.LVL38:
 216:Drivers/STM32G0xx_HAL_Driver/Src/stm32g0xx_hal_pcd_ex.c ****   {
 478              		.loc 1 216 3 is_stmt 1 view .LVU131
 216:Drivers/STM32G0xx_HAL_Driver/Src/stm32g0xx_hal_pcd_ex.c ****   {
 479              		.loc 1 216 8 is_stmt 0 view .LVU132
 480 006c FFF7FEFF 		bl	HAL_GetTick
 481              	.LVL39:
 216:Drivers/STM32G0xx_HAL_Driver/Src/stm32g0xx_hal_pcd_ex.c ****   {
 482              		.loc 1 216 22 discriminator 1 view .LVU133
 483 0070 801B     		subs	r0, r0, r6
 216:Drivers/STM32G0xx_HAL_Driver/Src/stm32g0xx_hal_pcd_ex.c ****   {
 484              		.loc 1 216 6 discriminator 1 view .LVU134
 485 0072 FA23     		movs	r3, #250
 486 0074 9B00     		lsls	r3, r3, #2
 487 0076 9842     		cmp	r0, r3
 488 0078 04D9     		bls	.L16
 221:Drivers/STM32G0xx_HAL_Driver/Src/stm32g0xx_hal_pcd_ex.c **** #endif /* USE_HAL_PCD_REGISTER_CALLBACKS */
 489              		.loc 1 221 5 is_stmt 1 view .LVU135
 490 007a FF21     		movs	r1, #255
 491 007c 2000     		movs	r0, r4
 492 007e FFF7FEFF 		bl	HAL_PCDEx_BCD_Callback
 493              	.LVL40:
 494              	.L12:
 232:Drivers/STM32G0xx_HAL_Driver/Src/stm32g0xx_hal_pcd_ex.c **** 
 495              		.loc 1 232 1 is_stmt 0 view .LVU136
 496              		@ sp needed
 497              	.LVL41:
 498              	.LVL42:
 499              	.LVL43:
 232:Drivers/STM32G0xx_HAL_Driver/Src/stm32g0xx_hal_pcd_ex.c **** 
 500              		.loc 1 232 1 view .LVU137
 501 0082 70BD     		pop	{r4, r5, r6, pc}
 502              	.LVL44:
 503              	.L16:
 229:Drivers/STM32G0xx_HAL_Driver/Src/stm32g0xx_hal_pcd_ex.c **** #endif /* USE_HAL_PCD_REGISTER_CALLBACKS */
 504              		.loc 1 229 5 is_stmt 1 view .LVU138
 505 0084 0021     		movs	r1, #0
 506 0086 2000     		movs	r0, r4
 507 0088 FFF7FEFF 		bl	HAL_PCDEx_BCD_Callback
 508              	.LVL45:
 232:Drivers/STM32G0xx_HAL_Driver/Src/stm32g0xx_hal_pcd_ex.c **** 
 509              		.loc 1 232 1 is_stmt 0 view .LVU139
 510 008c F9E7     		b	.L12
 511              		.cfi_endproc
 512              	.LFE369:
 514              		.text
 515              	.Letext0:
ARM GAS  /tmp/cczRylBT.s 			page 16


 516              		.file 2 "/usr/lib/gcc/arm-none-eabi/13.2.1/include/stdint.h"
 517              		.file 3 "Drivers/CMSIS/Device/ST/STM32G0xx/Include/stm32g0b1xx.h"
 518              		.file 4 "Drivers/STM32G0xx_HAL_Driver/Inc/stm32g0xx_hal_def.h"
 519              		.file 5 "Drivers/STM32G0xx_HAL_Driver/Inc/stm32g0xx_ll_usb.h"
 520              		.file 6 "Drivers/STM32G0xx_HAL_Driver/Inc/stm32g0xx_hal_pcd.h"
 521              		.file 7 "Drivers/STM32G0xx_HAL_Driver/Inc/stm32g0xx_ll_dma.h"
 522              		.file 8 "Drivers/STM32G0xx_HAL_Driver/Inc/stm32g0xx_hal.h"
ARM GAS  /tmp/cczRylBT.s 			page 17


DEFINED SYMBOLS
                            *ABS*:00000000 stm32g0xx_hal_pcd_ex.c
     /tmp/cczRylBT.s:19     .text.HAL_PCDEx_PMAConfig:00000000 $t
     /tmp/cczRylBT.s:25     .text.HAL_PCDEx_PMAConfig:00000000 HAL_PCDEx_PMAConfig
     /tmp/cczRylBT.s:118    .text.HAL_PCDEx_ActivateBCD:00000000 $t
     /tmp/cczRylBT.s:124    .text.HAL_PCDEx_ActivateBCD:00000000 HAL_PCDEx_ActivateBCD
     /tmp/cczRylBT.s:173    .text.HAL_PCDEx_DeActivateBCD:00000000 $t
     /tmp/cczRylBT.s:179    .text.HAL_PCDEx_DeActivateBCD:00000000 HAL_PCDEx_DeActivateBCD
     /tmp/cczRylBT.s:215    .text.HAL_PCDEx_ActivateLPM:00000000 $t
     /tmp/cczRylBT.s:221    .text.HAL_PCDEx_ActivateLPM:00000000 HAL_PCDEx_ActivateLPM
     /tmp/cczRylBT.s:273    .text.HAL_PCDEx_DeActivateLPM:00000000 $t
     /tmp/cczRylBT.s:279    .text.HAL_PCDEx_DeActivateLPM:00000000 HAL_PCDEx_DeActivateLPM
     /tmp/cczRylBT.s:322    .text.HAL_PCDEx_LPM_Callback:00000000 $t
     /tmp/cczRylBT.s:328    .text.HAL_PCDEx_LPM_Callback:00000000 HAL_PCDEx_LPM_Callback
     /tmp/cczRylBT.s:345    .text.HAL_PCDEx_BCD_Callback:00000000 $t
     /tmp/cczRylBT.s:351    .text.HAL_PCDEx_BCD_Callback:00000000 HAL_PCDEx_BCD_Callback
     /tmp/cczRylBT.s:368    .text.HAL_PCDEx_BCD_VBUSDetect:00000000 $t
     /tmp/cczRylBT.s:374    .text.HAL_PCDEx_BCD_VBUSDetect:00000000 HAL_PCDEx_BCD_VBUSDetect

UNDEFINED SYMBOLS
HAL_GetTick
HAL_Delay
