ARM GAS  /tmp/ccc9ATYw.s 			page 1


   1              		.cpu cortex-m0plus
   2              		.arch armv6s-m
   3              		.fpu softvfp
   4              		.eabi_attribute 20, 1
   5              		.eabi_attribute 21, 1
   6              		.eabi_attribute 23, 3
   7              		.eabi_attribute 24, 1
   8              		.eabi_attribute 25, 1
   9              		.eabi_attribute 26, 1
  10              		.eabi_attribute 30, 1
  11              		.eabi_attribute 34, 0
  12              		.eabi_attribute 18, 4
  13              		.file	"syscalls.c"
  14              		.text
  15              	.Ltext0:
  16              		.cfi_sections	.debug_frame
  17              		.file 1 "Core/Src/syscalls.c"
  18              		.section	.text.initialise_monitor_handles,"ax",%progbits
  19              		.align	1
  20              		.global	initialise_monitor_handles
  21              		.syntax unified
  22              		.code	16
  23              		.thumb_func
  25              	initialise_monitor_handles:
  26              	.LFB25:
   1:Core/Src/syscalls.c **** /**
   2:Core/Src/syscalls.c ****  ******************************************************************************
   3:Core/Src/syscalls.c ****  * @file      syscalls.c
   4:Core/Src/syscalls.c ****  * @author    Auto-generated by STM32CubeMX
   5:Core/Src/syscalls.c ****  * @brief     Minimal System calls file
   6:Core/Src/syscalls.c ****  *
   7:Core/Src/syscalls.c ****  *            For more information about which c-functions
   8:Core/Src/syscalls.c ****  *            need which of these lowlevel functions
   9:Core/Src/syscalls.c ****  *            please consult the Newlib or Picolibc libc-manual
  10:Core/Src/syscalls.c ****  ******************************************************************************
  11:Core/Src/syscalls.c ****  * @attention
  12:Core/Src/syscalls.c ****  *
  13:Core/Src/syscalls.c ****  * Copyright (c) 2020-2025 STMicroelectronics.
  14:Core/Src/syscalls.c ****  * All rights reserved.
  15:Core/Src/syscalls.c ****  *
  16:Core/Src/syscalls.c ****  * This software is licensed under terms that can be found in the LICENSE file
  17:Core/Src/syscalls.c ****  * in the root directory of this software component.
  18:Core/Src/syscalls.c ****  * If no LICENSE file comes with this software, it is provided AS-IS.
  19:Core/Src/syscalls.c ****  *
  20:Core/Src/syscalls.c ****  ******************************************************************************
  21:Core/Src/syscalls.c ****  */
  22:Core/Src/syscalls.c **** 
  23:Core/Src/syscalls.c **** /* Includes */
  24:Core/Src/syscalls.c **** #include <errno.h>
  25:Core/Src/syscalls.c **** #include <signal.h>
  26:Core/Src/syscalls.c **** #include <stdio.h>
  27:Core/Src/syscalls.c **** #include <stdlib.h>
  28:Core/Src/syscalls.c **** #include <sys/stat.h>
  29:Core/Src/syscalls.c **** #include <sys/time.h>
  30:Core/Src/syscalls.c **** #include <sys/times.h>
  31:Core/Src/syscalls.c **** #include <time.h>
  32:Core/Src/syscalls.c **** 
ARM GAS  /tmp/ccc9ATYw.s 			page 2


  33:Core/Src/syscalls.c **** /* Variables */
  34:Core/Src/syscalls.c **** extern int __io_putchar(int ch) __attribute__((weak));
  35:Core/Src/syscalls.c **** extern int __io_getchar(void) __attribute__((weak));
  36:Core/Src/syscalls.c **** 
  37:Core/Src/syscalls.c **** char *__env[1] = {0};
  38:Core/Src/syscalls.c **** char **environ = __env;
  39:Core/Src/syscalls.c **** 
  40:Core/Src/syscalls.c **** /* Functions */
  41:Core/Src/syscalls.c **** void initialise_monitor_handles() {}
  27              		.loc 1 41 35 view -0
  28              		.cfi_startproc
  29              		@ args = 0, pretend = 0, frame = 0
  30              		@ frame_needed = 0, uses_anonymous_args = 0
  31              		@ link register save eliminated.
  32              		.loc 1 41 36 view .LVU1
  33              		@ sp needed
  34 0000 7047     		bx	lr
  35              		.cfi_endproc
  36              	.LFE25:
  38              		.section	.text._getpid,"ax",%progbits
  39              		.align	1
  40              		.global	_getpid
  41              		.syntax unified
  42              		.code	16
  43              		.thumb_func
  45              	_getpid:
  46              	.LFB26:
  42:Core/Src/syscalls.c **** 
  43:Core/Src/syscalls.c **** int _getpid(void) { return 1; }
  47              		.loc 1 43 19 view -0
  48              		.cfi_startproc
  49              		@ args = 0, pretend = 0, frame = 0
  50              		@ frame_needed = 0, uses_anonymous_args = 0
  51              		@ link register save eliminated.
  52              		.loc 1 43 21 view .LVU3
  53              		.loc 1 43 31 is_stmt 0 view .LVU4
  54 0000 0120     		movs	r0, #1
  55              		@ sp needed
  56 0002 7047     		bx	lr
  57              		.cfi_endproc
  58              	.LFE26:
  60              		.section	.text._kill,"ax",%progbits
  61              		.align	1
  62              		.global	_kill
  63              		.syntax unified
  64              		.code	16
  65              		.thumb_func
  67              	_kill:
  68              	.LVL0:
  69              	.LFB27:
  44:Core/Src/syscalls.c **** 
  45:Core/Src/syscalls.c **** int _kill(int pid, int sig) {
  70              		.loc 1 45 29 is_stmt 1 view -0
  71              		.cfi_startproc
  72              		@ args = 0, pretend = 0, frame = 0
  73              		@ frame_needed = 0, uses_anonymous_args = 0
  74              		.loc 1 45 29 is_stmt 0 view .LVU6
ARM GAS  /tmp/ccc9ATYw.s 			page 3


  75 0000 10B5     		push	{r4, lr}
  76              	.LCFI0:
  77              		.cfi_def_cfa_offset 8
  78              		.cfi_offset 4, -8
  79              		.cfi_offset 14, -4
  46:Core/Src/syscalls.c ****   (void)pid;
  80              		.loc 1 46 3 is_stmt 1 view .LVU7
  47:Core/Src/syscalls.c ****   (void)sig;
  81              		.loc 1 47 3 view .LVU8
  48:Core/Src/syscalls.c ****   errno = EINVAL;
  82              		.loc 1 48 3 view .LVU9
  83 0002 FFF7FEFF 		bl	__errno
  84              	.LVL1:
  85              		.loc 1 48 9 is_stmt 0 discriminator 1 view .LVU10
  86 0006 1623     		movs	r3, #22
  87 0008 0360     		str	r3, [r0]
  49:Core/Src/syscalls.c ****   return -1;
  88              		.loc 1 49 3 is_stmt 1 view .LVU11
  89              		.loc 1 49 10 is_stmt 0 discriminator 1 view .LVU12
  90 000a 0120     		movs	r0, #1
  50:Core/Src/syscalls.c **** }
  91              		.loc 1 50 1 view .LVU13
  92 000c 4042     		rsbs	r0, r0, #0
  93              		@ sp needed
  94 000e 10BD     		pop	{r4, pc}
  95              		.cfi_endproc
  96              	.LFE27:
  98              		.section	.text._exit,"ax",%progbits
  99              		.align	1
 100              		.global	_exit
 101              		.syntax unified
 102              		.code	16
 103              		.thumb_func
 105              	_exit:
 106              	.LVL2:
 107              	.LFB28:
  51:Core/Src/syscalls.c **** 
  52:Core/Src/syscalls.c **** void _exit(int status) {
 108              		.loc 1 52 24 is_stmt 1 view -0
 109              		.cfi_startproc
 110              		@ Volatile: function does not return.
 111              		@ args = 0, pretend = 0, frame = 0
 112              		@ frame_needed = 0, uses_anonymous_args = 0
 113              		.loc 1 52 24 is_stmt 0 view .LVU15
 114 0000 10B5     		push	{r4, lr}
 115              	.LCFI1:
 116              		.cfi_def_cfa_offset 8
 117              		.cfi_offset 4, -8
 118              		.cfi_offset 14, -4
  53:Core/Src/syscalls.c ****   _kill(status, -1);
 119              		.loc 1 53 3 is_stmt 1 view .LVU16
 120 0002 0121     		movs	r1, #1
 121 0004 4942     		rsbs	r1, r1, #0
 122 0006 FFF7FEFF 		bl	_kill
 123              	.LVL3:
 124              	.L5:
  54:Core/Src/syscalls.c ****   while (1) {
ARM GAS  /tmp/ccc9ATYw.s 			page 4


 125              		.loc 1 54 3 view .LVU17
  55:Core/Src/syscalls.c ****   } /* Make sure we hang here */
 126              		.loc 1 55 3 view .LVU18
  54:Core/Src/syscalls.c ****   while (1) {
 127              		.loc 1 54 9 view .LVU19
 128 000a FEE7     		b	.L5
 129              		.cfi_endproc
 130              	.LFE28:
 132              		.section	.text._read,"ax",%progbits
 133              		.align	1
 134              		.weak	_read
 135              		.syntax unified
 136              		.code	16
 137              		.thumb_func
 139              	_read:
 140              	.LVL4:
 141              	.LFB29:
  56:Core/Src/syscalls.c **** }
  57:Core/Src/syscalls.c **** 
  58:Core/Src/syscalls.c **** __attribute__((weak)) int _read(int file, char *ptr, int len) {
 142              		.loc 1 58 63 view -0
 143              		.cfi_startproc
 144              		@ args = 0, pretend = 0, frame = 0
 145              		@ frame_needed = 0, uses_anonymous_args = 0
 146              		.loc 1 58 63 is_stmt 0 view .LVU21
 147 0000 70B5     		push	{r4, r5, r6, lr}
 148              	.LCFI2:
 149              		.cfi_def_cfa_offset 16
 150              		.cfi_offset 4, -16
 151              		.cfi_offset 5, -12
 152              		.cfi_offset 6, -8
 153              		.cfi_offset 14, -4
 154 0002 0C00     		movs	r4, r1
 155 0004 1600     		movs	r6, r2
  59:Core/Src/syscalls.c ****   (void)file;
 156              		.loc 1 59 3 is_stmt 1 view .LVU22
  60:Core/Src/syscalls.c ****   int DataIdx;
 157              		.loc 1 60 3 view .LVU23
  61:Core/Src/syscalls.c **** 
  62:Core/Src/syscalls.c ****   for (DataIdx = 0; DataIdx < len; DataIdx++) {
 158              		.loc 1 62 3 view .LVU24
 159              	.LVL5:
 160              		.loc 1 62 16 is_stmt 0 view .LVU25
 161 0006 0025     		movs	r5, #0
 162              		.loc 1 62 3 view .LVU26
 163 0008 04E0     		b	.L7
 164              	.LVL6:
 165              	.L8:
  63:Core/Src/syscalls.c ****     *ptr++ = __io_getchar();
 166              		.loc 1 63 5 is_stmt 1 view .LVU27
 167              		.loc 1 63 14 is_stmt 0 view .LVU28
 168 000a FFF7FEFF 		bl	__io_getchar
 169              	.LVL7:
 170              		.loc 1 63 12 discriminator 1 view .LVU29
 171 000e 2070     		strb	r0, [r4]
  62:Core/Src/syscalls.c ****     *ptr++ = __io_getchar();
 172              		.loc 1 62 43 is_stmt 1 discriminator 3 view .LVU30
ARM GAS  /tmp/ccc9ATYw.s 			page 5


 173 0010 0135     		adds	r5, r5, #1
 174              	.LVL8:
 175              		.loc 1 63 9 is_stmt 0 discriminator 1 view .LVU31
 176 0012 0134     		adds	r4, r4, #1
 177              	.LVL9:
 178              	.L7:
  62:Core/Src/syscalls.c ****     *ptr++ = __io_getchar();
 179              		.loc 1 62 29 is_stmt 1 discriminator 1 view .LVU32
 180 0014 B542     		cmp	r5, r6
 181 0016 F8DB     		blt	.L8
  64:Core/Src/syscalls.c ****   }
  65:Core/Src/syscalls.c **** 
  66:Core/Src/syscalls.c ****   return len;
 182              		.loc 1 66 3 view .LVU33
  67:Core/Src/syscalls.c **** }
 183              		.loc 1 67 1 is_stmt 0 view .LVU34
 184 0018 3000     		movs	r0, r6
 185              		@ sp needed
 186              	.LVL10:
 187              	.LVL11:
 188              	.LVL12:
 189              		.loc 1 67 1 view .LVU35
 190 001a 70BD     		pop	{r4, r5, r6, pc}
 191              		.cfi_endproc
 192              	.LFE29:
 194              		.section	.text._write,"ax",%progbits
 195              		.align	1
 196              		.weak	_write
 197              		.syntax unified
 198              		.code	16
 199              		.thumb_func
 201              	_write:
 202              	.LVL13:
 203              	.LFB30:
  68:Core/Src/syscalls.c **** 
  69:Core/Src/syscalls.c **** __attribute__((weak)) int _write(int file, char *ptr, int len) {
 204              		.loc 1 69 64 is_stmt 1 view -0
 205              		.cfi_startproc
 206              		@ args = 0, pretend = 0, frame = 0
 207              		@ frame_needed = 0, uses_anonymous_args = 0
 208              		.loc 1 69 64 is_stmt 0 view .LVU37
 209 0000 70B5     		push	{r4, r5, r6, lr}
 210              	.LCFI3:
 211              		.cfi_def_cfa_offset 16
 212              		.cfi_offset 4, -16
 213              		.cfi_offset 5, -12
 214              		.cfi_offset 6, -8
 215              		.cfi_offset 14, -4
 216 0002 1600     		movs	r6, r2
  70:Core/Src/syscalls.c ****   (void)file;
 217              		.loc 1 70 3 is_stmt 1 view .LVU38
  71:Core/Src/syscalls.c ****   int DataIdx;
 218              		.loc 1 71 3 view .LVU39
  72:Core/Src/syscalls.c **** 
  73:Core/Src/syscalls.c ****   for (DataIdx = 0; DataIdx < len; DataIdx++) {
 219              		.loc 1 73 3 view .LVU40
 220              	.LVL14:
ARM GAS  /tmp/ccc9ATYw.s 			page 6


 221              		.loc 1 73 16 is_stmt 0 view .LVU41
 222 0004 0024     		movs	r4, #0
 223              		.loc 1 73 3 view .LVU42
 224 0006 05E0     		b	.L10
 225              	.LVL15:
 226              	.L11:
  74:Core/Src/syscalls.c ****     __io_putchar(*ptr++);
 227              		.loc 1 74 5 is_stmt 1 view .LVU43
 228              		.loc 1 74 22 is_stmt 0 view .LVU44
 229 0008 4D1C     		adds	r5, r1, #1
 230              	.LVL16:
 231              		.loc 1 74 18 view .LVU45
 232 000a 0878     		ldrb	r0, [r1]
 233              		.loc 1 74 5 view .LVU46
 234 000c FFF7FEFF 		bl	__io_putchar
 235              	.LVL17:
  73:Core/Src/syscalls.c ****     __io_putchar(*ptr++);
 236              		.loc 1 73 43 is_stmt 1 discriminator 3 view .LVU47
 237 0010 0134     		adds	r4, r4, #1
 238              	.LVL18:
 239              		.loc 1 74 22 is_stmt 0 view .LVU48
 240 0012 2900     		movs	r1, r5
 241              	.LVL19:
 242              	.L10:
  73:Core/Src/syscalls.c ****     __io_putchar(*ptr++);
 243              		.loc 1 73 29 is_stmt 1 discriminator 1 view .LVU49
 244 0014 B442     		cmp	r4, r6
 245 0016 F7DB     		blt	.L11
  75:Core/Src/syscalls.c ****   }
  76:Core/Src/syscalls.c ****   return len;
 246              		.loc 1 76 3 view .LVU50
  77:Core/Src/syscalls.c **** }
 247              		.loc 1 77 1 is_stmt 0 view .LVU51
 248 0018 3000     		movs	r0, r6
 249              		@ sp needed
 250              	.LVL20:
 251              	.LVL21:
 252              		.loc 1 77 1 view .LVU52
 253 001a 70BD     		pop	{r4, r5, r6, pc}
 254              		.cfi_endproc
 255              	.LFE30:
 257              		.section	.text._close,"ax",%progbits
 258              		.align	1
 259              		.global	_close
 260              		.syntax unified
 261              		.code	16
 262              		.thumb_func
 264              	_close:
 265              	.LVL22:
 266              	.LFB31:
  78:Core/Src/syscalls.c **** 
  79:Core/Src/syscalls.c **** int _close(int file) {
 267              		.loc 1 79 22 is_stmt 1 view -0
 268              		.cfi_startproc
 269              		@ args = 0, pretend = 0, frame = 0
 270              		@ frame_needed = 0, uses_anonymous_args = 0
 271              		@ link register save eliminated.
ARM GAS  /tmp/ccc9ATYw.s 			page 7


  80:Core/Src/syscalls.c ****   (void)file;
 272              		.loc 1 80 3 view .LVU54
  81:Core/Src/syscalls.c ****   return -1;
 273              		.loc 1 81 3 view .LVU55
 274              		.loc 1 81 10 is_stmt 0 discriminator 1 view .LVU56
 275 0000 0120     		movs	r0, #1
 276              	.LVL23:
  82:Core/Src/syscalls.c **** }
 277              		.loc 1 82 1 view .LVU57
 278 0002 4042     		rsbs	r0, r0, #0
 279              		@ sp needed
 280 0004 7047     		bx	lr
 281              		.cfi_endproc
 282              	.LFE31:
 284              		.section	.text._fstat,"ax",%progbits
 285              		.align	1
 286              		.global	_fstat
 287              		.syntax unified
 288              		.code	16
 289              		.thumb_func
 291              	_fstat:
 292              	.LVL24:
 293              	.LFB32:
  83:Core/Src/syscalls.c **** 
  84:Core/Src/syscalls.c **** int _fstat(int file, struct stat *st) {
 294              		.loc 1 84 39 is_stmt 1 view -0
 295              		.cfi_startproc
 296              		@ args = 0, pretend = 0, frame = 0
 297              		@ frame_needed = 0, uses_anonymous_args = 0
 298              		@ link register save eliminated.
  85:Core/Src/syscalls.c ****   (void)file;
 299              		.loc 1 85 3 view .LVU59
  86:Core/Src/syscalls.c ****   st->st_mode = S_IFCHR;
 300              		.loc 1 86 3 view .LVU60
 301              		.loc 1 86 15 is_stmt 0 view .LVU61
 302 0000 8023     		movs	r3, #128
 303 0002 9B01     		lsls	r3, r3, #6
 304 0004 4B60     		str	r3, [r1, #4]
  87:Core/Src/syscalls.c ****   return 0;
 305              		.loc 1 87 3 is_stmt 1 view .LVU62
  88:Core/Src/syscalls.c **** }
 306              		.loc 1 88 1 is_stmt 0 view .LVU63
 307 0006 0020     		movs	r0, #0
 308              	.LVL25:
 309              		.loc 1 88 1 view .LVU64
 310              		@ sp needed
 311 0008 7047     		bx	lr
 312              		.cfi_endproc
 313              	.LFE32:
 315              		.section	.text._isatty,"ax",%progbits
 316              		.align	1
 317              		.global	_isatty
 318              		.syntax unified
 319              		.code	16
 320              		.thumb_func
 322              	_isatty:
 323              	.LVL26:
ARM GAS  /tmp/ccc9ATYw.s 			page 8


 324              	.LFB33:
  89:Core/Src/syscalls.c **** 
  90:Core/Src/syscalls.c **** int _isatty(int file) {
 325              		.loc 1 90 23 is_stmt 1 view -0
 326              		.cfi_startproc
 327              		@ args = 0, pretend = 0, frame = 0
 328              		@ frame_needed = 0, uses_anonymous_args = 0
 329              		@ link register save eliminated.
  91:Core/Src/syscalls.c ****   (void)file;
 330              		.loc 1 91 3 view .LVU66
  92:Core/Src/syscalls.c ****   return 1;
 331              		.loc 1 92 3 view .LVU67
  93:Core/Src/syscalls.c **** }
 332              		.loc 1 93 1 is_stmt 0 view .LVU68
 333 0000 0120     		movs	r0, #1
 334              	.LVL27:
 335              		.loc 1 93 1 view .LVU69
 336              		@ sp needed
 337 0002 7047     		bx	lr
 338              		.cfi_endproc
 339              	.LFE33:
 341              		.section	.text._lseek,"ax",%progbits
 342              		.align	1
 343              		.global	_lseek
 344              		.syntax unified
 345              		.code	16
 346              		.thumb_func
 348              	_lseek:
 349              	.LVL28:
 350              	.LFB34:
  94:Core/Src/syscalls.c **** 
  95:Core/Src/syscalls.c **** int _lseek(int file, int ptr, int dir) {
 351              		.loc 1 95 40 is_stmt 1 view -0
 352              		.cfi_startproc
 353              		@ args = 0, pretend = 0, frame = 0
 354              		@ frame_needed = 0, uses_anonymous_args = 0
 355              		@ link register save eliminated.
  96:Core/Src/syscalls.c ****   (void)file;
 356              		.loc 1 96 3 view .LVU71
  97:Core/Src/syscalls.c ****   (void)ptr;
 357              		.loc 1 97 3 view .LVU72
  98:Core/Src/syscalls.c ****   (void)dir;
 358              		.loc 1 98 3 view .LVU73
  99:Core/Src/syscalls.c ****   return 0;
 359              		.loc 1 99 3 view .LVU74
 100:Core/Src/syscalls.c **** }
 360              		.loc 1 100 1 is_stmt 0 view .LVU75
 361 0000 0020     		movs	r0, #0
 362              	.LVL29:
 363              		.loc 1 100 1 view .LVU76
 364              		@ sp needed
 365 0002 7047     		bx	lr
 366              		.cfi_endproc
 367              	.LFE34:
 369              		.section	.text._open,"ax",%progbits
 370              		.align	1
 371              		.global	_open
ARM GAS  /tmp/ccc9ATYw.s 			page 9


 372              		.syntax unified
 373              		.code	16
 374              		.thumb_func
 376              	_open:
 377              	.LVL30:
 378              	.LFB35:
 101:Core/Src/syscalls.c **** 
 102:Core/Src/syscalls.c **** int _open(char *path, int flags, ...) {
 379              		.loc 1 102 39 is_stmt 1 view -0
 380              		.cfi_startproc
 381              		@ args = 4, pretend = 12, frame = 0
 382              		@ frame_needed = 0, uses_anonymous_args = 1
 383              		@ link register save eliminated.
 384              		.loc 1 102 39 is_stmt 0 view .LVU78
 385 0000 0EB4     		push	{r1, r2, r3}
 386              	.LCFI4:
 387              		.cfi_def_cfa_offset 12
 103:Core/Src/syscalls.c ****   (void)path;
 388              		.loc 1 103 3 is_stmt 1 view .LVU79
 104:Core/Src/syscalls.c ****   (void)flags;
 389              		.loc 1 104 3 view .LVU80
 105:Core/Src/syscalls.c ****   /* Pretend like we always fail */
 106:Core/Src/syscalls.c ****   return -1;
 390              		.loc 1 106 3 view .LVU81
 391              		.loc 1 106 10 is_stmt 0 discriminator 1 view .LVU82
 392 0002 0120     		movs	r0, #1
 393              	.LVL31:
 107:Core/Src/syscalls.c **** }
 394              		.loc 1 107 1 view .LVU83
 395 0004 4042     		rsbs	r0, r0, #0
 396              		@ sp needed
 397 0006 03B0     		add	sp, sp, #12
 398 0008 7047     		bx	lr
 399              		.cfi_endproc
 400              	.LFE35:
 402              		.section	.text._wait,"ax",%progbits
 403              		.align	1
 404              		.global	_wait
 405              		.syntax unified
 406              		.code	16
 407              		.thumb_func
 409              	_wait:
 410              	.LVL32:
 411              	.LFB36:
 108:Core/Src/syscalls.c **** 
 109:Core/Src/syscalls.c **** int _wait(int *status) {
 412              		.loc 1 109 24 is_stmt 1 view -0
 413              		.cfi_startproc
 414              		@ args = 0, pretend = 0, frame = 0
 415              		@ frame_needed = 0, uses_anonymous_args = 0
 416              		.loc 1 109 24 is_stmt 0 view .LVU85
 417 0000 10B5     		push	{r4, lr}
 418              	.LCFI5:
 419              		.cfi_def_cfa_offset 8
 420              		.cfi_offset 4, -8
 421              		.cfi_offset 14, -4
 110:Core/Src/syscalls.c ****   (void)status;
ARM GAS  /tmp/ccc9ATYw.s 			page 10


 422              		.loc 1 110 3 is_stmt 1 view .LVU86
 111:Core/Src/syscalls.c ****   errno = ECHILD;
 423              		.loc 1 111 3 view .LVU87
 424 0002 FFF7FEFF 		bl	__errno
 425              	.LVL33:
 426              		.loc 1 111 9 is_stmt 0 discriminator 1 view .LVU88
 427 0006 0A23     		movs	r3, #10
 428 0008 0360     		str	r3, [r0]
 112:Core/Src/syscalls.c ****   return -1;
 429              		.loc 1 112 3 is_stmt 1 view .LVU89
 430              		.loc 1 112 10 is_stmt 0 discriminator 1 view .LVU90
 431 000a 0120     		movs	r0, #1
 113:Core/Src/syscalls.c **** }
 432              		.loc 1 113 1 view .LVU91
 433 000c 4042     		rsbs	r0, r0, #0
 434              		@ sp needed
 435 000e 10BD     		pop	{r4, pc}
 436              		.cfi_endproc
 437              	.LFE36:
 439              		.section	.text._unlink,"ax",%progbits
 440              		.align	1
 441              		.global	_unlink
 442              		.syntax unified
 443              		.code	16
 444              		.thumb_func
 446              	_unlink:
 447              	.LVL34:
 448              	.LFB37:
 114:Core/Src/syscalls.c **** 
 115:Core/Src/syscalls.c **** int _unlink(char *name) {
 449              		.loc 1 115 25 is_stmt 1 view -0
 450              		.cfi_startproc
 451              		@ args = 0, pretend = 0, frame = 0
 452              		@ frame_needed = 0, uses_anonymous_args = 0
 453              		.loc 1 115 25 is_stmt 0 view .LVU93
 454 0000 10B5     		push	{r4, lr}
 455              	.LCFI6:
 456              		.cfi_def_cfa_offset 8
 457              		.cfi_offset 4, -8
 458              		.cfi_offset 14, -4
 116:Core/Src/syscalls.c ****   (void)name;
 459              		.loc 1 116 3 is_stmt 1 view .LVU94
 117:Core/Src/syscalls.c ****   errno = ENOENT;
 460              		.loc 1 117 3 view .LVU95
 461 0002 FFF7FEFF 		bl	__errno
 462              	.LVL35:
 463              		.loc 1 117 9 is_stmt 0 discriminator 1 view .LVU96
 464 0006 0223     		movs	r3, #2
 465 0008 0360     		str	r3, [r0]
 118:Core/Src/syscalls.c ****   return -1;
 466              		.loc 1 118 3 is_stmt 1 view .LVU97
 467              		.loc 1 118 10 is_stmt 0 discriminator 1 view .LVU98
 468 000a 0120     		movs	r0, #1
 119:Core/Src/syscalls.c **** }
 469              		.loc 1 119 1 view .LVU99
 470 000c 4042     		rsbs	r0, r0, #0
 471              		@ sp needed
ARM GAS  /tmp/ccc9ATYw.s 			page 11


 472 000e 10BD     		pop	{r4, pc}
 473              		.cfi_endproc
 474              	.LFE37:
 476              		.section	.text._times,"ax",%progbits
 477              		.align	1
 478              		.global	_times
 479              		.syntax unified
 480              		.code	16
 481              		.thumb_func
 483              	_times:
 484              	.LVL36:
 485              	.LFB38:
 120:Core/Src/syscalls.c **** 
 121:Core/Src/syscalls.c **** clock_t _times(struct tms *buf) {
 486              		.loc 1 121 33 is_stmt 1 view -0
 487              		.cfi_startproc
 488              		@ args = 0, pretend = 0, frame = 0
 489              		@ frame_needed = 0, uses_anonymous_args = 0
 490              		@ link register save eliminated.
 122:Core/Src/syscalls.c ****   (void)buf;
 491              		.loc 1 122 3 view .LVU101
 123:Core/Src/syscalls.c ****   return -1;
 492              		.loc 1 123 3 view .LVU102
 493              		.loc 1 123 10 is_stmt 0 discriminator 1 view .LVU103
 494 0000 0120     		movs	r0, #1
 495              	.LVL37:
 124:Core/Src/syscalls.c **** }
 496              		.loc 1 124 1 view .LVU104
 497 0002 4042     		rsbs	r0, r0, #0
 498              		@ sp needed
 499 0004 7047     		bx	lr
 500              		.cfi_endproc
 501              	.LFE38:
 503              		.section	.text._stat,"ax",%progbits
 504              		.align	1
 505              		.global	_stat
 506              		.syntax unified
 507              		.code	16
 508              		.thumb_func
 510              	_stat:
 511              	.LVL38:
 512              	.LFB39:
 125:Core/Src/syscalls.c **** 
 126:Core/Src/syscalls.c **** int _stat(const char *file, struct stat *st) {
 513              		.loc 1 126 46 is_stmt 1 view -0
 514              		.cfi_startproc
 515              		@ args = 0, pretend = 0, frame = 0
 516              		@ frame_needed = 0, uses_anonymous_args = 0
 517              		@ link register save eliminated.
 127:Core/Src/syscalls.c ****   (void)file;
 518              		.loc 1 127 3 view .LVU106
 128:Core/Src/syscalls.c ****   st->st_mode = S_IFCHR;
 519              		.loc 1 128 3 view .LVU107
 520              		.loc 1 128 15 is_stmt 0 view .LVU108
 521 0000 8023     		movs	r3, #128
 522 0002 9B01     		lsls	r3, r3, #6
 523 0004 4B60     		str	r3, [r1, #4]
ARM GAS  /tmp/ccc9ATYw.s 			page 12


 129:Core/Src/syscalls.c ****   return 0;
 524              		.loc 1 129 3 is_stmt 1 view .LVU109
 130:Core/Src/syscalls.c **** }
 525              		.loc 1 130 1 is_stmt 0 view .LVU110
 526 0006 0020     		movs	r0, #0
 527              	.LVL39:
 528              		.loc 1 130 1 view .LVU111
 529              		@ sp needed
 530 0008 7047     		bx	lr
 531              		.cfi_endproc
 532              	.LFE39:
 534              		.section	.text._link,"ax",%progbits
 535              		.align	1
 536              		.global	_link
 537              		.syntax unified
 538              		.code	16
 539              		.thumb_func
 541              	_link:
 542              	.LVL40:
 543              	.LFB40:
 131:Core/Src/syscalls.c **** 
 132:Core/Src/syscalls.c **** int _link(char *old, char *new) {
 544              		.loc 1 132 33 is_stmt 1 view -0
 545              		.cfi_startproc
 546              		@ args = 0, pretend = 0, frame = 0
 547              		@ frame_needed = 0, uses_anonymous_args = 0
 548              		.loc 1 132 33 is_stmt 0 view .LVU113
 549 0000 10B5     		push	{r4, lr}
 550              	.LCFI7:
 551              		.cfi_def_cfa_offset 8
 552              		.cfi_offset 4, -8
 553              		.cfi_offset 14, -4
 133:Core/Src/syscalls.c ****   (void)old;
 554              		.loc 1 133 3 is_stmt 1 view .LVU114
 134:Core/Src/syscalls.c ****   (void)new;
 555              		.loc 1 134 3 view .LVU115
 135:Core/Src/syscalls.c ****   errno = EMLINK;
 556              		.loc 1 135 3 view .LVU116
 557 0002 FFF7FEFF 		bl	__errno
 558              	.LVL41:
 559              		.loc 1 135 9 is_stmt 0 discriminator 1 view .LVU117
 560 0006 1F23     		movs	r3, #31
 561 0008 0360     		str	r3, [r0]
 136:Core/Src/syscalls.c ****   return -1;
 562              		.loc 1 136 3 is_stmt 1 view .LVU118
 563              		.loc 1 136 10 is_stmt 0 discriminator 1 view .LVU119
 564 000a 0120     		movs	r0, #1
 137:Core/Src/syscalls.c **** }
 565              		.loc 1 137 1 view .LVU120
 566 000c 4042     		rsbs	r0, r0, #0
 567              		@ sp needed
 568 000e 10BD     		pop	{r4, pc}
 569              		.cfi_endproc
 570              	.LFE40:
 572              		.section	.text._fork,"ax",%progbits
 573              		.align	1
 574              		.global	_fork
ARM GAS  /tmp/ccc9ATYw.s 			page 13


 575              		.syntax unified
 576              		.code	16
 577              		.thumb_func
 579              	_fork:
 580              	.LFB41:
 138:Core/Src/syscalls.c **** 
 139:Core/Src/syscalls.c **** int _fork(void) {
 581              		.loc 1 139 17 is_stmt 1 view -0
 582              		.cfi_startproc
 583              		@ args = 0, pretend = 0, frame = 0
 584              		@ frame_needed = 0, uses_anonymous_args = 0
 585 0000 10B5     		push	{r4, lr}
 586              	.LCFI8:
 587              		.cfi_def_cfa_offset 8
 588              		.cfi_offset 4, -8
 589              		.cfi_offset 14, -4
 140:Core/Src/syscalls.c ****   errno = EAGAIN;
 590              		.loc 1 140 3 view .LVU122
 591 0002 FFF7FEFF 		bl	__errno
 592              	.LVL42:
 593              		.loc 1 140 9 is_stmt 0 discriminator 1 view .LVU123
 594 0006 0B23     		movs	r3, #11
 595 0008 0360     		str	r3, [r0]
 141:Core/Src/syscalls.c ****   return -1;
 596              		.loc 1 141 3 is_stmt 1 view .LVU124
 597              		.loc 1 141 10 is_stmt 0 discriminator 1 view .LVU125
 598 000a 0120     		movs	r0, #1
 142:Core/Src/syscalls.c **** }
 599              		.loc 1 142 1 view .LVU126
 600 000c 4042     		rsbs	r0, r0, #0
 601              		@ sp needed
 602 000e 10BD     		pop	{r4, pc}
 603              		.cfi_endproc
 604              	.LFE41:
 606              		.section	.text._execve,"ax",%progbits
 607              		.align	1
 608              		.global	_execve
 609              		.syntax unified
 610              		.code	16
 611              		.thumb_func
 613              	_execve:
 614              	.LVL43:
 615              	.LFB42:
 143:Core/Src/syscalls.c **** 
 144:Core/Src/syscalls.c **** int _execve(char *name, char **argv, char **env) {
 616              		.loc 1 144 50 is_stmt 1 view -0
 617              		.cfi_startproc
 618              		@ args = 0, pretend = 0, frame = 0
 619              		@ frame_needed = 0, uses_anonymous_args = 0
 620              		.loc 1 144 50 is_stmt 0 view .LVU128
 621 0000 10B5     		push	{r4, lr}
 622              	.LCFI9:
 623              		.cfi_def_cfa_offset 8
 624              		.cfi_offset 4, -8
 625              		.cfi_offset 14, -4
 145:Core/Src/syscalls.c ****   (void)name;
 626              		.loc 1 145 3 is_stmt 1 view .LVU129
ARM GAS  /tmp/ccc9ATYw.s 			page 14


 146:Core/Src/syscalls.c ****   (void)argv;
 627              		.loc 1 146 3 view .LVU130
 147:Core/Src/syscalls.c ****   (void)env;
 628              		.loc 1 147 3 view .LVU131
 148:Core/Src/syscalls.c ****   errno = ENOMEM;
 629              		.loc 1 148 3 view .LVU132
 630 0002 FFF7FEFF 		bl	__errno
 631              	.LVL44:
 632              		.loc 1 148 9 is_stmt 0 discriminator 1 view .LVU133
 633 0006 0C23     		movs	r3, #12
 634 0008 0360     		str	r3, [r0]
 149:Core/Src/syscalls.c ****   return -1;
 635              		.loc 1 149 3 is_stmt 1 view .LVU134
 636              		.loc 1 149 10 is_stmt 0 discriminator 1 view .LVU135
 637 000a 0120     		movs	r0, #1
 150:Core/Src/syscalls.c **** }
 638              		.loc 1 150 1 view .LVU136
 639 000c 4042     		rsbs	r0, r0, #0
 640              		@ sp needed
 641 000e 10BD     		pop	{r4, pc}
 642              		.cfi_endproc
 643              	.LFE42:
 645              		.global	environ
 646              		.section	.data.environ,"aw"
 647              		.align	2
 650              	environ:
 651 0000 00000000 		.word	__env
 652              		.global	__env
 653              		.section	.bss.__env,"aw",%nobits
 654              		.align	2
 657              	__env:
 658 0000 00000000 		.space	4
 659              		.weak	__io_putchar
 660              		.weak	__io_getchar
 661              		.text
 662              	.Letext0:
 663              		.file 2 "/usr/include/newlib/machine/_default_types.h"
 664              		.file 3 "/usr/include/newlib/sys/_types.h"
 665              		.file 4 "/usr/include/newlib/sys/_timeval.h"
 666              		.file 5 "/usr/include/newlib/sys/_timespec.h"
 667              		.file 6 "/usr/include/newlib/sys/types.h"
 668              		.file 7 "/usr/include/newlib/sys/stat.h"
 669              		.file 8 "/usr/include/newlib/sys/times.h"
 670              		.file 9 "/usr/include/newlib/sys/errno.h"
ARM GAS  /tmp/ccc9ATYw.s 			page 15


DEFINED SYMBOLS
                            *ABS*:00000000 syscalls.c
     /tmp/ccc9ATYw.s:19     .text.initialise_monitor_handles:00000000 $t
     /tmp/ccc9ATYw.s:25     .text.initialise_monitor_handles:00000000 initialise_monitor_handles
     /tmp/ccc9ATYw.s:39     .text._getpid:00000000 $t
     /tmp/ccc9ATYw.s:45     .text._getpid:00000000 _getpid
     /tmp/ccc9ATYw.s:61     .text._kill:00000000 $t
     /tmp/ccc9ATYw.s:67     .text._kill:00000000 _kill
     /tmp/ccc9ATYw.s:99     .text._exit:00000000 $t
     /tmp/ccc9ATYw.s:105    .text._exit:00000000 _exit
     /tmp/ccc9ATYw.s:133    .text._read:00000000 $t
     /tmp/ccc9ATYw.s:139    .text._read:00000000 _read
     /tmp/ccc9ATYw.s:195    .text._write:00000000 $t
     /tmp/ccc9ATYw.s:201    .text._write:00000000 _write
     /tmp/ccc9ATYw.s:258    .text._close:00000000 $t
     /tmp/ccc9ATYw.s:264    .text._close:00000000 _close
     /tmp/ccc9ATYw.s:285    .text._fstat:00000000 $t
     /tmp/ccc9ATYw.s:291    .text._fstat:00000000 _fstat
     /tmp/ccc9ATYw.s:316    .text._isatty:00000000 $t
     /tmp/ccc9ATYw.s:322    .text._isatty:00000000 _isatty
     /tmp/ccc9ATYw.s:342    .text._lseek:00000000 $t
     /tmp/ccc9ATYw.s:348    .text._lseek:00000000 _lseek
     /tmp/ccc9ATYw.s:370    .text._open:00000000 $t
     /tmp/ccc9ATYw.s:376    .text._open:00000000 _open
     /tmp/ccc9ATYw.s:403    .text._wait:00000000 $t
     /tmp/ccc9ATYw.s:409    .text._wait:00000000 _wait
     /tmp/ccc9ATYw.s:440    .text._unlink:00000000 $t
     /tmp/ccc9ATYw.s:446    .text._unlink:00000000 _unlink
     /tmp/ccc9ATYw.s:477    .text._times:00000000 $t
     /tmp/ccc9ATYw.s:483    .text._times:00000000 _times
     /tmp/ccc9ATYw.s:504    .text._stat:00000000 $t
     /tmp/ccc9ATYw.s:510    .text._stat:00000000 _stat
     /tmp/ccc9ATYw.s:535    .text._link:00000000 $t
     /tmp/ccc9ATYw.s:541    .text._link:00000000 _link
     /tmp/ccc9ATYw.s:573    .text._fork:00000000 $t
     /tmp/ccc9ATYw.s:579    .text._fork:00000000 _fork
     /tmp/ccc9ATYw.s:607    .text._execve:00000000 $t
     /tmp/ccc9ATYw.s:613    .text._execve:00000000 _execve
     /tmp/ccc9ATYw.s:650    .data.environ:00000000 environ
     /tmp/ccc9ATYw.s:647    .data.environ:00000000 $d
     /tmp/ccc9ATYw.s:657    .bss.__env:00000000 __env
     /tmp/ccc9ATYw.s:654    .bss.__env:00000000 $d

UNDEFINED SYMBOLS
__errno
__io_getchar
__io_putchar
