ARM GAS  /tmp/ccSRujTC.s 			page 1


   1              		.cpu cortex-m0plus
   2              		.arch armv6s-m
   3              		.fpu softvfp
   4              		.eabi_attribute 20, 1
   5              		.eabi_attribute 21, 1
   6              		.eabi_attribute 23, 3
   7              		.eabi_attribute 24, 1
   8              		.eabi_attribute 25, 1
   9              		.eabi_attribute 26, 1
  10              		.eabi_attribute 30, 1
  11              		.eabi_attribute 34, 0
  12              		.eabi_attribute 18, 4
  13              		.file	"usb_device.c"
  14              		.text
  15              	.Ltext0:
  16              		.cfi_sections	.debug_frame
  17              		.file 1 "USB_Device/App/usb_device.c"
  18              		.section	.text.MX_USB_Device_Init,"ax",%progbits
  19              		.align	1
  20              		.global	MX_USB_Device_Init
  21              		.syntax unified
  22              		.code	16
  23              		.thumb_func
  25              	MX_USB_Device_Init:
  26              	.LFB370:
   1:USB_Device/App/usb_device.c **** /* USER CODE BEGIN Header */
   2:USB_Device/App/usb_device.c **** /**
   3:USB_Device/App/usb_device.c ****  ******************************************************************************
   4:USB_Device/App/usb_device.c ****  * @file           : usb_device.c
   5:USB_Device/App/usb_device.c ****  * @version        : v3.0_Cube
   6:USB_Device/App/usb_device.c ****  * @brief          : This file implements the USB Device
   7:USB_Device/App/usb_device.c ****  ******************************************************************************
   8:USB_Device/App/usb_device.c ****  * @attention
   9:USB_Device/App/usb_device.c ****  *
  10:USB_Device/App/usb_device.c ****  * Copyright (c) 2026 STMicroelectronics.
  11:USB_Device/App/usb_device.c ****  * All rights reserved.
  12:USB_Device/App/usb_device.c ****  *
  13:USB_Device/App/usb_device.c ****  * This software is licensed under terms that can be found in the LICENSE file
  14:USB_Device/App/usb_device.c ****  * in the root directory of this software component.
  15:USB_Device/App/usb_device.c ****  * If no LICENSE file comes with this software, it is provided AS-IS.
  16:USB_Device/App/usb_device.c ****  *
  17:USB_Device/App/usb_device.c ****  ******************************************************************************
  18:USB_Device/App/usb_device.c ****  */
  19:USB_Device/App/usb_device.c **** /* USER CODE END Header */
  20:USB_Device/App/usb_device.c **** 
  21:USB_Device/App/usb_device.c **** /* Includes ------------------------------------------------------------------*/
  22:USB_Device/App/usb_device.c **** 
  23:USB_Device/App/usb_device.c **** #include "usb_device.h"
  24:USB_Device/App/usb_device.c **** #include "usbd_core.h"
  25:USB_Device/App/usb_device.c **** #include "usbd_desc.h"
  26:USB_Device/App/usb_device.c **** #include "usbd_cdc.h"
  27:USB_Device/App/usb_device.c **** #include "usbd_cdc_if.h"
  28:USB_Device/App/usb_device.c **** 
  29:USB_Device/App/usb_device.c **** /* USER CODE BEGIN Includes */
  30:USB_Device/App/usb_device.c **** 
  31:USB_Device/App/usb_device.c **** /* USER CODE END Includes */
  32:USB_Device/App/usb_device.c **** 
ARM GAS  /tmp/ccSRujTC.s 			page 2


  33:USB_Device/App/usb_device.c **** /* USER CODE BEGIN PV */
  34:USB_Device/App/usb_device.c **** /* Private variables ---------------------------------------------------------*/
  35:USB_Device/App/usb_device.c **** 
  36:USB_Device/App/usb_device.c **** /* USER CODE END PV */
  37:USB_Device/App/usb_device.c **** 
  38:USB_Device/App/usb_device.c **** /* USER CODE BEGIN PFP */
  39:USB_Device/App/usb_device.c **** /* Private function prototypes -----------------------------------------------*/
  40:USB_Device/App/usb_device.c **** 
  41:USB_Device/App/usb_device.c **** /* USER CODE END PFP */
  42:USB_Device/App/usb_device.c **** 
  43:USB_Device/App/usb_device.c **** extern void Error_Handler(void);
  44:USB_Device/App/usb_device.c **** /* USB Device Core handle declaration. */
  45:USB_Device/App/usb_device.c **** USBD_HandleTypeDef hUsbDeviceFS;
  46:USB_Device/App/usb_device.c **** extern USBD_DescriptorsTypeDef CDC_Desc;
  47:USB_Device/App/usb_device.c **** 
  48:USB_Device/App/usb_device.c **** /*
  49:USB_Device/App/usb_device.c ****  * -- Insert your variables declaration here --
  50:USB_Device/App/usb_device.c ****  */
  51:USB_Device/App/usb_device.c **** /* USER CODE BEGIN 0 */
  52:USB_Device/App/usb_device.c **** 
  53:USB_Device/App/usb_device.c **** /* USER CODE END 0 */
  54:USB_Device/App/usb_device.c **** 
  55:USB_Device/App/usb_device.c **** /*
  56:USB_Device/App/usb_device.c ****  * -- Insert your external function declaration here --
  57:USB_Device/App/usb_device.c ****  */
  58:USB_Device/App/usb_device.c **** /* USER CODE BEGIN 1 */
  59:USB_Device/App/usb_device.c **** 
  60:USB_Device/App/usb_device.c **** /* USER CODE END 1 */
  61:USB_Device/App/usb_device.c **** 
  62:USB_Device/App/usb_device.c **** /**
  63:USB_Device/App/usb_device.c ****   * Init USB device Library, add supported class and start the library
  64:USB_Device/App/usb_device.c ****   * @retval None
  65:USB_Device/App/usb_device.c ****   */
  66:USB_Device/App/usb_device.c **** void MX_USB_Device_Init(void)
  67:USB_Device/App/usb_device.c **** {
  27              		.loc 1 67 1 view -0
  28              		.cfi_startproc
  29              		@ args = 0, pretend = 0, frame = 0
  30              		@ frame_needed = 0, uses_anonymous_args = 0
  31 0000 10B5     		push	{r4, lr}
  32              	.LCFI0:
  33              		.cfi_def_cfa_offset 8
  34              		.cfi_offset 4, -8
  35              		.cfi_offset 14, -4
  68:USB_Device/App/usb_device.c ****   /* USER CODE BEGIN USB_Device_Init_PreTreatment */
  69:USB_Device/App/usb_device.c **** 
  70:USB_Device/App/usb_device.c ****   /* USER CODE END USB_Device_Init_PreTreatment */
  71:USB_Device/App/usb_device.c **** 
  72:USB_Device/App/usb_device.c ****   /* Init Device Library, add supported class and start the library. */
  73:USB_Device/App/usb_device.c ****   if (USBD_Init(&hUsbDeviceFS, &CDC_Desc, DEVICE_FS) != USBD_OK) {
  36              		.loc 1 73 3 view .LVU1
  37              		.loc 1 73 7 is_stmt 0 view .LVU2
  38 0002 1249     		ldr	r1, .L10
  39 0004 1248     		ldr	r0, .L10+4
  40 0006 0022     		movs	r2, #0
  41 0008 FFF7FEFF 		bl	USBD_Init
  42              	.LVL0:
ARM GAS  /tmp/ccSRujTC.s 			page 3


  43              		.loc 1 73 6 discriminator 1 view .LVU3
  44 000c 0028     		cmp	r0, #0
  45 000e 11D1     		bne	.L6
  46              	.L2:
  74:USB_Device/App/usb_device.c ****     Error_Handler();
  75:USB_Device/App/usb_device.c ****   }
  76:USB_Device/App/usb_device.c ****   if (USBD_RegisterClass(&hUsbDeviceFS, &USBD_CDC) != USBD_OK) {
  47              		.loc 1 76 3 is_stmt 1 view .LVU4
  48              		.loc 1 76 7 is_stmt 0 view .LVU5
  49 0010 1049     		ldr	r1, .L10+8
  50 0012 0F48     		ldr	r0, .L10+4
  51 0014 FFF7FEFF 		bl	USBD_RegisterClass
  52              	.LVL1:
  53              		.loc 1 76 6 discriminator 1 view .LVU6
  54 0018 0028     		cmp	r0, #0
  55 001a 0ED1     		bne	.L7
  56              	.L3:
  77:USB_Device/App/usb_device.c ****     Error_Handler();
  78:USB_Device/App/usb_device.c ****   }
  79:USB_Device/App/usb_device.c ****   if (USBD_CDC_RegisterInterface(&hUsbDeviceFS, &USBD_Interface_fops_FS) != USBD_OK) {
  57              		.loc 1 79 3 is_stmt 1 view .LVU7
  58              		.loc 1 79 7 is_stmt 0 view .LVU8
  59 001c 0E49     		ldr	r1, .L10+12
  60 001e 0C48     		ldr	r0, .L10+4
  61 0020 FFF7FEFF 		bl	USBD_CDC_RegisterInterface
  62              	.LVL2:
  63              		.loc 1 79 6 discriminator 1 view .LVU9
  64 0024 0028     		cmp	r0, #0
  65 0026 0BD1     		bne	.L8
  66              	.L4:
  80:USB_Device/App/usb_device.c ****     Error_Handler();
  81:USB_Device/App/usb_device.c ****   }
  82:USB_Device/App/usb_device.c ****   if (USBD_Start(&hUsbDeviceFS) != USBD_OK) {
  67              		.loc 1 82 3 is_stmt 1 view .LVU10
  68              		.loc 1 82 7 is_stmt 0 view .LVU11
  69 0028 0948     		ldr	r0, .L10+4
  70 002a FFF7FEFF 		bl	USBD_Start
  71              	.LVL3:
  72              		.loc 1 82 6 discriminator 1 view .LVU12
  73 002e 0028     		cmp	r0, #0
  74 0030 09D1     		bne	.L9
  75              	.L1:
  83:USB_Device/App/usb_device.c ****     Error_Handler();
  84:USB_Device/App/usb_device.c ****   }
  85:USB_Device/App/usb_device.c ****   /* USER CODE BEGIN USB_Device_Init_PostTreatment */
  86:USB_Device/App/usb_device.c **** 
  87:USB_Device/App/usb_device.c ****   /* USER CODE END USB_Device_Init_PostTreatment */
  88:USB_Device/App/usb_device.c **** }
  76              		.loc 1 88 1 view .LVU13
  77              		@ sp needed
  78 0032 10BD     		pop	{r4, pc}
  79              	.L6:
  74:USB_Device/App/usb_device.c ****   }
  80              		.loc 1 74 5 is_stmt 1 view .LVU14
  81 0034 FFF7FEFF 		bl	Error_Handler
  82              	.LVL4:
  83 0038 EAE7     		b	.L2
ARM GAS  /tmp/ccSRujTC.s 			page 4


  84              	.L7:
  77:USB_Device/App/usb_device.c ****   }
  85              		.loc 1 77 5 view .LVU15
  86 003a FFF7FEFF 		bl	Error_Handler
  87              	.LVL5:
  88 003e EDE7     		b	.L3
  89              	.L8:
  80:USB_Device/App/usb_device.c ****   }
  90              		.loc 1 80 5 view .LVU16
  91 0040 FFF7FEFF 		bl	Error_Handler
  92              	.LVL6:
  93 0044 F0E7     		b	.L4
  94              	.L9:
  83:USB_Device/App/usb_device.c ****   }
  95              		.loc 1 83 5 view .LVU17
  96 0046 FFF7FEFF 		bl	Error_Handler
  97              	.LVL7:
  98              		.loc 1 88 1 is_stmt 0 view .LVU18
  99 004a F2E7     		b	.L1
 100              	.L11:
 101              		.align	2
 102              	.L10:
 103 004c 00000000 		.word	CDC_Desc
 104 0050 00000000 		.word	hUsbDeviceFS
 105 0054 00000000 		.word	USBD_CDC
 106 0058 00000000 		.word	USBD_Interface_fops_FS
 107              		.cfi_endproc
 108              	.LFE370:
 110              		.global	hUsbDeviceFS
 111              		.section	.bss.hUsbDeviceFS,"aw",%nobits
 112              		.align	2
 115              	hUsbDeviceFS:
 116 0000 00000000 		.space	732
 116      00000000 
 116      00000000 
 116      00000000 
 116      00000000 
 117              		.text
 118              	.Letext0:
 119              		.file 2 "/usr/lib/gcc/arm-none-eabi/13.2.1/include/stdint.h"
 120              		.file 3 "Middlewares/ST/STM32_USB_Device_Library/Core/Inc/usbd_def.h"
 121              		.file 4 "Middlewares/ST/STM32_USB_Device_Library/Class/CDC/Inc/usbd_cdc.h"
 122              		.file 5 "USB_Device/App/usbd_desc.h"
 123              		.file 6 "USB_Device/App/usbd_cdc_if.h"
 124              		.file 7 "Middlewares/ST/STM32_USB_Device_Library/Core/Inc/usbd_core.h"
 125              		.file 8 "Drivers/STM32G0xx_HAL_Driver/Inc/stm32g0xx_ll_dma.h"
ARM GAS  /tmp/ccSRujTC.s 			page 5


DEFINED SYMBOLS
                            *ABS*:00000000 usb_device.c
     /tmp/ccSRujTC.s:19     .text.MX_USB_Device_Init:00000000 $t
     /tmp/ccSRujTC.s:25     .text.MX_USB_Device_Init:00000000 MX_USB_Device_Init
     /tmp/ccSRujTC.s:103    .text.MX_USB_Device_Init:0000004c $d
     /tmp/ccSRujTC.s:115    .bss.hUsbDeviceFS:00000000 hUsbDeviceFS
     /tmp/ccSRujTC.s:112    .bss.hUsbDeviceFS:00000000 $d

UNDEFINED SYMBOLS
USBD_Init
USBD_RegisterClass
USBD_CDC_RegisterInterface
USBD_Start
Error_Handler
CDC_Desc
USBD_CDC
USBD_Interface_fops_FS
